
semboot_atmega2560_w5100.elf:     file format elf32-avr

Sections:
Idx Name          Size      VMA       LMA       File off  Algn
  0 .data         00000020  00800200  0003eac4  00000b58  2**0
                  CONTENTS, ALLOC, LOAD, DATA
  1 .text         00000ac4  0003e000  0003e000  00000094  2**1
                  CONTENTS, ALLOC, LOAD, READONLY, CODE
  2 .bss          0000000c  00800220  00800220  00000b78  2**0
                  ALLOC
  3 .stab         000008e8  00000000  00000000  00000b78  2**2
                  CONTENTS, READONLY, DEBUGGING
  4 .stabstr      00000199  00000000  00000000  00001460  2**0
                  CONTENTS, READONLY, DEBUGGING
  5 .debug_aranges 000001a0  00000000  00000000  00001600  2**3
                  CONTENTS, READONLY, DEBUGGING
  6 .debug_info   000015f3  00000000  00000000  000017a0  2**0
                  CONTENTS, READONLY, DEBUGGING
  7 .debug_abbrev 000009c4  00000000  00000000  00002d93  2**0
                  CONTENTS, READONLY, DEBUGGING
  8 .debug_line   00000d22  00000000  00000000  00003757  2**0
                  CONTENTS, READONLY, DEBUGGING
  9 .debug_frame  00000414  00000000  00000000  0000447c  2**2
                  CONTENTS, READONLY, DEBUGGING
 10 .debug_str    00000548  00000000  00000000  00004890  2**0
                  CONTENTS, READONLY, DEBUGGING
 11 .debug_loc    000015fc  00000000  00000000  00004dd8  2**0
                  CONTENTS, READONLY, DEBUGGING
 12 .debug_ranges 00000070  00000000  00000000  000063d4  2**0
                  CONTENTS, READONLY, DEBUGGING

Disassembly of section .text:

0003e000 <__vectors>:
   3e000:	8e c0       	rjmp	.+284    	; 0x3e11e <__ctors_end>
   3e002:	00 00       	nop
   3e004:	4d c1       	rjmp	.+666    	; 0x3e2a0 <__bad_interrupt>
   3e006:	00 00       	nop
   3e008:	4b c1       	rjmp	.+662    	; 0x3e2a0 <__bad_interrupt>
   3e00a:	00 00       	nop
   3e00c:	49 c1       	rjmp	.+658    	; 0x3e2a0 <__bad_interrupt>
   3e00e:	00 00       	nop
   3e010:	47 c1       	rjmp	.+654    	; 0x3e2a0 <__bad_interrupt>
   3e012:	00 00       	nop
   3e014:	45 c1       	rjmp	.+650    	; 0x3e2a0 <__bad_interrupt>
   3e016:	00 00       	nop
   3e018:	43 c1       	rjmp	.+646    	; 0x3e2a0 <__bad_interrupt>
   3e01a:	00 00       	nop
   3e01c:	41 c1       	rjmp	.+642    	; 0x3e2a0 <__bad_interrupt>
   3e01e:	00 00       	nop
   3e020:	3f c1       	rjmp	.+638    	; 0x3e2a0 <__bad_interrupt>
   3e022:	00 00       	nop
   3e024:	3d c1       	rjmp	.+634    	; 0x3e2a0 <__bad_interrupt>
   3e026:	00 00       	nop
   3e028:	3b c1       	rjmp	.+630    	; 0x3e2a0 <__bad_interrupt>
   3e02a:	00 00       	nop
   3e02c:	39 c1       	rjmp	.+626    	; 0x3e2a0 <__bad_interrupt>
   3e02e:	00 00       	nop
   3e030:	37 c1       	rjmp	.+622    	; 0x3e2a0 <__bad_interrupt>
   3e032:	00 00       	nop
   3e034:	35 c1       	rjmp	.+618    	; 0x3e2a0 <__bad_interrupt>
   3e036:	00 00       	nop
   3e038:	33 c1       	rjmp	.+614    	; 0x3e2a0 <__bad_interrupt>
   3e03a:	00 00       	nop
   3e03c:	31 c1       	rjmp	.+610    	; 0x3e2a0 <__bad_interrupt>
   3e03e:	00 00       	nop
   3e040:	2f c1       	rjmp	.+606    	; 0x3e2a0 <__bad_interrupt>
   3e042:	00 00       	nop
   3e044:	2d c1       	rjmp	.+602    	; 0x3e2a0 <__bad_interrupt>
   3e046:	00 00       	nop
   3e048:	2b c1       	rjmp	.+598    	; 0x3e2a0 <__bad_interrupt>
   3e04a:	00 00       	nop
   3e04c:	29 c1       	rjmp	.+594    	; 0x3e2a0 <__bad_interrupt>
   3e04e:	00 00       	nop
   3e050:	27 c1       	rjmp	.+590    	; 0x3e2a0 <__bad_interrupt>
   3e052:	00 00       	nop
   3e054:	25 c1       	rjmp	.+586    	; 0x3e2a0 <__bad_interrupt>
   3e056:	00 00       	nop
   3e058:	23 c1       	rjmp	.+582    	; 0x3e2a0 <__bad_interrupt>
   3e05a:	00 00       	nop
   3e05c:	21 c1       	rjmp	.+578    	; 0x3e2a0 <__bad_interrupt>
   3e05e:	00 00       	nop
   3e060:	1f c1       	rjmp	.+574    	; 0x3e2a0 <__bad_interrupt>
   3e062:	00 00       	nop
   3e064:	1d c1       	rjmp	.+570    	; 0x3e2a0 <__bad_interrupt>
   3e066:	00 00       	nop
   3e068:	1b c1       	rjmp	.+566    	; 0x3e2a0 <__bad_interrupt>
   3e06a:	00 00       	nop
   3e06c:	19 c1       	rjmp	.+562    	; 0x3e2a0 <__bad_interrupt>
   3e06e:	00 00       	nop
   3e070:	17 c1       	rjmp	.+558    	; 0x3e2a0 <__bad_interrupt>
   3e072:	00 00       	nop
   3e074:	15 c1       	rjmp	.+554    	; 0x3e2a0 <__bad_interrupt>
   3e076:	00 00       	nop
   3e078:	13 c1       	rjmp	.+550    	; 0x3e2a0 <__bad_interrupt>
   3e07a:	00 00       	nop
   3e07c:	11 c1       	rjmp	.+546    	; 0x3e2a0 <__bad_interrupt>
   3e07e:	00 00       	nop
   3e080:	0f c1       	rjmp	.+542    	; 0x3e2a0 <__bad_interrupt>
   3e082:	00 00       	nop
   3e084:	0d c1       	rjmp	.+538    	; 0x3e2a0 <__bad_interrupt>
   3e086:	00 00       	nop
   3e088:	0b c1       	rjmp	.+534    	; 0x3e2a0 <__bad_interrupt>
   3e08a:	00 00       	nop
   3e08c:	09 c1       	rjmp	.+530    	; 0x3e2a0 <__bad_interrupt>
   3e08e:	00 00       	nop
   3e090:	07 c1       	rjmp	.+526    	; 0x3e2a0 <__bad_interrupt>
   3e092:	00 00       	nop
   3e094:	05 c1       	rjmp	.+522    	; 0x3e2a0 <__bad_interrupt>
   3e096:	00 00       	nop
   3e098:	03 c1       	rjmp	.+518    	; 0x3e2a0 <__bad_interrupt>
   3e09a:	00 00       	nop
   3e09c:	01 c1       	rjmp	.+514    	; 0x3e2a0 <__bad_interrupt>
   3e09e:	00 00       	nop
   3e0a0:	ff c0       	rjmp	.+510    	; 0x3e2a0 <__bad_interrupt>
   3e0a2:	00 00       	nop
   3e0a4:	fd c0       	rjmp	.+506    	; 0x3e2a0 <__bad_interrupt>
   3e0a6:	00 00       	nop
   3e0a8:	fb c0       	rjmp	.+502    	; 0x3e2a0 <__bad_interrupt>
   3e0aa:	00 00       	nop
   3e0ac:	f9 c0       	rjmp	.+498    	; 0x3e2a0 <__bad_interrupt>
   3e0ae:	00 00       	nop
   3e0b0:	f7 c0       	rjmp	.+494    	; 0x3e2a0 <__bad_interrupt>
   3e0b2:	00 00       	nop
   3e0b4:	f5 c0       	rjmp	.+490    	; 0x3e2a0 <__bad_interrupt>
   3e0b6:	00 00       	nop
   3e0b8:	f3 c0       	rjmp	.+486    	; 0x3e2a0 <__bad_interrupt>
   3e0ba:	00 00       	nop
   3e0bc:	f1 c0       	rjmp	.+482    	; 0x3e2a0 <__bad_interrupt>
   3e0be:	00 00       	nop
   3e0c0:	ef c0       	rjmp	.+478    	; 0x3e2a0 <__bad_interrupt>
   3e0c2:	00 00       	nop
   3e0c4:	ed c0       	rjmp	.+474    	; 0x3e2a0 <__bad_interrupt>
   3e0c6:	00 00       	nop
   3e0c8:	eb c0       	rjmp	.+470    	; 0x3e2a0 <__bad_interrupt>
   3e0ca:	00 00       	nop
   3e0cc:	e9 c0       	rjmp	.+466    	; 0x3e2a0 <__bad_interrupt>
   3e0ce:	00 00       	nop
   3e0d0:	e7 c0       	rjmp	.+462    	; 0x3e2a0 <__bad_interrupt>
   3e0d2:	00 00       	nop
   3e0d4:	e5 c0       	rjmp	.+458    	; 0x3e2a0 <__bad_interrupt>
   3e0d6:	00 00       	nop
   3e0d8:	e3 c0       	rjmp	.+454    	; 0x3e2a0 <__bad_interrupt>
   3e0da:	00 00       	nop
   3e0dc:	e1 c0       	rjmp	.+450    	; 0x3e2a0 <__bad_interrupt>
   3e0de:	00 00       	nop
   3e0e0:	df c0       	rjmp	.+446    	; 0x3e2a0 <__bad_interrupt>
	...

0003e0e4 <tftp_invalid_image_packet>:
   3e0e4:	13 00 05 00 00 49 6e 76 61 6c 69 64 20 69 6d 61     .....Invalid ima
   3e0f4:	67 65 20 66 69 6c 65 00                             ge file.

0003e0fc <tftp_unknown_error_packet>:
   3e0fc:	08 00 05 00 00 45 72 72 6f 72 00                    .....Error.

0003e107 <tftp_full_error_packet>:
   3e107:	09 00 05 00 03 46 75 6c 6c 00                       .....Full.

0003e111 <tftp_opcode_error_packet>:
   3e111:	0a 00 05 00 00 4f 70 63 6f 64 65 3f 00              .....Opcode?.

0003e11e <__ctors_end>:
   3e11e:	11 24       	eor	r1, r1
   3e120:	1f be       	out	0x3f, r1	; 63
   3e122:	cf ef       	ldi	r28, 0xFF	; 255
   3e124:	d1 e2       	ldi	r29, 0x21	; 33
   3e126:	de bf       	out	0x3e, r29	; 62
   3e128:	cd bf       	out	0x3d, r28	; 61
   3e12a:	01 e0       	ldi	r16, 0x01	; 1
   3e12c:	0c bf       	out	0x3c, r16	; 60

0003e12e <__do_copy_data>:
   3e12e:	12 e0       	ldi	r17, 0x02	; 2
   3e130:	a0 e0       	ldi	r26, 0x00	; 0
   3e132:	b2 e0       	ldi	r27, 0x02	; 2
   3e134:	e4 ec       	ldi	r30, 0xC4	; 196
   3e136:	fa ee       	ldi	r31, 0xEA	; 234
   3e138:	03 e0       	ldi	r16, 0x03	; 3
   3e13a:	0b bf       	out	0x3b, r16	; 59
   3e13c:	02 c0       	rjmp	.+4      	; 0x3e142 <__do_copy_data+0x14>
   3e13e:	07 90       	elpm	r0, Z+
   3e140:	0d 92       	st	X+, r0
   3e142:	a0 32       	cpi	r26, 0x20	; 32
   3e144:	b1 07       	cpc	r27, r17
   3e146:	d9 f7       	brne	.-10     	; 0x3e13e <__do_copy_data+0x10>
   3e148:	1b be       	out	0x3b, r1	; 59

0003e14a <__do_clear_bss>:
   3e14a:	12 e0       	ldi	r17, 0x02	; 2
   3e14c:	a0 e2       	ldi	r26, 0x20	; 32
   3e14e:	b2 e0       	ldi	r27, 0x02	; 2
   3e150:	01 c0       	rjmp	.+2      	; 0x3e154 <.do_clear_bss_start>

0003e152 <.do_clear_bss_loop>:
   3e152:	1d 92       	st	X+, r1

0003e154 <.do_clear_bss_start>:
   3e154:	ac 32       	cpi	r26, 0x2C	; 44
   3e156:	b1 07       	cpc	r27, r17
   3e158:	e1 f7       	brne	.-8      	; 0x3e152 <.do_clear_bss_loop>
   3e15a:	01 d0       	rcall	.+2      	; 0x3e15e <main>
   3e15c:	b1 c4       	rjmp	.+2402   	; 0x3eac0 <_exit>

0003e15e <main>:

int main(void)
{
	/* Disable the watchdog timer to prevent
	 * eternal reset loop of doom and despair */
	uint8_t ch = MCUSR;
   3e15e:	84 b7       	in	r24, 0x34	; 52
	MCUSR = 0;
   3e160:	14 be       	out	0x34, r1	; 52
	wdt_disable();
   3e162:	98 e1       	ldi	r25, 0x18	; 24
   3e164:	0f b6       	in	r0, 0x3f	; 63
   3e166:	f8 94       	cli
   3e168:	90 93 60 00 	sts	0x0060, r25
   3e16c:	10 92 60 00 	sts	0x0060, r1
   3e170:	0f be       	out	0x3f, r0	; 63
	#else
		//round up by default
		__ticks_dc = (uint32_t)(ceil(fabs(__tmp)));
	#endif

	__builtin_avr_delay_cycles(__ticks_dc);
   3e172:	2f ef       	ldi	r18, 0xFF	; 255
   3e174:	35 ea       	ldi	r19, 0xA5	; 165
   3e176:	4e e0       	ldi	r20, 0x0E	; 14
   3e178:	21 50       	subi	r18, 0x01	; 1
   3e17a:	30 40       	sbci	r19, 0x00	; 0
   3e17c:	40 40       	sbci	r20, 0x00	; 0
   3e17e:	e1 f7       	brne	.-8      	; 0x3e178 <main+0x1a>
   3e180:	00 c0       	rjmp	.+0      	; 0x3e182 <main+0x24>
   3e182:	00 00       	nop

	// Wait to ensure startup of W5100
	_delay_ms(300);
    
    LED_DDR |= _BV(LED);
   3e184:	27 9a       	sbi	0x04, 7	; 4
    LED_DDR |= _BV(PIND4);
   3e186:	24 9a       	sbi	0x04, 4	; 4
    
    if (!(ch & _BV(WDRF))) {  //If power-on occurred, reset after 1 sec
   3e188:	83 fd       	sbrc	r24, 3
   3e18a:	2a c0       	rjmp	.+84     	; 0x3e1e0 <main+0x82>
        
        LED_PORT ^= _BV(LED);
   3e18c:	85 b1       	in	r24, 0x05	; 5
   3e18e:	80 58       	subi	r24, 0x80	; 128
   3e190:	85 b9       	out	0x05, r24	; 5
        //(PINC & (1<<3)
        DDRC = _BV(3);
   3e192:	88 e0       	ldi	r24, 0x08	; 8
   3e194:	87 b9       	out	0x07, r24	; 7
        PORTC = _BV(3); //PINC5 HIGH
   3e196:	88 b9       	out	0x08, r24	; 8
   3e198:	2f ef       	ldi	r18, 0xFF	; 255
   3e19a:	31 ee       	ldi	r19, 0xE1	; 225
   3e19c:	44 e0       	ldi	r20, 0x04	; 4
   3e19e:	21 50       	subi	r18, 0x01	; 1
   3e1a0:	30 40       	sbci	r19, 0x00	; 0
   3e1a2:	40 40       	sbci	r20, 0x00	; 0
   3e1a4:	e1 f7       	brne	.-8      	; 0x3e19e <main+0x40>
   3e1a6:	00 c0       	rjmp	.+0      	; 0x3e1a8 <main+0x4a>
   3e1a8:	00 00       	nop
        _delay_ms(100);
        PORTC = 0b00000000; //PINC5 LOW
   3e1aa:	18 b8       	out	0x08, r1	; 8
   3e1ac:	2f ef       	ldi	r18, 0xFF	; 255
   3e1ae:	39 e6       	ldi	r19, 0x69	; 105
   3e1b0:	48 e1       	ldi	r20, 0x18	; 24
   3e1b2:	21 50       	subi	r18, 0x01	; 1
   3e1b4:	30 40       	sbci	r19, 0x00	; 0
   3e1b6:	40 40       	sbci	r20, 0x00	; 0
   3e1b8:	e1 f7       	brne	.-8      	; 0x3e1b2 <main+0x54>
   3e1ba:	00 c0       	rjmp	.+0      	; 0x3e1bc <main+0x5e>
   3e1bc:	00 00       	nop
        _delay_ms(500);
        PORTC = _BV(3); //PINC5 HIGH
   3e1be:	88 b9       	out	0x08, r24	; 8
   3e1c0:	2f ef       	ldi	r18, 0xFF	; 255
   3e1c2:	31 ee       	ldi	r19, 0xE1	; 225
   3e1c4:	44 e0       	ldi	r20, 0x04	; 4
   3e1c6:	21 50       	subi	r18, 0x01	; 1
   3e1c8:	30 40       	sbci	r19, 0x00	; 0
   3e1ca:	40 40       	sbci	r20, 0x00	; 0
   3e1cc:	e1 f7       	brne	.-8      	; 0x3e1c6 <main+0x68>
   3e1ce:	00 c0       	rjmp	.+0      	; 0x3e1d0 <main+0x72>
   3e1d0:	00 00       	nop
        _delay_ms(100);
        WDTCSR = _BV(WDCE) | _BV(WDE);
   3e1d2:	90 93 60 00 	sts	0x0060, r25
        WDTCSR = _BV(WDP2) | _BV(WDE); //Enable watchdog timeout 125ms
   3e1d6:	8c e0       	ldi	r24, 0x0C	; 12
   3e1d8:	80 93 60 00 	sts	0x0060, r24
        LED_PORT &= ~_BV(LED);
   3e1dc:	2f 98       	cbi	0x05, 7	; 5
   3e1de:	ff cf       	rjmp	.-2      	; 0x3e1de <main+0x80>
	/* This code makes the following assumptions:
	 * No interrupts will execute
	 * SP points to RAMEND
	 * r1 contains zero */
	//cli();
	asm volatile("clr __zero_reg__");
   3e1e0:	11 24       	eor	r1, r1
	// 0x02 -> ClkIO/8 -> 500ns period, 32ms max
	// 0X03 -> ClkIO/64 -> 4us period, 256ms max
	// 0x04 -> ClkIO/256 -> 16us period, 1024ms max
	// 0x05 -> ClkIO/1024 -> 64us period, 4096ms max
	// Set up Timer 1 as timekeeper for LED flashing
	TCCR1B = _BV(CS12) | _BV(CS10); // Same thing as TCCR1B = 0x05;
   3e1e2:	85 e0       	ldi	r24, 0x05	; 5
   3e1e4:	80 93 81 00 	sts	0x0081, r24

	/* Write version information in the EEPROM */
	if(eeprom_read_byte(EEPROM_MAJVER) != ARIADNE_MAJVER)
   3e1e8:	80 e0       	ldi	r24, 0x00	; 0
   3e1ea:	90 e0       	ldi	r25, 0x00	; 0
   3e1ec:	53 d4       	rcall	.+2214   	; 0x3ea94 <__eerd_byte_m2560>
   3e1ee:	88 23       	and	r24, r24
   3e1f0:	21 f0       	breq	.+8      	; 0x3e1fa <main+0x9c>
   3e1f2:	80 e0       	ldi	r24, 0x00	; 0
		eeprom_write_byte(EEPROM_MAJVER, ARIADNE_MAJVER);
   3e1f4:	90 e0       	ldi	r25, 0x00	; 0
   3e1f6:	60 e0       	ldi	r22, 0x00	; 0
   3e1f8:	55 d4       	rcall	.+2218   	; 0x3eaa4 <__eewr_byte_m2560>
   3e1fa:	81 e0       	ldi	r24, 0x01	; 1
   3e1fc:	90 e0       	ldi	r25, 0x00	; 0
	if(eeprom_read_byte(EEPROM_MINVER) != ARIADNE_MINVER)
   3e1fe:	4a d4       	rcall	.+2196   	; 0x3ea94 <__eerd_byte_m2560>
   3e200:	84 30       	cpi	r24, 0x04	; 4
   3e202:	21 f0       	breq	.+8      	; 0x3e20c <main+0xae>
   3e204:	81 e0       	ldi	r24, 0x01	; 1
   3e206:	90 e0       	ldi	r25, 0x00	; 0
   3e208:	64 e0       	ldi	r22, 0x04	; 4
		eeprom_write_byte(EEPROM_MINVER, ARIADNE_MINVER);
   3e20a:	4c d4       	rcall	.+2200   	; 0x3eaa4 <__eewr_byte_m2560>
   3e20c:	4d 9b       	sbis	0x09, 5	; 9
   3e20e:	13 c0       	rjmp	.+38     	; 0x3e236 <main+0xd8>
   3e210:	8e e3       	ldi	r24, 0x3E	; 62
   3e212:	90 e0       	ldi	r25, 0x00	; 0
	
    uint8_t updateFlag = 0;
    
    
    if (!((PIND & (1<<5)) == (1<<5)) ) { //update button pressed and reset to default IP
   3e214:	3f d4       	rcall	.+2174   	; 0x3ea94 <__eerd_byte_m2560>
   3e216:	81 30       	cpi	r24, 0x01	; 1
        LED_PORT &= ~_BV(LEDBLUE);
#endif
#endif

    }
    else if( (eeprom_read_byte(EEPROM_UPDATE_FLAG) == 1) || eeprom_read_byte(EEPROM_IMG_STAT) != EEPROM_IMG_OK_VALUE) {
   3e218:	29 f0       	breq	.+10     	; 0x3e224 <main+0xc6>
   3e21a:	82 e0       	ldi	r24, 0x02	; 2
   3e21c:	90 e0       	ldi	r25, 0x00	; 0
   3e21e:	3a d4       	rcall	.+2164   	; 0x3ea94 <__eerd_byte_m2560>
   3e220:	8e 3e       	cpi	r24, 0xEE	; 238
   3e222:	31 f0       	breq	.+12     	; 0x3e230 <main+0xd2>
   3e224:	8e e3       	ldi	r24, 0x3E	; 62
   3e226:	90 e0       	ldi	r25, 0x00	; 0
   3e228:	60 e0       	ldi	r22, 0x00	; 0
   3e22a:	3c d4       	rcall	.+2168   	; 0x3eaa4 <__eewr_byte_m2560>
   3e22c:	c1 e0       	ldi	r28, 0x01	; 1
   3e22e:	04 c0       	rjmp	.+8      	; 0x3e238 <main+0xda>
        //If the update flag was set from userspace || the button 'default' is being pressed || no valid image has been written => no timeout will occur
 		updateFlag = 1;
 		eeprom_write_byte(EEPROM_UPDATE_FLAG, 0);//Reset update flag so that next reboot normal boot continues
   3e230:	24 d4       	rcall	.+2120   	; 0x3ea7a <appStart>
   3e232:	c0 e0       	ldi	r28, 0x00	; 0
   3e234:	01 c0       	rjmp	.+2      	; 0x3e238 <main+0xda>
   3e236:	c1 e0       	ldi	r28, 0x01	; 1
   3e238:	ad d3       	rcall	.+1882   	; 0x3e994 <serialInit>
#endif

    }
    else if( (eeprom_read_byte(EEPROM_UPDATE_FLAG) == 1) || eeprom_read_byte(EEPROM_IMG_STAT) != EEPROM_IMG_OK_VALUE) {
        //If the update flag was set from userspace || the button 'default' is being pressed || no valid image has been written => no timeout will occur
 		updateFlag = 1;
   3e23a:	94 d0       	rcall	.+296    	; 0x3e364 <spiInit>
 		eeprom_write_byte(EEPROM_UPDATE_FLAG, 0);//Reset update flag so that next reboot normal boot continues
   3e23c:	a0 d0       	rcall	.+320    	; 0x3e37e <netInit>
 	}
    else {
		appStart();
   3e23e:	9b d2       	rcall	.+1334   	; 0x3e776 <tftpInit>
   3e240:	10 92 2a 02 	sts	0x022A, r1
	if(eeprom_read_byte(EEPROM_MAJVER) != ARIADNE_MAJVER)
		eeprom_write_byte(EEPROM_MAJVER, ARIADNE_MAJVER);
	if(eeprom_read_byte(EEPROM_MINVER) != ARIADNE_MINVER)
		eeprom_write_byte(EEPROM_MINVER, ARIADNE_MINVER);
	
    uint8_t updateFlag = 0;
   3e244:	10 92 2b 02 	sts	0x022B, r1
    else {
		appStart();
 	}

	//Initialize UART communication
	serialInit();
   3e248:	d3 e0       	ldi	r29, 0x03	; 3
   3e24a:	cc 24       	eor	r12, r12
		buttonInit();
	)

	/** Initalize SPI communication */
	DBG_MAIN_EX(tracePGMlnMain(mDebugMain_SPI);)
	spiInit();
   3e24c:	dd 24       	eor	r13, r13
   3e24e:	76 01       	movw	r14, r12
	/** Initialize networking */
	DBG_MAIN_EX(tracePGMlnMain(mDebugMain_NET);)
	netInit();
   3e250:	80 91 2a 02 	lds	r24, 0x022A

	// Initialize the UDP socket for tftp
	DBG_MAIN_EX(tracePGMlnMain(mDebugMain_TFTP);)
	tftpInit();
   3e254:	88 23       	and	r24, r24
   3e256:	19 f4       	brne	.+6      	; 0x3e25e <main+0x100>
#if defined(ANNOUNCE)
	DBG_MAIN_EX(tracePGMlnMain(mDebugMain_ANN);)
	announceInit();
#endif

	serialFlashing = FALSE;
   3e258:	b1 d2       	rcall	.+1378   	; 0x3e7bc <tftpPoll>
   3e25a:	88 23       	and	r24, r24
	tftpFlashing = FALSE;
   3e25c:	d1 f0       	breq	.+52     	; 0x3e292 <main+0x134>
   3e25e:	f6 d3       	rcall	.+2028   	; 0x3ea4c <timedOut>
			if(eeprom_read_byte(EEPROM_IMG_STAT) == EEPROM_IMG_OK_VALUE) break;

			//TODO: determine the conditions for reseting server OR reseting socket
			if(tftpFlashing == TRUE) {
				// Delete first page of flash memory
				boot_page_erase(0);
   3e260:	88 23       	and	r24, r24
   3e262:	a9 f0       	breq	.+42     	; 0x3e28e <main+0x130>
   3e264:	c1 30       	cpi	r28, 0x01	; 1
   3e266:	99 f0       	breq	.+38     	; 0x3e28e <main+0x130>
	serialFlashing = FALSE;
	tftpFlashing = FALSE;

	for(;;) {
		// If there is no serial flashing under way, poll tftp
		if(!serialFlashing)
   3e268:	82 e0       	ldi	r24, 0x02	; 2
   3e26a:	90 e0       	ldi	r25, 0x00	; 0
   3e26c:	13 d4       	rcall	.+2086   	; 0x3ea94 <__eerd_byte_m2560>
   3e26e:	8e 3e       	cpi	r24, 0xEE	; 238
			// If tftp recieved a FINAL_ACK, break
			if(tftpPoll() == 0)
   3e270:	81 f0       	breq	.+32     	; 0x3e292 <main+0x134>
   3e272:	80 91 2b 02 	lds	r24, 0x022B
   3e276:	81 30       	cpi	r24, 0x01	; 1
		/* As explained above this goes out */
#if defined(ANNOUNCE)
		announcePoll();
#endif

		if((timedOut()) && !(updateFlag == 1)) {
   3e278:	51 f4       	brne	.+20     	; 0x3e28e <main+0x130>
   3e27a:	f6 01       	movw	r30, r12
   3e27c:	e0 92 5b 00 	sts	0x005B, r14
   3e280:	d0 93 57 00 	sts	0x0057, r29
			if(eeprom_read_byte(EEPROM_IMG_STAT) == EEPROM_IMG_OK_VALUE) break;
   3e284:	e8 95       	spm
   3e286:	77 d2       	rcall	.+1262   	; 0x3e776 <tftpInit>
   3e288:	d8 d3       	rcall	.+1968   	; 0x3ea3a <resetTick>
   3e28a:	10 92 2b 02 	sts	0x022B, r1
   3e28e:	b2 d3       	rcall	.+1892   	; 0x3e9f4 <updateLed>

			//TODO: determine the conditions for reseting server OR reseting socket
			if(tftpFlashing == TRUE) {
   3e290:	df cf       	rjmp	.-66     	; 0x3e250 <main+0xf2>
   3e292:	88 e1       	ldi	r24, 0x18	; 24
   3e294:	80 93 60 00 	sts	0x0060, r24
				// Delete first page of flash memory
				boot_page_erase(0);
   3e298:	8c e0       	ldi	r24, 0x0C	; 12
   3e29a:	80 93 60 00 	sts	0x0060, r24
   3e29e:	ff cf       	rjmp	.-2      	; 0x3e29e <main+0x140>

0003e2a0 <__bad_interrupt>:
   3e2a0:	af ce       	rjmp	.-674    	; 0x3e000 <__vectors>

0003e2a2 <spiWriteReg>:
		tracenum(address);
		tracePGM(mDebugSpi_COMMA);
		tracenum(value);
	)

	SPCR = _BV(SPE) | _BV(MSTR); // Set SPI as master
   3e2a2:	20 e5       	ldi	r18, 0x50	; 80
   3e2a4:	2c bd       	out	0x2c, r18	; 44
	SS_LOW();
   3e2a6:	2c 98       	cbi	0x05, 4	; 5
	SPDR = cb;  //Socket 3 BSB Write 0x6D Selects Socket 3 Register, write mode, 1 byte data length
	while(!(SPSR & _BV(SPIF)));

#else //Standard W5100 Code

	SPDR = SPI_WRITE;
   3e2a8:	20 ef       	ldi	r18, 0xF0	; 240
   3e2aa:	2e bd       	out	0x2e, r18	; 46
	while(!(SPSR & _BV(SPIF)));
   3e2ac:	0d b4       	in	r0, 0x2d	; 45
   3e2ae:	07 fe       	sbrs	r0, 7
   3e2b0:	fd cf       	rjmp	.-6      	; 0x3e2ac <spiWriteReg+0xa>

	SPDR = address >> 8;
   3e2b2:	29 2f       	mov	r18, r25
   3e2b4:	33 27       	eor	r19, r19
   3e2b6:	2e bd       	out	0x2e, r18	; 46
	while(!(SPSR & _BV(SPIF)));
   3e2b8:	0d b4       	in	r0, 0x2d	; 45
   3e2ba:	07 fe       	sbrs	r0, 7
   3e2bc:	fd cf       	rjmp	.-6      	; 0x3e2b8 <spiWriteReg+0x16>

	SPDR = address & 0xff;
   3e2be:	8e bd       	out	0x2e, r24	; 46
	while(!(SPSR & _BV(SPIF)));
   3e2c0:	0d b4       	in	r0, 0x2d	; 45
   3e2c2:	07 fe       	sbrs	r0, 7
   3e2c4:	fd cf       	rjmp	.-6      	; 0x3e2c0 <spiWriteReg+0x1e>

#endif

	SPDR = value;
   3e2c6:	4e bd       	out	0x2e, r20	; 46
	while(!(SPSR & _BV(SPIF)));
   3e2c8:	0d b4       	in	r0, 0x2d	; 45
   3e2ca:	07 fe       	sbrs	r0, 7
   3e2cc:	fd cf       	rjmp	.-6      	; 0x3e2c8 <spiWriteReg+0x26>

	SS_HIGH();
   3e2ce:	2c 9a       	sbi	0x05, 4	; 5
	cb = 0; //prevents compiler whining about unused cb variable
	SPCR = cb; // Turn off SPI	
   3e2d0:	1c bc       	out	0x2c, r1	; 44
	
}
   3e2d2:	08 95       	ret

0003e2d4 <spiWriteWord>:

void spiWriteWord(uint16_t address, uint8_t cb, uint16_t value)
{
   3e2d4:	ef 92       	push	r14
   3e2d6:	ff 92       	push	r15
   3e2d8:	1f 93       	push	r17
   3e2da:	cf 93       	push	r28
   3e2dc:	df 93       	push	r29
   3e2de:	ec 01       	movw	r28, r24
   3e2e0:	16 2f       	mov	r17, r22
   3e2e2:	7a 01       	movw	r14, r20
	// Write uint16_t to Ethernet controller
	spiWriteReg(address++, cb, value >> 8);
   3e2e4:	45 2f       	mov	r20, r21
   3e2e6:	55 27       	eor	r21, r21
   3e2e8:	dc df       	rcall	.-72     	; 0x3e2a2 <spiWriteReg>
   3e2ea:	ce 01       	movw	r24, r28
	spiWriteReg(address, cb, value & 0xff);
   3e2ec:	01 96       	adiw	r24, 0x01	; 1
   3e2ee:	61 2f       	mov	r22, r17
   3e2f0:	4e 2d       	mov	r20, r14
   3e2f2:	d7 df       	rcall	.-82     	; 0x3e2a2 <spiWriteReg>
   3e2f4:	df 91       	pop	r29
   3e2f6:	cf 91       	pop	r28
}
   3e2f8:	1f 91       	pop	r17
   3e2fa:	ff 90       	pop	r15
   3e2fc:	ef 90       	pop	r14
   3e2fe:	08 95       	ret

0003e300 <spiReadReg>:
   3e300:	20 e5       	ldi	r18, 0x50	; 80
   3e302:	2c bd       	out	0x2c, r18	; 44
	)
	#endif

	uint8_t returnValue;

	SPCR = _BV(SPE) | _BV(MSTR);
   3e304:	2c 98       	cbi	0x05, 4	; 5
   3e306:	2f e0       	ldi	r18, 0x0F	; 15
	SS_LOW();
   3e308:	2e bd       	out	0x2e, r18	; 46
	SPDR = cb;  //Socket 3 BSB Read 0x69 Selects Socket 3 Register, read mode, 1 byte data length
	while(!(SPSR & _BV(SPIF)));

#else //Standard W5100 Code

	SPDR = SPI_READ;
   3e30a:	0d b4       	in	r0, 0x2d	; 45
   3e30c:	07 fe       	sbrs	r0, 7
	while(!(SPSR & _BV(SPIF)));
   3e30e:	fd cf       	rjmp	.-6      	; 0x3e30a <spiReadReg+0xa>
   3e310:	29 2f       	mov	r18, r25
   3e312:	33 27       	eor	r19, r19

	SPDR = address >> 8;
   3e314:	2e bd       	out	0x2e, r18	; 46
   3e316:	0d b4       	in	r0, 0x2d	; 45
   3e318:	07 fe       	sbrs	r0, 7
	while(!(SPSR & _BV(SPIF)));
   3e31a:	fd cf       	rjmp	.-6      	; 0x3e316 <spiReadReg+0x16>
   3e31c:	8e bd       	out	0x2e, r24	; 46
   3e31e:	0d b4       	in	r0, 0x2d	; 45

	SPDR = address & 0xff;
   3e320:	07 fe       	sbrs	r0, 7
	while(!(SPSR & _BV(SPIF)));
   3e322:	fd cf       	rjmp	.-6      	; 0x3e31e <spiReadReg+0x1e>
   3e324:	1e bc       	out	0x2e, r1	; 46
   3e326:	0d b4       	in	r0, 0x2d	; 45

#endif

	SPDR = 0;
   3e328:	07 fe       	sbrs	r0, 7
	while(!(SPSR & _BV(SPIF)));
   3e32a:	fd cf       	rjmp	.-6      	; 0x3e326 <spiReadReg+0x26>
   3e32c:	2c 9a       	sbi	0x05, 4	; 5
   3e32e:	8e b5       	in	r24, 0x2e	; 46

	SS_HIGH();
   3e330:	1c bc       	out	0x2c, r1	; 44
	returnValue = SPDR;
   3e332:	08 95       	ret

0003e334 <spiReadWord>:
	
	cb = 0; //prevents compiler whining about unused cb variable
	SPCR = cb; // Turn off SPI
   3e334:	0f 93       	push	r16

	return(returnValue);
}
   3e336:	1f 93       	push	r17

uint16_t spiReadWord(uint16_t address, uint8_t cb)
{
   3e338:	cf 93       	push	r28
   3e33a:	df 93       	push	r29
   3e33c:	ec 01       	movw	r28, r24
   3e33e:	16 2f       	mov	r17, r22
   3e340:	df df       	rcall	.-66     	; 0x3e300 <spiReadReg>
   3e342:	08 2f       	mov	r16, r24
	// Read uint16_t from Ethernet controller
	return((spiReadReg(address, cb) << 8) | spiReadReg(address + 1, cb));
   3e344:	ce 01       	movw	r24, r28
   3e346:	01 96       	adiw	r24, 0x01	; 1
   3e348:	61 2f       	mov	r22, r17
   3e34a:	da df       	rcall	.-76     	; 0x3e300 <spiReadReg>
   3e34c:	20 2f       	mov	r18, r16
   3e34e:	30 e0       	ldi	r19, 0x00	; 0
   3e350:	32 2f       	mov	r19, r18
   3e352:	22 27       	eor	r18, r18
   3e354:	90 e0       	ldi	r25, 0x00	; 0
   3e356:	82 2b       	or	r24, r18
   3e358:	93 2b       	or	r25, r19
   3e35a:	df 91       	pop	r29
   3e35c:	cf 91       	pop	r28
}
   3e35e:	1f 91       	pop	r17
   3e360:	0f 91       	pop	r16
   3e362:	08 95       	ret

0003e364 <spiInit>:
   3e364:	8f e0       	ldi	r24, 0x0F	; 15
   3e366:	85 b9       	out	0x05, r24	; 5
   3e368:	87 e0       	ldi	r24, 0x07	; 7
   3e36a:	84 b9       	out	0x04, r24	; 4
	 * At this stage all pins are set to HIGH. This in fact DISABLES SPI for both Ethernet and SD.
	 * SS pin for ethernet is pulled low just in time for reading or writing data inside those
	 * functions. */

	/** Set SPI pins high */
	SPI_PORT = _BV(SCK) | _BV(MISO) | _BV(MOSI) | _BV(SS);
   3e36c:	2c 9a       	sbi	0x05, 4	; 5
   3e36e:	24 9a       	sbi	0x04, 4	; 4
	/** Set SPI pins as output */
	SPI_DDR = _BV(SCK) | _BV(MOSI) | _BV(SS);
   3e370:	a5 9a       	sbi	0x14, 5	; 20
   3e372:	9d 9a       	sbi	0x13, 5	; 19

	#if (ETH_SS != SS)
	/** Initialize extra SS pin used in some boards (mega) */
	/** Set ethernet SS high */
	ETH_PORT |= _BV(ETH_SS);
   3e374:	2f 9a       	sbi	0x05, 7	; 5
	/** Set ethernet SS as output */
	ETH_DDR |= _BV(ETH_SS);
   3e376:	27 9a       	sbi	0x04, 7	; 4
	#endif

	/** Disable SD card */
	/** Set SD SS pin high */
	SD_PORT |= _BV(SD_SS);
   3e378:	81 e0       	ldi	r24, 0x01	; 1
	/** Set SD SS pin as output */
	SD_DDR |= _BV(SD_SS);
   3e37a:	8d bd       	out	0x2d, r24	; 45

	#if (LED != SCK)
	/** Set up pins to flash the onboard led */
	/** Set led pin to high */
	LED_PORT |= _BV(LED);
   3e37c:	08 95       	ret

0003e37e <netInit>:
	0x55          // TMSR Tx Memory Size Register, 2K per socket
};


void netInit(void)
{
   3e37e:	0f 93       	push	r16
   3e380:	1f 93       	push	r17
   3e382:	cf 93       	push	r28
   3e384:	df 93       	push	r29
	uint8_t i;

	/* Pull in altered network settings, if available,
	 * from AVR EEPROM (if signature bytes are set) */
	if((eeprom_read_byte(EEPROM_SIG_1) == EEPROM_SIG_1_VALUE)
   3e386:	83 e0       	ldi	r24, 0x03	; 3
   3e388:	90 e0       	ldi	r25, 0x00	; 0
   3e38a:	84 d3       	rcall	.+1800   	; 0x3ea94 <__eerd_byte_m2560>
   3e38c:	85 35       	cpi	r24, 0x55	; 85
   3e38e:	91 f4       	brne	.+36     	; 0x3e3b4 <netInit+0x36>
   3e390:	84 e0       	ldi	r24, 0x04	; 4
		&& (eeprom_read_byte(EEPROM_SIG_2) == EEPROM_SIG_2_VALUE)) {
   3e392:	90 e0       	ldi	r25, 0x00	; 0
   3e394:	7f d3       	rcall	.+1790   	; 0x3ea94 <__eerd_byte_m2560>
   3e396:	8a 3a       	cpi	r24, 0xAA	; 170
   3e398:	69 f4       	brne	.+26     	; 0x3e3b4 <netInit+0x36>
   3e39a:	01 e0       	ldi	r16, 0x01	; 1
   3e39c:	12 e0       	ldi	r17, 0x02	; 2
   3e39e:	c5 e0       	ldi	r28, 0x05	; 5
   3e3a0:	d0 e0       	ldi	r29, 0x00	; 0
   3e3a2:	ce 01       	movw	r24, r28
   3e3a4:	77 d3       	rcall	.+1774   	; 0x3ea94 <__eerd_byte_m2560>

		for(i = 0; i < EEPROM_SETTINGS_SIZE; i++)
			registerBuffer[i + 1] = eeprom_read_byte(EEPROM_DATA + i);
   3e3a6:	f8 01       	movw	r30, r16
   3e3a8:	81 93       	st	Z+, r24
   3e3aa:	8f 01       	movw	r16, r30
   3e3ac:	21 96       	adiw	r28, 0x01	; 1
   3e3ae:	c7 31       	cpi	r28, 0x17	; 23
   3e3b0:	d1 05       	cpc	r29, r1
   3e3b2:	b9 f7       	brne	.-18     	; 0x3e3a2 <netInit+0x24>
	/* Pull in altered network settings, if available,
	 * from AVR EEPROM (if signature bytes are set) */
	if((eeprom_read_byte(EEPROM_SIG_1) == EEPROM_SIG_1_VALUE)
		&& (eeprom_read_byte(EEPROM_SIG_2) == EEPROM_SIG_2_VALUE)) {

		for(i = 0; i < EEPROM_SETTINGS_SIZE; i++)
   3e3b4:	00 e0       	ldi	r16, 0x00	; 0
   3e3b6:	12 e0       	ldi	r17, 0x02	; 2
   3e3b8:	c0 e0       	ldi	r28, 0x00	; 0
   3e3ba:	d0 e0       	ldi	r29, 0x00	; 0
   3e3bc:	f8 01       	movw	r30, r16
	uint8_t i;

	/* Pull in altered network settings, if available,
	 * from AVR EEPROM (if signature bytes are set) */
	if((eeprom_read_byte(EEPROM_SIG_1) == EEPROM_SIG_1_VALUE)
		&& (eeprom_read_byte(EEPROM_SIG_2) == EEPROM_SIG_2_VALUE)) {
   3e3be:	41 91       	ld	r20, Z+
   3e3c0:	8f 01       	movw	r16, r30
		}
	)

	/** Configure Wiznet chip. Network settings */
	for(i = 0; i < REGISTER_BLOCK_SIZE; i++)
		spiWriteReg(i, 0, registerBuffer[i]);
   3e3c2:	ce 01       	movw	r24, r28
   3e3c4:	60 e0       	ldi	r22, 0x00	; 0
   3e3c6:	6d df       	rcall	.-294    	; 0x3e2a2 <spiWriteReg>
   3e3c8:	21 96       	adiw	r28, 0x01	; 1
   3e3ca:	cc 31       	cpi	r28, 0x1C	; 28
   3e3cc:	d1 05       	cpc	r29, r1
   3e3ce:	b1 f7       	brne	.-20     	; 0x3e3bc <netInit+0x3e>
   3e3d0:	df 91       	pop	r29
			if(i != 14) putch(0x2E);
		}
	)

	/** Configure Wiznet chip. Network settings */
	for(i = 0; i < REGISTER_BLOCK_SIZE; i++)
   3e3d2:	cf 91       	pop	r28
   3e3d4:	1f 91       	pop	r17
   3e3d6:	0f 91       	pop	r16
		spiWriteReg(i, 0, registerBuffer[i]);


	DBG_NET(tracePGMlnNet(mDebugNet_DONE);)
}
   3e3d8:	08 95       	ret

0003e3da <sockInit>:

uint16_t lastPacket = 0, highPacket = 0;


static void sockInit(uint16_t port)
{
   3e3da:	cf 93       	push	r28
   3e3dc:	df 93       	push	r29
   3e3de:	ec 01       	movw	r28, r24
		tracePGMlnTftp(mDebugTftp_SOCK);
		tracenum(port);
	)


	spiWriteReg(REG_S3_CR, S3_W_CB, CR_CLOSE);
   3e3e0:	81 e0       	ldi	r24, 0x01	; 1
   3e3e2:	97 e0       	ldi	r25, 0x07	; 7
   3e3e4:	6c e6       	ldi	r22, 0x6C	; 108
   3e3e6:	40 e1       	ldi	r20, 0x10	; 16
   3e3e8:	5c df       	rcall	.-328    	; 0x3e2a2 <spiWriteReg>
   3e3ea:	81 e0       	ldi	r24, 0x01	; 1
        while(spiReadReg(REG_S3_CR, S3_R_CB)) {
   3e3ec:	97 e0       	ldi	r25, 0x07	; 7
   3e3ee:	68 e6       	ldi	r22, 0x68	; 104
   3e3f0:	87 df       	rcall	.-242    	; 0x3e300 <spiReadReg>
   3e3f2:	88 23       	and	r24, r24
   3e3f4:	d1 f7       	brne	.-12     	; 0x3e3ea <sockInit+0x10>
   3e3f6:	82 e0       	ldi	r24, 0x02	; 2
   3e3f8:	97 e0       	ldi	r25, 0x07	; 7
        	//wait for command to complete	
        }  
        
	do {
                // Write interrupt
		spiWriteReg(REG_S3_IR, S3_W_CB, 0xFF);
   3e3fa:	6c e6       	ldi	r22, 0x6C	; 108
   3e3fc:	4f ef       	ldi	r20, 0xFF	; 255
   3e3fe:	51 df       	rcall	.-350    	; 0x3e2a2 <spiWriteReg>
   3e400:	80 e0       	ldi	r24, 0x00	; 0
   3e402:	97 e0       	ldi	r25, 0x07	; 7
   3e404:	6c e6       	ldi	r22, 0x6C	; 108
                // Write mode
                spiWriteReg(REG_S3_MR, S3_W_CB, MR_UDP);
   3e406:	42 e0       	ldi	r20, 0x02	; 2
   3e408:	4c df       	rcall	.-360    	; 0x3e2a2 <spiWriteReg>
   3e40a:	84 e0       	ldi	r24, 0x04	; 4
   3e40c:	97 e0       	ldi	r25, 0x07	; 7
   3e40e:	6c e6       	ldi	r22, 0x6C	; 108
   3e410:	ae 01       	movw	r20, r28
                // Write TFTP Port
		spiWriteWord(REG_S3_PORT0, S3_W_CB, port);
   3e412:	60 df       	rcall	.-320    	; 0x3e2d4 <spiWriteWord>
   3e414:	81 e0       	ldi	r24, 0x01	; 1
   3e416:	97 e0       	ldi	r25, 0x07	; 7
   3e418:	6c e6       	ldi	r22, 0x6C	; 108
   3e41a:	41 e0       	ldi	r20, 0x01	; 1
   3e41c:	42 df       	rcall	.-380    	; 0x3e2a2 <spiWriteReg>
		// Open Socket
        	spiWriteReg(REG_S3_CR, S3_W_CB, CR_OPEN);
   3e41e:	81 e0       	ldi	r24, 0x01	; 1
   3e420:	97 e0       	ldi	r25, 0x07	; 7
   3e422:	68 e6       	ldi	r22, 0x68	; 104
   3e424:	6d df       	rcall	.-294    	; 0x3e300 <spiReadReg>
   3e426:	88 23       	and	r24, r24
   3e428:	d1 f7       	brne	.-12     	; 0x3e41e <sockInit+0x44>
        	while(spiReadReg(REG_S3_CR, S3_R_CB)) {
   3e42a:	83 e0       	ldi	r24, 0x03	; 3
   3e42c:	97 e0       	ldi	r25, 0x07	; 7
   3e42e:	68 e6       	ldi	r22, 0x68	; 104
   3e430:	67 df       	rcall	.-306    	; 0x3e300 <spiReadReg>
   3e432:	82 32       	cpi	r24, 0x22	; 34
   3e434:	29 f0       	breq	.+10     	; 0x3e440 <sockInit+0x66>
   3e436:	81 e0       	ldi	r24, 0x01	; 1
        		//wait for command to complete	
 		} 
		// Read Status
		if(spiReadReg(REG_S3_SR, S3_R_CB) != SOCK_UDP)
   3e438:	97 e0       	ldi	r25, 0x07	; 7
   3e43a:	6c e6       	ldi	r22, 0x6C	; 108
   3e43c:	40 e1       	ldi	r20, 0x10	; 16
   3e43e:	31 df       	rcall	.-414    	; 0x3e2a2 <spiWriteReg>
   3e440:	83 e0       	ldi	r24, 0x03	; 3
   3e442:	97 e0       	ldi	r25, 0x07	; 7
   3e444:	68 e6       	ldi	r22, 0x68	; 104
			// Close Socket if it wasn't initialized correctly
			spiWriteReg(REG_S3_CR, S3_W_CB, CR_CLOSE);
   3e446:	5c df       	rcall	.-328    	; 0x3e300 <spiReadReg>
   3e448:	82 32       	cpi	r24, 0x22	; 34
   3e44a:	a9 f6       	brne	.-86     	; 0x3e3f6 <sockInit+0x1c>
   3e44c:	df 91       	pop	r29
   3e44e:	cf 91       	pop	r28
   3e450:	08 95       	ret

0003e452 <processPacket>:


		// If socket correctly opened continue
	} while(spiReadReg(REG_S3_SR, S3_R_CB) != SOCK_UDP);
   3e452:	2f 92       	push	r2
   3e454:	3f 92       	push	r3
   3e456:	4f 92       	push	r4
   3e458:	5f 92       	push	r5
   3e45a:	6f 92       	push	r6
   3e45c:	7f 92       	push	r7
   3e45e:	8f 92       	push	r8
}
   3e460:	9f 92       	push	r9
   3e462:	af 92       	push	r10
   3e464:	bf 92       	push	r11
#if (DEBUG_TFTP > 0)
static uint8_t processPacket(uint16_t packetSize)
#else
static uint8_t processPacket(void)
#endif
{
   3e466:	cf 92       	push	r12
   3e468:	df 92       	push	r13
   3e46a:	ef 92       	push	r14
   3e46c:	ff 92       	push	r15
   3e46e:	0f 93       	push	r16
   3e470:	1f 93       	push	r17
   3e472:	cf 93       	push	r28
   3e474:	df 93       	push	r29
   3e476:	cd b7       	in	r28, 0x3d	; 61
   3e478:	de b7       	in	r29, 0x3e	; 62
   3e47a:	cc 50       	subi	r28, 0x0C	; 12
   3e47c:	d2 40       	sbci	r29, 0x02	; 2
   3e47e:	de bf       	out	0x3e, r29	; 62
   3e480:	cd bf       	out	0x3d, r28	; 61
   3e482:	88 e2       	ldi	r24, 0x28	; 40
   3e484:	97 e0       	ldi	r25, 0x07	; 7
   3e486:	68 e6       	ldi	r22, 0x68	; 104
   3e488:	55 df       	rcall	.-342    	; 0x3e334 <spiReadWord>
   3e48a:	ac 01       	movw	r20, r24
   3e48c:	00 97       	sbiw	r24, 0x00	; 0
   3e48e:	11 f4       	brne	.+4      	; 0x3e494 <processPacket+0x42>
   3e490:	40 e0       	ldi	r20, 0x00	; 0
   3e492:	58 e7       	ldi	r21, 0x78	; 120
   3e494:	fd e0       	ldi	r31, 0x0D	; 13

		DBG_BTN(button();)
	)

	// Read data from chip to buffer
	readPointer = spiReadWord(REG_S3_RX_RD0, S3_R_CB);
   3e496:	cf 2e       	mov	r12, r31
   3e498:	f2 e0       	ldi	r31, 0x02	; 2
   3e49a:	df 2e       	mov	r13, r31
   3e49c:	cc 0e       	add	r12, r28
   3e49e:	dd 1e       	adc	r13, r29
   3e4a0:	7e 01       	movw	r14, r28

	if(readPointer == 0) readPointer = 0x0000;

#else

	if(readPointer == 0) readPointer += S3_RX_START;
   3e4a2:	08 94       	sec
   3e4a4:	e1 1c       	adc	r14, r1
   3e4a6:	f1 1c       	adc	r15, r1
   3e4a8:	10 c0       	rjmp	.+32     	; 0x3e4ca <processPacket+0x78>


#if (DEBUG_TFTP > 0)
static uint8_t processPacket(uint16_t packetSize)
#else
static uint8_t processPacket(void)
   3e4aa:	8a 01       	movw	r16, r20
   3e4ac:	0f 5f       	subi	r16, 0xFF	; 255
   3e4ae:	1f 4f       	sbci	r17, 0xFF	; 255
   3e4b0:	ca 01       	movw	r24, r20
   3e4b2:	60 e0       	ldi	r22, 0x00	; 0
   3e4b4:	25 df       	rcall	.-438    	; 0x3e300 <spiReadReg>
   3e4b6:	d7 01       	movw	r26, r14
   3e4b8:	8d 93       	st	X+, r24
   3e4ba:	7d 01       	movw	r14, r26
   3e4bc:	b0 e8       	ldi	r27, 0x80	; 128
   3e4be:	00 30       	cpi	r16, 0x00	; 0
		*bufPtr++ = spiReadReg(readPointer++, S3_RXBUF_CB);

		if(readPointer == 0xFFFF) readPointer = 0x0000; //changed 0c0800 to 0xFFFF, fixes a 4th packet retransmit bug. upload speed changed from 500sec to 90sec for 100kb program
#else

		*bufPtr++ = spiReadReg(readPointer++, 0);
   3e4c0:	1b 07       	cpc	r17, r27
   3e4c2:	11 f4       	brne	.+4      	; 0x3e4c8 <processPacket+0x76>
   3e4c4:	00 e0       	ldi	r16, 0x00	; 0
   3e4c6:	18 e7       	ldi	r17, 0x78	; 120
   3e4c8:	a8 01       	movw	r20, r16
   3e4ca:	ec 14       	cp	r14, r12
   3e4cc:	fd 04       	cpc	r15, r13
   3e4ce:	69 f7       	brne	.-38     	; 0x3e4aa <processPacket+0x58>
   3e4d0:	88 e2       	ldi	r24, 0x28	; 40
   3e4d2:	97 e0       	ldi	r25, 0x07	; 7

		if(readPointer == S3_RX_END) readPointer = S3_RX_START;
   3e4d4:	6c e6       	ldi	r22, 0x6C	; 108
   3e4d6:	fe de       	rcall	.-516    	; 0x3e2d4 <spiWriteWord>
   3e4d8:	81 e0       	ldi	r24, 0x01	; 1
   3e4da:	97 e0       	ldi	r25, 0x07	; 7
   3e4dc:	6c e6       	ldi	r22, 0x6C	; 108
   3e4de:	40 e4       	ldi	r20, 0x40	; 64


#if (DEBUG_TFTP > 0)
static uint8_t processPacket(uint16_t packetSize)
#else
static uint8_t processPacket(void)
   3e4e0:	e0 de       	rcall	.-576    	; 0x3e2a2 <spiWriteReg>

	if(readPointer == 0) readPointer += S3_RX_START;

#endif

	for(count = TFTP_PACKET_MAX_SIZE; count--;) {
   3e4e2:	81 e0       	ldi	r24, 0x01	; 1
   3e4e4:	97 e0       	ldi	r25, 0x07	; 7
   3e4e6:	68 e6       	ldi	r22, 0x68	; 104

#endif

	}

	spiWriteWord(REG_S3_RX_RD0, S3_W_CB, readPointer);     // Write back new pointer
   3e4e8:	0b df       	rcall	.-490    	; 0x3e300 <spiReadReg>
   3e4ea:	88 23       	and	r24, r24
   3e4ec:	d1 f7       	brne	.-12     	; 0x3e4e2 <processPacket+0x90>
   3e4ee:	8e 01       	movw	r16, r28
   3e4f0:	0f 5f       	subi	r16, 0xFF	; 255
	spiWriteReg(REG_S3_CR, S3_W_CB, CR_RECV);
   3e4f2:	1f 4f       	sbci	r17, 0xFF	; 255
   3e4f4:	ec e0       	ldi	r30, 0x0C	; 12
   3e4f6:	ee 2e       	mov	r14, r30
   3e4f8:	e7 e0       	ldi	r30, 0x07	; 7
   3e4fa:	fe 2e       	mov	r15, r30
   3e4fc:	f8 01       	movw	r30, r16

	while(spiReadReg(REG_S3_CR, S3_R_CB));
   3e4fe:	41 91       	ld	r20, Z+
   3e500:	8f 01       	movw	r16, r30
   3e502:	c7 01       	movw	r24, r14
   3e504:	6c e6       	ldi	r22, 0x6C	; 108
   3e506:	cd de       	rcall	.-614    	; 0x3e2a2 <spiWriteReg>
   3e508:	08 94       	sec
   3e50a:	e1 1c       	adc	r14, r1
   3e50c:	f1 1c       	adc	r15, r1
   3e50e:	f2 e1       	ldi	r31, 0x12	; 18
   3e510:	ef 16       	cp	r14, r31
   3e512:	f7 e0       	ldi	r31, 0x07	; 7
   3e514:	ff 06       	cpc	r15, r31
   3e516:	91 f7       	brne	.-28     	; 0x3e4fc <processPacket+0xaa>
   3e518:	ef 80       	ldd	r14, Y+7	; 0x07
	)

	// Set up return IP address and port
	uint8_t i;

	for(i = 0; i < 6; i++) spiWriteReg(REG_S3_DIPR0 + i, S3_W_CB, buffer[i]);
   3e51a:	ff 24       	eor	r15, r15
   3e51c:	fe 2c       	mov	r15, r14
   3e51e:	ee 24       	eor	r14, r14
   3e520:	88 85       	ldd	r24, Y+8	; 0x08
   3e522:	e8 0e       	add	r14, r24
   3e524:	f1 1c       	adc	r15, r1
   3e526:	89 85       	ldd	r24, Y+9	; 0x09
   3e528:	90 e0       	ldi	r25, 0x00	; 0
   3e52a:	98 2f       	mov	r25, r24
   3e52c:	88 27       	eor	r24, r24
   3e52e:	2a 85       	ldd	r18, Y+10	; 0x0a
   3e530:	82 0f       	add	r24, r18
   3e532:	91 1d       	adc	r25, r1
   3e534:	0b 85       	ldd	r16, Y+11	; 0x0b
   3e536:	10 e0       	ldi	r17, 0x00	; 0

	DBG_TFTP(tracePGMlnTftp(mDebugTftp_RADDR);)

	// Parse packet
	uint16_t tftpDataLen = (buffer[6] << 8) + buffer[7];
   3e538:	10 2f       	mov	r17, r16
   3e53a:	00 27       	eor	r16, r16
   3e53c:	2c 85       	ldd	r18, Y+12	; 0x0c
   3e53e:	02 0f       	add	r16, r18
   3e540:	11 1d       	adc	r17, r1
   3e542:	83 30       	cpi	r24, 0x03	; 3
   3e544:	91 05       	cpc	r25, r1
	uint16_t tftpOpcode  = (buffer[8] << 8) + buffer[9];
   3e546:	91 f4       	brne	.+36     	; 0x3e56c <processPacket+0x11a>
   3e548:	21 e0       	ldi	r18, 0x01	; 1
   3e54a:	09 3f       	cpi	r16, 0xF9	; 249
   3e54c:	12 07       	cpc	r17, r18
   3e54e:	60 f4       	brcc	.+24     	; 0x3e568 <processPacket+0x116>
   3e550:	20 91 20 02 	lds	r18, 0x0220
	uint16_t tftpBlock   = (buffer[10] << 8) + buffer[11];
   3e554:	30 91 21 02 	lds	r19, 0x0221
   3e558:	02 17       	cp	r16, r18
   3e55a:	13 07       	cpc	r17, r19
   3e55c:	28 f0       	brcs	.+10     	; 0x3e568 <processPacket+0x116>
   3e55e:	2f 5f       	subi	r18, 0xFF	; 255
   3e560:	3f 4f       	sbci	r19, 0xFF	; 255
		tracenum(tftpOpcode);
		tracePGM(mDebugTftp_DLEN);
		tracenum(tftpDataLen - (TFTP_OPCODE_SIZE + TFTP_BLOCKNO_SIZE));
	)

	if((tftpOpcode == TFTP_OPCODE_DATA)
   3e562:	20 17       	cp	r18, r16
   3e564:	31 07       	cpc	r19, r17
   3e566:	10 f4       	brcc	.+4      	; 0x3e56c <processPacket+0x11a>
		&& ((tftpBlock > MAX_ADDR / 0x200) || (tftpBlock < highPacket) || (tftpBlock > highPacket + 1)))
   3e568:	80 e0       	ldi	r24, 0x00	; 0
   3e56a:	90 e0       	ldi	r25, 0x00	; 0
   3e56c:	a5 e0       	ldi	r26, 0x05	; 5
   3e56e:	ea 16       	cp	r14, r26
   3e570:	a2 e0       	ldi	r26, 0x02	; 2
   3e572:	fa 06       	cpc	r15, r26
   3e574:	08 f0       	brcs	.+2      	; 0x3e578 <processPacket+0x126>
   3e576:	dd c0       	rjmp	.+442    	; 0x3e732 <processPacket+0x2e0>
   3e578:	83 30       	cpi	r24, 0x03	; 3
   3e57a:	91 05       	cpc	r25, r1
   3e57c:	29 f1       	breq	.+74     	; 0x3e5c8 <processPacket+0x176>
   3e57e:	84 30       	cpi	r24, 0x04	; 4
   3e580:	91 05       	cpc	r25, r1
   3e582:	48 f4       	brcc	.+18     	; 0x3e596 <processPacket+0x144>
   3e584:	81 30       	cpi	r24, 0x01	; 1
   3e586:	91 05       	cpc	r25, r1
		tftpOpcode = TFTP_OPCODE_UKN;
   3e588:	09 f4       	brne	.+2      	; 0x3e58c <processPacket+0x13a>
   3e58a:	da c0       	rjmp	.+436    	; 0x3e740 <processPacket+0x2ee>

	if(tftpDataLen > (0x200 + TFTP_OPCODE_SIZE + TFTP_BLOCKNO_SIZE))
   3e58c:	82 30       	cpi	r24, 0x02	; 2
   3e58e:	91 05       	cpc	r25, r1
   3e590:	09 f0       	breq	.+2      	; 0x3e594 <processPacket+0x142>
   3e592:	cf c0       	rjmp	.+414    	; 0x3e732 <processPacket+0x2e0>
   3e594:	05 c0       	rjmp	.+10     	; 0x3e5a0 <processPacket+0x14e>
   3e596:	86 30       	cpi	r24, 0x06	; 6

	uint8_t returnCode = ERROR_UNKNOWN;
	uint16_t packetLength;


	switch(tftpOpcode) {
   3e598:	91 05       	cpc	r25, r1
   3e59a:	08 f0       	brcs	.+2      	; 0x3e59e <processPacket+0x14c>
   3e59c:	ca c0       	rjmp	.+404    	; 0x3e732 <processPacket+0x2e0>
   3e59e:	d0 c0       	rjmp	.+416    	; 0x3e740 <processPacket+0x2ee>
   3e5a0:	4c d2       	rcall	.+1176   	; 0x3ea3a <resetTick>
   3e5a2:	82 e0       	ldi	r24, 0x02	; 2
   3e5a4:	90 e0       	ldi	r25, 0x00	; 0
   3e5a6:	6f ef       	ldi	r22, 0xFF	; 255
   3e5a8:	7d d2       	rcall	.+1274   	; 0x3eaa4 <__eewr_byte_m2560>
   3e5aa:	80 91 28 02 	lds	r24, 0x0228
   3e5ae:	90 91 29 02 	lds	r25, 0x0229
   3e5b2:	13 df       	rcall	.-474    	; 0x3e3da <sockInit>
   3e5b4:	10 92 21 02 	sts	0x0221, r1
   3e5b8:	10 92 20 02 	sts	0x0220, r1
   3e5bc:	10 92 23 02 	sts	0x0223, r1
			DBG_TFTP(tracePGMlnTftp(mDebugTftp_OPRRQ);)
			break;

		case TFTP_OPCODE_WRQ: // Write request
			// Valid WRQ -> reset timer
			resetTick();
   3e5c0:	10 92 22 02 	sts	0x0222, r1

			DBG_TFTP(tracePGMlnTftp(mDebugTftp_OPWRQ);)

			// Flagging image as invalid since the flashing process has started
			eeprom_write_byte(EEPROM_IMG_STAT, EEPROM_IMG_BAD_VALUE);
   3e5c4:	02 e0       	ldi	r16, 0x02	; 2
   3e5c6:	bf c0       	rjmp	.+382    	; 0x3e746 <processPacket+0x2f4>
   3e5c8:	38 d2       	rcall	.+1136   	; 0x3ea3a <resetTick>
   3e5ca:	9c ef       	ldi	r25, 0xFC	; 252
   3e5cc:	89 2e       	mov	r8, r25

#if defined(RANDOM_TFTP_DATA_PORT)
			sockInit((buffer[4] << 8) | ~buffer[5]); // Generate a 'random' TID (RFC1350)
#else
			sockInit(tftpTransferPort);
   3e5ce:	9f ef       	ldi	r25, 0xFF	; 255
   3e5d0:	99 2e       	mov	r9, r25
   3e5d2:	8e 0c       	add	r8, r14
   3e5d4:	9f 1c       	adc	r9, r15
   3e5d6:	10 93 23 02 	sts	0x0223, r17
#else
				tracenum(tftpTransferPort);
#endif
			)

			lastPacket = highPacket = 0;
   3e5da:	00 93 22 02 	sts	0x0222, r16
   3e5de:	01 50       	subi	r16, 0x01	; 1
   3e5e0:	10 40       	sbci	r17, 0x00	; 0
   3e5e2:	68 01       	movw	r12, r16
   3e5e4:	ee 24       	eor	r14, r14
   3e5e6:	ff 24       	eor	r15, r15
   3e5e8:	29 e0       	ldi	r18, 0x09	; 9
			returnCode = ACK; // Send back acknowledge for packet 0
   3e5ea:	cc 0c       	add	r12, r12
			break;
   3e5ec:	dd 1c       	adc	r13, r13

		case TFTP_OPCODE_DATA:
			// Valid Data Packet -> reset timer
			resetTick();
   3e5ee:	ee 1c       	adc	r14, r14
   3e5f0:	ff 1c       	adc	r15, r15

			DBG_TFTP(tracePGMlnTftp(mDebugTftp_OPDATA);)

			packetLength = tftpDataLen - (TFTP_OPCODE_SIZE + TFTP_BLOCKNO_SIZE);
   3e5f2:	2a 95       	dec	r18
   3e5f4:	d1 f7       	brne	.-12     	; 0x3e5ea <processPacket+0x198>
   3e5f6:	8f ef       	ldi	r24, 0xFF	; 255
   3e5f8:	9f ef       	ldi	r25, 0xFF	; 255
   3e5fa:	a0 e0       	ldi	r26, 0x00	; 0
   3e5fc:	b0 e0       	ldi	r27, 0x00	; 0
			lastPacket = tftpBlock;
   3e5fe:	c8 22       	and	r12, r24
   3e600:	d9 22       	and	r13, r25
   3e602:	ea 22       	and	r14, r26
   3e604:	fb 22       	and	r15, r27
#if defined(RAMPZ)
			writeAddr = (((address_t)((tftpBlock - 1)/0x80) << 16) | ((address_t)((tftpBlock - 1)%0x80) << 9));
   3e606:	00 0f       	add	r16, r16
   3e608:	01 2f       	mov	r16, r17
   3e60a:	00 1f       	adc	r16, r16
   3e60c:	11 0b       	sbc	r17, r17
   3e60e:	11 95       	neg	r17
   3e610:	20 e0       	ldi	r18, 0x00	; 0
   3e612:	30 e0       	ldi	r19, 0x00	; 0
   3e614:	98 01       	movw	r18, r16
   3e616:	11 27       	eor	r17, r17
   3e618:	00 27       	eor	r16, r16
   3e61a:	c0 2a       	or	r12, r16
   3e61c:	d1 2a       	or	r13, r17
   3e61e:	e2 2a       	or	r14, r18
   3e620:	f3 2a       	or	r15, r19
   3e622:	c4 01       	movw	r24, r8
   3e624:	a0 e0       	ldi	r26, 0x00	; 0
   3e626:	b0 e0       	ldi	r27, 0x00	; 0
   3e628:	8c 0d       	add	r24, r12
   3e62a:	9d 1d       	adc	r25, r13
   3e62c:	ae 1d       	adc	r26, r14
   3e62e:	bf 1d       	adc	r27, r15
   3e630:	81 30       	cpi	r24, 0x01	; 1
   3e632:	e0 ef       	ldi	r30, 0xF0	; 240
   3e634:	9e 07       	cpc	r25, r30
   3e636:	e3 e0       	ldi	r30, 0x03	; 3
   3e638:	ae 07       	cpc	r26, r30
   3e63a:	e0 e0       	ldi	r30, 0x00	; 0
   3e63c:	be 07       	cpc	r27, r30
   3e63e:	08 f0       	brcs	.+2      	; 0x3e642 <processPacket+0x1f0>
   3e640:	81 c0       	rjmp	.+258    	; 0x3e744 <processPacket+0x2f2>
   3e642:	f0 e0       	ldi	r31, 0x00	; 0
   3e644:	8f 16       	cp	r8, r31
   3e646:	f2 e0       	ldi	r31, 0x02	; 2
   3e648:	9f 06       	cpc	r9, r31
#else
			writeAddr = (address_t)((address_t)(tftpBlock - 1) << 9); // Flash write address for this block
#endif

			if((writeAddr + packetLength) > MAX_ADDR) {
   3e64a:	10 f4       	brcc	.+4      	; 0x3e650 <processPacket+0x1fe>
   3e64c:	04 e0       	ldi	r16, 0x04	; 4
   3e64e:	05 c0       	rjmp	.+10     	; 0x3e65a <processPacket+0x208>
   3e650:	02 e0       	ldi	r16, 0x02	; 2
   3e652:	03 c0       	rjmp	.+6      	; 0x3e65a <processPacket+0x208>
   3e654:	08 94       	sec
   3e656:	81 1c       	adc	r8, r1
   3e658:	91 1c       	adc	r9, r1
   3e65a:	88 20       	and	r8, r8
   3e65c:	d9 f7       	brne	.-10     	; 0x3e654 <processPacket+0x202>
   3e65e:	c1 14       	cp	r12, r1
   3e660:	d1 04       	cpc	r13, r1
   3e662:	e1 04       	cpc	r14, r1
   3e664:	f1 04       	cpc	r15, r1
   3e666:	19 f4       	brne	.+6      	; 0x3e66e <processPacket+0x21c>
   3e668:	ce 01       	movw	r24, r28
				uint8_t* pageBase = buffer + (UDP_HEADER_SIZE + TFTP_OPCODE_SIZE + TFTP_BLOCKNO_SIZE); // Start of block data
				uint16_t offset = 0; // Block offset


				// Set the return code before packetLength gets rounded up
				if(packetLength < TFTP_DATA_SIZE) returnCode = FINAL_ACK;
   3e66a:	0d 96       	adiw	r24, 0x0d	; 13
   3e66c:	81 d1       	rcall	.+770    	; 0x3e970 <validImage>
   3e66e:	fe e0       	ldi	r31, 0x0E	; 14
   3e670:	af 2e       	mov	r10, r31
   3e672:	b1 2c       	mov	r11, r1
   3e674:	ac 0e       	add	r10, r28
   3e676:	bd 1e       	adc	r11, r29
				else returnCode = ACK;
   3e678:	20 e0       	ldi	r18, 0x00	; 0
   3e67a:	30 e0       	ldi	r19, 0x00	; 0

				// Round up packet length to a full flash sector size
				while(packetLength % SPM_PAGESIZE) packetLength++;
   3e67c:	11 e0       	ldi	r17, 0x01	; 1
   3e67e:	41 2c       	mov	r4, r1
   3e680:	af ef       	ldi	r26, 0xFF	; 255
   3e682:	5a 2e       	mov	r5, r26
   3e684:	af ef       	ldi	r26, 0xFF	; 255
				DBG_TFTP(
					tracePGMlnTftp(mDebugTftp_PLEN);
					tracenum(packetLength);
				)

				if(writeAddr == 0) {
   3e686:	6a 2e       	mov	r6, r26
   3e688:	af ef       	ldi	r26, 0xFF	; 255
   3e68a:	7a 2e       	mov	r7, r26
   3e68c:	4c 0c       	add	r4, r12
   3e68e:	5d 1c       	adc	r5, r13
					// First sector - validate
					if(!validImage(pageBase)) {
   3e690:	6e 1c       	adc	r6, r14
   3e692:	7f 1c       	adc	r7, r15
   3e694:	b3 e0       	ldi	r27, 0x03	; 3
   3e696:	3b 2e       	mov	r3, r27
   3e698:	85 e0       	ldi	r24, 0x05	; 5
   3e69a:	28 2e       	mov	r2, r24
   3e69c:	3f c0       	rjmp	.+126    	; 0x3e71c <processPacket+0x2ca>
   3e69e:	a9 01       	movw	r20, r18
   3e6a0:	60 e0       	ldi	r22, 0x00	; 0
					}
				}

				// Flash packets
				uint16_t writeValue;
				for(offset = 0; offset < packetLength;) {
   3e6a2:	70 e0       	ldi	r23, 0x00	; 0
   3e6a4:	4c 0d       	add	r20, r12
					writeValue = (pageBase[offset]) | (pageBase[offset + 1] << 8);
					boot_page_fill(writeAddr + offset, writeValue);
   3e6a6:	5d 1d       	adc	r21, r13
					)

					offset += 2;

					if(offset % SPM_PAGESIZE == 0) {
						boot_page_erase(writeAddr + offset - SPM_PAGESIZE);
   3e6a8:	6e 1d       	adc	r22, r14
   3e6aa:	7f 1d       	adc	r23, r15
   3e6ac:	d5 01       	movw	r26, r10
   3e6ae:	8c 91       	ld	r24, X
   3e6b0:	90 e0       	ldi	r25, 0x00	; 0
   3e6b2:	b8 2f       	mov	r27, r24
   3e6b4:	aa 27       	eor	r26, r26
   3e6b6:	f5 01       	movw	r30, r10
   3e6b8:	31 97       	sbiw	r30, 0x01	; 1
   3e6ba:	80 81       	ld	r24, Z
   3e6bc:	90 e0       	ldi	r25, 0x00	; 0
   3e6be:	a8 2b       	or	r26, r24
   3e6c0:	b9 2b       	or	r27, r25
						boot_spm_busy_wait();
						boot_page_write(writeAddr + offset - SPM_PAGESIZE);
   3e6c2:	0d 01       	movw	r0, r26
   3e6c4:	fa 01       	movw	r30, r20
					}
				}

				// Flash packets
				uint16_t writeValue;
				for(offset = 0; offset < packetLength;) {
   3e6c6:	60 93 5b 00 	sts	0x005B, r22
					writeValue = (pageBase[offset]) | (pageBase[offset + 1] << 8);
					boot_page_fill(writeAddr + offset, writeValue);
   3e6ca:	10 93 57 00 	sts	0x0057, r17
   3e6ce:	e8 95       	spm
   3e6d0:	11 24       	eor	r1, r1
   3e6d2:	2e 5f       	subi	r18, 0xFE	; 254
   3e6d4:	3f 4f       	sbci	r19, 0xFF	; 255
				}

				// Flash packets
				uint16_t writeValue;
				for(offset = 0; offset < packetLength;) {
					writeValue = (pageBase[offset]) | (pageBase[offset + 1] << 8);
   3e6d6:	22 23       	and	r18, r18
   3e6d8:	e9 f4       	brne	.+58     	; 0x3e714 <processPacket+0x2c2>
   3e6da:	c9 01       	movw	r24, r18
   3e6dc:	a0 e0       	ldi	r26, 0x00	; 0
   3e6de:	b0 e0       	ldi	r27, 0x00	; 0


#if (DEBUG_TFTP > 0)
static uint8_t processPacket(uint16_t packetSize)
#else
static uint8_t processPacket(void)
   3e6e0:	84 0d       	add	r24, r4
   3e6e2:	95 1d       	adc	r25, r5
				}

				// Flash packets
				uint16_t writeValue;
				for(offset = 0; offset < packetLength;) {
					writeValue = (pageBase[offset]) | (pageBase[offset + 1] << 8);
   3e6e4:	a6 1d       	adc	r26, r6
   3e6e6:	b7 1d       	adc	r27, r7
   3e6e8:	fc 01       	movw	r30, r24
   3e6ea:	a0 93 5b 00 	sts	0x005B, r26
					boot_page_fill(writeAddr + offset, writeValue);
   3e6ee:	30 92 57 00 	sts	0x0057, r3
   3e6f2:	e8 95       	spm
   3e6f4:	07 b6       	in	r0, 0x37	; 55
   3e6f6:	00 fc       	sbrc	r0, 0
   3e6f8:	fd cf       	rjmp	.-6      	; 0x3e6f4 <processPacket+0x2a2>
   3e6fa:	fc 01       	movw	r30, r24
							tracePGM(mDebugTftp_OFFSET);
							tracenum(writeAddr + offset);
						}
					)

					offset += 2;
   3e6fc:	a0 93 5b 00 	sts	0x005B, r26

					if(offset % SPM_PAGESIZE == 0) {
   3e700:	20 92 57 00 	sts	0x0057, r2
						boot_page_erase(writeAddr + offset - SPM_PAGESIZE);
   3e704:	e8 95       	spm
   3e706:	07 b6       	in	r0, 0x37	; 55
   3e708:	00 fc       	sbrc	r0, 0
   3e70a:	fd cf       	rjmp	.-6      	; 0x3e706 <processPacket+0x2b4>
   3e70c:	b1 e1       	ldi	r27, 0x11	; 17
   3e70e:	b0 93 57 00 	sts	0x0057, r27
   3e712:	e8 95       	spm
   3e714:	e2 e0       	ldi	r30, 0x02	; 2
   3e716:	f0 e0       	ldi	r31, 0x00	; 0
   3e718:	ae 0e       	add	r10, r30
   3e71a:	bf 1e       	adc	r11, r31
   3e71c:	28 15       	cp	r18, r8
						boot_spm_busy_wait();
   3e71e:	39 05       	cpc	r19, r9
   3e720:	08 f4       	brcc	.+2      	; 0x3e724 <processPacket+0x2d2>
   3e722:	bd cf       	rjmp	.-134    	; 0x3e69e <processPacket+0x24c>
						boot_page_write(writeAddr + offset - SPM_PAGESIZE);
   3e724:	04 30       	cpi	r16, 0x04	; 4
   3e726:	79 f4       	brne	.+30     	; 0x3e746 <processPacket+0x2f4>
   3e728:	82 e0       	ldi	r24, 0x02	; 2
   3e72a:	90 e0       	ldi	r25, 0x00	; 0
   3e72c:	6e ee       	ldi	r22, 0xEE	; 238
   3e72e:	ba d1       	rcall	.+884    	; 0x3eaa4 <__eewr_byte_m2560>
						boot_spm_busy_wait();
   3e730:	0a c0       	rjmp	.+20     	; 0x3e746 <processPacket+0x2f4>
   3e732:	80 91 28 02 	lds	r24, 0x0228
#if defined(RWWSRE)
						// Reenable read access to flash
						boot_rww_enable();
   3e736:	90 91 29 02 	lds	r25, 0x0229
   3e73a:	4f de       	rcall	.-866    	; 0x3e3da <sockInit>
   3e73c:	01 e0       	ldi	r16, 0x01	; 1
   3e73e:	03 c0       	rjmp	.+6      	; 0x3e746 <processPacket+0x2f4>
   3e740:	00 e0       	ldi	r16, 0x00	; 0
   3e742:	01 c0       	rjmp	.+2      	; 0x3e746 <processPacket+0x2f4>
   3e744:	03 e0       	ldi	r16, 0x03	; 3
					}
				}

				// Flash packets
				uint16_t writeValue;
				for(offset = 0; offset < packetLength;) {
   3e746:	80 2f       	mov	r24, r16
   3e748:	c4 5f       	subi	r28, 0xF4	; 244
   3e74a:	dd 4f       	sbci	r29, 0xFD	; 253
   3e74c:	de bf       	out	0x3e, r29	; 62
						boot_rww_enable();
#endif
					}
				}

				if(returnCode == FINAL_ACK) {
   3e74e:	cd bf       	out	0x3d, r28	; 61
   3e750:	df 91       	pop	r29
					// Hand over to application

					DBG_TFTP(tracePGMlnTftp(mDebugTftp_DONE);)

					// Flag the image as valid since we received the last packet
					eeprom_write_byte(EEPROM_IMG_STAT, EEPROM_IMG_OK_VALUE);
   3e752:	cf 91       	pop	r28
   3e754:	1f 91       	pop	r17
   3e756:	0f 91       	pop	r16
   3e758:	ff 90       	pop	r15
   3e75a:	ef 90       	pop	r14
   3e75c:	df 90       	pop	r13
			)

#if defined(RANDOM_TFTP_DATA_PORT)
			sockInit((buffer[4] << 8) | ~buffer[5]); // Generate a 'random' TID (RFC1350)
#else
			sockInit(tftpTransferPort);
   3e75e:	cf 90       	pop	r12
   3e760:	bf 90       	pop	r11
   3e762:	af 90       	pop	r10
   3e764:	9f 90       	pop	r9
   3e766:	8f 90       	pop	r8
   3e768:	7f 90       	pop	r7
			 * It can be done by reinitializig the tftpd or
			 * by resetting the device. I should find out which is best...
			 * Right now it is being done by resetting the timer if we have a
			 * data packet. */
			// Invalid - return error
			returnCode = ERROR_INVALID;
   3e76a:	6f 90       	pop	r6
			break;
   3e76c:	5f 90       	pop	r5
		tftpOpcode = TFTP_OPCODE_UKN;

	if(tftpDataLen > (0x200 + TFTP_OPCODE_SIZE + TFTP_BLOCKNO_SIZE))
		tftpOpcode = TFTP_OPCODE_UKN;

	uint8_t returnCode = ERROR_UNKNOWN;
   3e76e:	4f 90       	pop	r4
   3e770:	3f 90       	pop	r3
				// Flash is full - abort with an error before a bootloader overwrite occurs
				// Application is now corrupt, so do not hand over.

				DBG_TFTP(tracePGMlnTftp(mDebugTftp_FULL);)

				returnCode = ERROR_FULL;
   3e772:	2f 90       	pop	r2
			break;

	}

	return(returnCode);
}
   3e774:	08 95       	ret

0003e776 <tftpInit>:
   3e776:	cf 93       	push	r28
   3e778:	85 e4       	ldi	r24, 0x45	; 69
   3e77a:	90 e0       	ldi	r25, 0x00	; 0
   3e77c:	2e de       	rcall	.-932    	; 0x3e3da <sockInit>
   3e77e:	87 e1       	ldi	r24, 0x17	; 23
   3e780:	90 e0       	ldi	r25, 0x00	; 0
   3e782:	88 d1       	rcall	.+784    	; 0x3ea94 <__eerd_byte_m2560>
   3e784:	8b 3b       	cpi	r24, 0xBB	; 187
   3e786:	91 f4       	brne	.+36     	; 0x3e7ac <tftpInit+0x36>
   3e788:	89 e1       	ldi	r24, 0x19	; 25
   3e78a:	90 e0       	ldi	r25, 0x00	; 0
   3e78c:	83 d1       	rcall	.+774    	; 0x3ea94 <__eerd_byte_m2560>
   3e78e:	c8 2f       	mov	r28, r24
   3e790:	88 e1       	ldi	r24, 0x18	; 24
   3e792:	90 e0       	ldi	r25, 0x00	; 0
   3e794:	7f d1       	rcall	.+766    	; 0x3ea94 <__eerd_byte_m2560>
   3e796:	2c 2f       	mov	r18, r28
   3e798:	30 e0       	ldi	r19, 0x00	; 0
   3e79a:	32 2f       	mov	r19, r18
   3e79c:	22 27       	eor	r18, r18
   3e79e:	28 0f       	add	r18, r24
   3e7a0:	31 1d       	adc	r19, r1
   3e7a2:	30 93 29 02 	sts	0x0229, r19
 * Initializes the network controller
 */
void tftpInit(void)
{
	// Open socket
	sockInit(TFTP_PORT);
   3e7a6:	20 93 28 02 	sts	0x0228, r18
   3e7aa:	06 c0       	rjmp	.+12     	; 0x3e7b8 <tftpInit+0x42>
   3e7ac:	89 e7       	ldi	r24, 0x79	; 121

#if defined(RANDOM_TFTP_DATA_PORT)
#else
	if(eeprom_read_byte(EEPROM_SIG_3) == EEPROM_SIG_3_VALUE)
   3e7ae:	97 eb       	ldi	r25, 0xB7	; 183
   3e7b0:	90 93 29 02 	sts	0x0229, r25
   3e7b4:	80 93 28 02 	sts	0x0228, r24
   3e7b8:	cf 91       	pop	r28
		tftpTransferPort = ((eeprom_read_byte(EEPROM_PORT + 1) << 8) + eeprom_read_byte(EEPROM_PORT));
   3e7ba:	08 95       	ret

0003e7bc <tftpPoll>:
   3e7bc:	af 92       	push	r10
   3e7be:	bf 92       	push	r11
   3e7c0:	cf 92       	push	r12
   3e7c2:	df 92       	push	r13
   3e7c4:	ff 92       	push	r15
   3e7c6:	0f 93       	push	r16
   3e7c8:	1f 93       	push	r17
   3e7ca:	cf 93       	push	r28
   3e7cc:	df 93       	push	r29
   3e7ce:	cd b7       	in	r28, 0x3d	; 61
   3e7d0:	de b7       	in	r29, 0x3e	; 62
   3e7d2:	c5 56       	subi	r28, 0x65	; 101
   3e7d4:	d0 40       	sbci	r29, 0x00	; 0
   3e7d6:	de bf       	out	0x3e, r29	; 62
   3e7d8:	cd bf       	out	0x3d, r28	; 61
   3e7da:	86 e2       	ldi	r24, 0x26	; 38
   3e7dc:	97 e0       	ldi	r25, 0x07	; 7
   3e7de:	68 e6       	ldi	r22, 0x68	; 104
   3e7e0:	a9 dd       	rcall	.-1198   	; 0x3e334 <spiReadWord>
	else
		tftpTransferPort = TFTP_DATA_PORT;
   3e7e2:	00 97       	sbiw	r24, 0x00	; 0
   3e7e4:	09 f4       	brne	.+2      	; 0x3e7e8 <tftpPoll+0x2c>
   3e7e6:	b5 c0       	rjmp	.+362    	; 0x3e952 <tftpPoll+0x196>
   3e7e8:	81 e0       	ldi	r24, 0x01	; 1
   3e7ea:	80 93 2b 02 	sts	0x022B, r24
#else
		tracePGMlnTftp(mDebugTftp_PORT);
		tracenum(tftpTransferPort);
#endif
	)
}
   3e7ee:	0e c0       	rjmp	.+28     	; 0x3e80c <tftpPoll+0x50>
   3e7f0:	82 e0       	ldi	r24, 0x02	; 2

/**
 * Looks for a connection
 */
uint8_t tftpPoll(void)
{
   3e7f2:	97 e0       	ldi	r25, 0x07	; 7
   3e7f4:	6c e6       	ldi	r22, 0x6C	; 108
   3e7f6:	44 e0       	ldi	r20, 0x04	; 4
   3e7f8:	54 dd       	rcall	.-1368   	; 0x3e2a2 <spiWriteReg>
   3e7fa:	8f ef       	ldi	r24, 0xFF	; 255
   3e7fc:	97 e8       	ldi	r25, 0x87	; 135
   3e7fe:	a3 e1       	ldi	r26, 0x13	; 19
   3e800:	81 50       	subi	r24, 0x01	; 1
   3e802:	90 40       	sbci	r25, 0x00	; 0
   3e804:	a0 40       	sbci	r26, 0x00	; 0
   3e806:	e1 f7       	brne	.-8      	; 0x3e800 <tftpPoll+0x44>
   3e808:	00 c0       	rjmp	.+0      	; 0x3e80a <tftpPoll+0x4e>
   3e80a:	00 00       	nop
   3e80c:	82 e0       	ldi	r24, 0x02	; 2
   3e80e:	97 e0       	ldi	r25, 0x07	; 7
	uint8_t response = ACK;
	// Get the size of the recieved data
	uint16_t packetSize = spiReadWord(REG_S3_RX_RSR0, S3_R_CB);
   3e810:	68 e6       	ldi	r22, 0x68	; 104
   3e812:	76 dd       	rcall	.-1300   	; 0x3e300 <spiReadReg>
   3e814:	82 fd       	sbrc	r24, 2
   3e816:	ec cf       	rjmp	.-40     	; 0x3e7f0 <tftpPoll+0x34>
   3e818:	1c de       	rcall	.-968    	; 0x3e452 <processPacket>
// 			_delay_ms(400);
// 			packetSize = spiReadWord(REG_S3_RX_RSR0);
// 		}
// 	} while (packetSize != incSize);

	if(packetSize) {
   3e81a:	f8 2e       	mov	r15, r24
   3e81c:	84 e2       	ldi	r24, 0x24	; 36
   3e81e:	97 e0       	ldi	r25, 0x07	; 7
		tftpFlashing = TRUE;
   3e820:	60 e0       	ldi	r22, 0x00	; 0
   3e822:	88 dd       	rcall	.-1264   	; 0x3e334 <spiReadWord>
   3e824:	a1 2c       	mov	r10, r1

		while((spiReadReg(REG_S3_IR, S3_R_CB) & IR_RECV)) {
   3e826:	18 e5       	ldi	r17, 0x58	; 88
			spiWriteReg(REG_S3_IR, S3_W_CB, IR_RECV);
   3e828:	b1 2e       	mov	r11, r17
   3e82a:	a8 0e       	add	r10, r24
   3e82c:	b9 1e       	adc	r11, r25
   3e82e:	92 e0       	ldi	r25, 0x02	; 2
   3e830:	f9 16       	cp	r15, r25
   3e832:	09 f4       	brne	.+2      	; 0x3e836 <tftpPoll+0x7a>
   3e834:	3e c0       	rjmp	.+124    	; 0x3e8b2 <tftpPoll+0xf6>
   3e836:	9f 15       	cp	r25, r15
   3e838:	20 f0       	brcs	.+8      	; 0x3e842 <tftpPoll+0x86>
   3e83a:	a1 e0       	ldi	r26, 0x01	; 1
   3e83c:	fa 16       	cp	r15, r26
   3e83e:	41 f4       	brne	.+16     	; 0x3e850 <tftpPoll+0x94>
   3e840:	1a c0       	rjmp	.+52     	; 0x3e876 <tftpPoll+0xba>
   3e842:	b3 e0       	ldi	r27, 0x03	; 3
   3e844:	fb 16       	cp	r15, r27
// 	} while (packetSize != incSize);

	if(packetSize) {
		tftpFlashing = TRUE;

		while((spiReadReg(REG_S3_IR, S3_R_CB) & IR_RECV)) {
   3e846:	31 f1       	breq	.+76     	; 0x3e894 <tftpPoll+0xd8>
   3e848:	e4 e0       	ldi	r30, 0x04	; 4
   3e84a:	fe 16       	cp	r15, r30
   3e84c:	09 f4       	brne	.+2      	; 0x3e850 <tftpPoll+0x94>
   3e84e:	40 c0       	rjmp	.+128    	; 0x3e8d0 <tftpPoll+0x114>
   3e850:	4c ef       	ldi	r20, 0xFC	; 252
   3e852:	50 ee       	ldi	r21, 0xE0	; 224
		// Process Packet and get TFTP response code
#if (DEBUG_TFTP > 0)
		packetSize = spiReadWord(REG_S3_RX_RSR0, S3_R_CB);
		response = processPacket(packetSize);
#else
		response = processPacket();
   3e854:	60 e0       	ldi	r22, 0x00	; 0
   3e856:	70 e0       	ldi	r23, 0x00	; 0
   3e858:	40 50       	subi	r20, 0x00	; 0
	uint16_t writePointer;
	
#if (W5500 > 0)
	writePointer = spiReadWord(REG_S3_TX_WR0, S3_R_CB);
#else
	writePointer = spiReadWord(REG_S3_TX_WR0, 0) + S3_TX_START;
   3e85a:	50 40       	sbci	r21, 0x00	; 0
   3e85c:	6d 4f       	sbci	r22, 0xFD	; 253
   3e85e:	7f 4f       	sbci	r23, 0xFF	; 255
   3e860:	ce 01       	movw	r24, r28
   3e862:	01 96       	adiw	r24, 0x01	; 1
   3e864:	2a e0       	ldi	r18, 0x0A	; 10
   3e866:	30 e0       	ldi	r19, 0x00	; 0
   3e868:	0c d1       	rcall	.+536    	; 0x3ea82 <memcpy_PF>
   3e86a:	2a e0       	ldi	r18, 0x0A	; 10
   3e86c:	6e 01       	movw	r12, r28
#endif


	switch(response) {
   3e86e:	08 94       	sec
   3e870:	c1 1c       	adc	r12, r1
   3e872:	d1 1c       	adc	r13, r1
   3e874:	38 c0       	rjmp	.+112    	; 0x3e8e6 <tftpPoll+0x12a>
   3e876:	41 e1       	ldi	r20, 0x11	; 17
   3e878:	51 ee       	ldi	r21, 0xE1	; 225
   3e87a:	60 e0       	ldi	r22, 0x00	; 0
   3e87c:	70 e0       	ldi	r23, 0x00	; 0
   3e87e:	40 50       	subi	r20, 0x00	; 0
   3e880:	50 40       	sbci	r21, 0x00	; 0
   3e882:	6d 4f       	sbci	r22, 0xFD	; 253
   3e884:	7f 4f       	sbci	r23, 0xFF	; 255
   3e886:	ce 01       	movw	r24, r28
   3e888:	01 96       	adiw	r24, 0x01	; 1
   3e88a:	2c e0       	ldi	r18, 0x0C	; 12
   3e88c:	30 e0       	ldi	r19, 0x00	; 0
   3e88e:	f9 d0       	rcall	.+498    	; 0x3ea82 <memcpy_PF>

		case ERROR_UNKNOWN:
			// Send unknown error packet
			packetLength = TFTP_UNKNOWN_ERROR_LEN;
#if (FLASHEND > 0x10000)
			memcpy_PF(txBuffer, PROGMEM_OFFSET + (uint32_t)(uint16_t)tftp_unknown_error_packet, packetLength);
   3e890:	2c e0       	ldi	r18, 0x0C	; 12
   3e892:	ec cf       	rjmp	.-40     	; 0x3e86c <tftpPoll+0xb0>
   3e894:	47 e0       	ldi	r20, 0x07	; 7
   3e896:	51 ee       	ldi	r21, 0xE1	; 225
   3e898:	60 e0       	ldi	r22, 0x00	; 0
   3e89a:	70 e0       	ldi	r23, 0x00	; 0
   3e89c:	40 50       	subi	r20, 0x00	; 0
   3e89e:	50 40       	sbci	r21, 0x00	; 0
   3e8a0:	6d 4f       	sbci	r22, 0xFD	; 253
   3e8a2:	7f 4f       	sbci	r23, 0xFF	; 255
   3e8a4:	ce 01       	movw	r24, r28
   3e8a6:	01 96       	adiw	r24, 0x01	; 1
   3e8a8:	29 e0       	ldi	r18, 0x09	; 9
   3e8aa:	30 e0       	ldi	r19, 0x00	; 0
	switch(response) {
		default:

		case ERROR_UNKNOWN:
			// Send unknown error packet
			packetLength = TFTP_UNKNOWN_ERROR_LEN;
   3e8ac:	ea d0       	rcall	.+468    	; 0x3ea82 <memcpy_PF>
			DBG_TFTP(
				if(response == FINAL_ACK)
					tracePGMlnTftp(mDebugTftp_SFACK);
			)

			packetLength = 4;
   3e8ae:	29 e0       	ldi	r18, 0x09	; 9
   3e8b0:	dd cf       	rjmp	.-70     	; 0x3e86c <tftpPoll+0xb0>
   3e8b2:	80 91 22 02 	lds	r24, 0x0222
   3e8b6:	90 91 23 02 	lds	r25, 0x0223

		case ERROR_INVALID:
			// Send invalid opcode packet
			packetLength = TFTP_OPCODE_ERROR_LEN;
#if (FLASHEND > 0x10000)
			memcpy_PF(txBuffer, PROGMEM_OFFSET + (uint32_t)(uint16_t)tftp_opcode_error_packet, packetLength);
   3e8ba:	20 91 20 02 	lds	r18, 0x0220
   3e8be:	30 91 21 02 	lds	r19, 0x0221
   3e8c2:	28 17       	cp	r18, r24
   3e8c4:	39 07       	cpc	r19, r25
   3e8c6:	20 f4       	brcc	.+8      	; 0x3e8d0 <tftpPoll+0x114>
   3e8c8:	90 93 21 02 	sts	0x0221, r25
   3e8cc:	80 93 20 02 	sts	0x0220, r24
   3e8d0:	19 82       	std	Y+1, r1	; 0x01
   3e8d2:	84 e0       	ldi	r24, 0x04	; 4
#endif
			break;

		case ERROR_INVALID:
			// Send invalid opcode packet
			packetLength = TFTP_OPCODE_ERROR_LEN;
   3e8d4:	8a 83       	std	Y+2, r24	; 0x02
   3e8d6:	80 91 22 02 	lds	r24, 0x0222

		case ERROR_FULL:
			// Send unknown error packet
			packetLength = TFTP_FULL_ERROR_LEN;
#if (FLASHEND > 0x10000)
			memcpy_PF(txBuffer, PROGMEM_OFFSET + (uint32_t)(uint16_t)tftp_full_error_packet, packetLength);
   3e8da:	90 91 23 02 	lds	r25, 0x0223
   3e8de:	9b 83       	std	Y+3, r25	; 0x03
   3e8e0:	8c 83       	std	Y+4, r24	; 0x04
   3e8e2:	24 e0       	ldi	r18, 0x04	; 4
   3e8e4:	c3 cf       	rjmp	.-122    	; 0x3e86c <tftpPoll+0xb0>
   3e8e6:	85 01       	movw	r16, r10
   3e8e8:	0f 5f       	subi	r16, 0xFF	; 255
   3e8ea:	1f 4f       	sbci	r17, 0xFF	; 255
   3e8ec:	d6 01       	movw	r26, r12
   3e8ee:	4d 91       	ld	r20, X+
   3e8f0:	6d 01       	movw	r12, r26
   3e8f2:	c5 01       	movw	r24, r10
#endif
			break;

		case ERROR_FULL:
			// Send unknown error packet
			packetLength = TFTP_FULL_ERROR_LEN;
   3e8f4:	64 e7       	ldi	r22, 0x74	; 116
   3e8f6:	a6 96       	adiw	r28, 0x26	; 38
			memcpy_P(txBuffer, tftp_full_error_packet, packetLength);
#endif
			break;

		case ACK:
			if(lastPacket > highPacket) highPacket = lastPacket;
   3e8f8:	2f af       	sts	0x7f, r18
   3e8fa:	a6 97       	sbiw	r28, 0x26	; 38
   3e8fc:	d2 dc       	rcall	.-1628   	; 0x3e2a2 <spiWriteReg>
   3e8fe:	a6 96       	adiw	r28, 0x26	; 38
   3e900:	2f ad       	sts	0x6f, r18
   3e902:	a6 97       	sbiw	r28, 0x26	; 38
   3e904:	b0 e6       	ldi	r27, 0x60	; 96
   3e906:	00 30       	cpi	r16, 0x00	; 0
   3e908:	1b 07       	cpc	r17, r27
   3e90a:	11 f0       	breq	.+4      	; 0x3e910 <tftpPoll+0x154>
   3e90c:	58 01       	movw	r10, r16
   3e90e:	03 c0       	rjmp	.+6      	; 0x3e916 <tftpPoll+0x15a>
   3e910:	a1 2c       	mov	r10, r1
   3e912:	b8 e5       	ldi	r27, 0x58	; 88
   3e914:	bb 2e       	mov	r11, r27
				if(response == FINAL_ACK)
					tracePGMlnTftp(mDebugTftp_SFACK);
			)

			packetLength = 4;
			*txPtr++ = TFTP_OPCODE_ACK >> 8;
   3e916:	21 50       	subi	r18, 0x01	; 1
			*txPtr++ = TFTP_OPCODE_ACK & 0xff;
   3e918:	31 f7       	brne	.-52     	; 0x3e8e6 <tftpPoll+0x12a>
   3e91a:	a5 01       	movw	r20, r10
			// lastPacket is block code
			*txPtr++ = lastPacket >> 8;
   3e91c:	40 50       	subi	r20, 0x00	; 0
   3e91e:	58 45       	sbci	r21, 0x58	; 88
   3e920:	84 e2       	ldi	r24, 0x24	; 36
   3e922:	97 e0       	ldi	r25, 0x07	; 7
   3e924:	6c e6       	ldi	r22, 0x6C	; 108
			*txPtr = lastPacket & 0xff;
   3e926:	d6 dc       	rcall	.-1620   	; 0x3e2d4 <spiWriteWord>
			DBG_TFTP(
				if(response == FINAL_ACK)
					tracePGMlnTftp(mDebugTftp_SFACK);
			)

			packetLength = 4;
   3e928:	81 e0       	ldi	r24, 0x01	; 1
   3e92a:	97 e0       	ldi	r25, 0x07	; 7
	}

	txPtr = txBuffer;

	while(packetLength--) {
		spiWriteReg(writePointer++, S3_TXBUF_CB, *txPtr++);
   3e92c:	6c e6       	ldi	r22, 0x6C	; 108
   3e92e:	40 e2       	ldi	r20, 0x20	; 32
   3e930:	b8 dc       	rcall	.-1680   	; 0x3e2a2 <spiWriteReg>
   3e932:	81 e0       	ldi	r24, 0x01	; 1
   3e934:	97 e0       	ldi	r25, 0x07	; 7
   3e936:	68 e6       	ldi	r22, 0x68	; 104
   3e938:	e3 dc       	rcall	.-1594   	; 0x3e300 <spiReadReg>
   3e93a:	88 23       	and	r24, r24
   3e93c:	d1 f7       	brne	.-12     	; 0x3e932 <tftpPoll+0x176>
   3e93e:	e4 e0       	ldi	r30, 0x04	; 4
   3e940:	fe 16       	cp	r15, r30
   3e942:	39 f4       	brne	.+14     	; 0x3e952 <tftpPoll+0x196>
   3e944:	81 e0       	ldi	r24, 0x01	; 1
		if(writePointer == 0xFFFF) writePointer = 0x0000;  //changed 0c0800 to 0xFFFF, fixes a 4th packet retransmit bug. upload speed changed from 500sec to 90sec for 100kb program
	}

	spiWriteWord(REG_S3_TX_WR0, S3_W_CB, writePointer);
#else
		if(writePointer == S3_TX_END) writePointer = S3_TX_START;
   3e946:	97 e0       	ldi	r25, 0x07	; 7
   3e948:	6c e6       	ldi	r22, 0x6C	; 108
   3e94a:	40 e1       	ldi	r20, 0x10	; 16
   3e94c:	aa dc       	rcall	.-1708   	; 0x3e2a2 <spiWriteReg>
   3e94e:	80 e0       	ldi	r24, 0x00	; 0
   3e950:	01 c0       	rjmp	.+2      	; 0x3e954 <tftpPoll+0x198>
   3e952:	81 e0       	ldi	r24, 0x01	; 1
   3e954:	cb 59       	subi	r28, 0x9B	; 155
   3e956:	df 4f       	sbci	r29, 0xFF	; 255
   3e958:	de bf       	out	0x3e, r29	; 62
   3e95a:	cd bf       	out	0x3d, r28	; 61
   3e95c:	df 91       	pop	r29
   3e95e:	cf 91       	pop	r28
			break;
	}

	txPtr = txBuffer;

	while(packetLength--) {
   3e960:	1f 91       	pop	r17
	spiWriteWord(REG_S3_TX_WR0, S3_W_CB, writePointer);
#else
		if(writePointer == S3_TX_END) writePointer = S3_TX_START;
	}

	spiWriteWord(REG_S3_TX_WR0, S3_W_CB, writePointer - S3_TX_START);
   3e962:	0f 91       	pop	r16
   3e964:	ff 90       	pop	r15
   3e966:	df 90       	pop	r13
   3e968:	cf 90       	pop	r12
   3e96a:	bf 90       	pop	r11
   3e96c:	af 90       	pop	r10
   3e96e:	08 95       	ret

0003e970 <validImage>:
#include "serial.h"
#include "debug.h"
#include "debug_vald.h"

uint8_t validImage(uint8_t* base)
{
   3e970:	fc 01       	movw	r30, r24
	/* Check that a jump table is present in the first flash sector */
	uint8_t i;
	for(i = 0; i < 0x34; i += 4) {
   3e972:	80 e0       	ldi	r24, 0x00	; 0

		// For each vector, check it is of the form:
		// 0x0C 0x94 0xWX 0xYZ  ; JMP 0xWXYZ
		if(base[i] != 0x0c) {
   3e974:	90 81       	ld	r25, Z
   3e976:	9c 30       	cpi	r25, 0x0C	; 12
   3e978:	49 f4       	brne	.+18     	; 0x3e98c <validImage+0x1c>
				tracePGM(mDebugVald_0x0C);
			)
			return(0);
		}
		
		if(base[i + 1] != 0x94) {
   3e97a:	91 81       	ldd	r25, Z+1	; 0x01
   3e97c:	94 39       	cpi	r25, 0x94	; 148
   3e97e:	41 f4       	brne	.+16     	; 0x3e990 <validImage+0x20>

uint8_t validImage(uint8_t* base)
{
	/* Check that a jump table is present in the first flash sector */
	uint8_t i;
	for(i = 0; i < 0x34; i += 4) {
   3e980:	8c 5f       	subi	r24, 0xFC	; 252
   3e982:	34 96       	adiw	r30, 0x04	; 4
   3e984:	84 33       	cpi	r24, 0x34	; 52
   3e986:	b1 f7       	brne	.-20     	; 0x3e974 <validImage+0x4>
		}
	}

	DBG_VALD(tracePGMlnVald(mDebugVald_VALID);)

	return(1);
   3e988:	81 e0       	ldi	r24, 0x01	; 1
   3e98a:	08 95       	ret
				tracenum(i);
				tracePGM(mDebugVald_WITH);
				tracenum(base[i]);
				tracePGM(mDebugVald_0x0C);
			)
			return(0);
   3e98c:	80 e0       	ldi	r24, 0x00	; 0
   3e98e:	08 95       	ret
				tracenum(i + 1);
				tracePGM(mDebugVald_WITH);
				tracenum(base[i + 1]);
				tracePGM(mDebugVald_0x94);
			)
			return(0);
   3e990:	80 e0       	ldi	r24, 0x00	; 0
	}

	DBG_VALD(tracePGMlnVald(mDebugVald_VALID);)

	return(1);
}
   3e992:	08 95       	ret

0003e994 <serialInit>:


void serialInit(void)
{
	// Double speed mode USART0
	UART_STATUS_REG		= _BV(UART_DOUBLE_SPEED);
   3e994:	82 e0       	ldi	r24, 0x02	; 2
   3e996:	80 93 c0 00 	sts	0x00C0, r24
	// Enable receiver and transiter on USART0
	UART_CONTROL_REG	= _BV(UART_ENABLE_RECEIVER) | _BV(UART_ENABLE_TRANSMITTER);
   3e99a:	88 e1       	ldi	r24, 0x18	; 24
   3e99c:	80 93 c1 00 	sts	0x00C1, r24
	// Set 8bit character length on USART0
	UART_MODE_REG		= _BV(UART_CHAR_SIZE_LOW) | _BV(UART_CHAR_SIZE_MID);
   3e9a0:	86 e0       	ldi	r24, 0x06	; 6
   3e9a2:	80 93 c2 00 	sts	0x00C2, r24
	// Set USART0 baud rate
	UART_BAUD_RATE_LOW	= (uint8_t)((F_CPU + BAUD_RATE * 4L) / (BAUD_RATE * 8L) - 1);
   3e9a6:	80 e1       	ldi	r24, 0x10	; 16
   3e9a8:	80 93 c4 00 	sts	0x00C4, r24

#if (DEBUG > 0)
	DDRD = 0x92;
#endif

}
   3e9ac:	08 95       	ret

0003e9ae <putch>:


void putch(uint8_t c)
{
	while(!(UART_STATUS_REG & _BV(UART_DATA_REG_EMPTY)));
   3e9ae:	90 91 c0 00 	lds	r25, 0x00C0
   3e9b2:	95 ff       	sbrs	r25, 5
   3e9b4:	fc cf       	rjmp	.-8      	; 0x3e9ae <putch>
	UART_DATA_REG = c;
   3e9b6:	80 93 c6 00 	sts	0x00C6, r24
}
   3e9ba:	08 95       	ret

0003e9bc <puthex>:


void puthex(uint8_t c)
{
	c &= 0xf;
   3e9bc:	8f 70       	andi	r24, 0x0F	; 15
	if(c > 9) c += 7;
   3e9be:	8a 30       	cpi	r24, 0x0A	; 10
   3e9c0:	08 f0       	brcs	.+2      	; 0x3e9c4 <puthex+0x8>
   3e9c2:	89 5f       	subi	r24, 0xF9	; 249
	//while(!(UART_STATUS_REG & _BV(UART_DATA_REG_EMPTY)));
	//UART_DATA_REG = c + '0';
	putch(c + '0');
   3e9c4:	80 5d       	subi	r24, 0xD0	; 208
   3e9c6:	f3 cf       	rjmp	.-26     	; 0x3e9ae <putch>

0003e9c8 <getch>:
   3e9c8:	80 91 c0 00 	lds	r24, 0x00C0

uint8_t getch(void)
{
	//uint8_t ch;

	while(!(UART_STATUS_REG & _BV(UART_RECEIVE_COMPLETE)));
   3e9cc:	87 ff       	sbrs	r24, 7
   3e9ce:	fc cf       	rjmp	.-8      	; 0x3e9c8 <getch>
   3e9d0:	80 91 c0 00 	lds	r24, 0x00C0
	if(!(UART_STATUS_REG & _BV(UART_FRAME_ERROR))) {
   3e9d4:	84 fd       	sbrc	r24, 4
   3e9d6:	01 c0       	rjmp	.+2      	; 0x3e9da <getch+0x12>
   3e9d8:	a8 95       	wdr
   3e9da:	80 91 c6 00 	lds	r24, 0x00C6
	}

	//ch = UART_DATA_REG;
	//return ch;

	return(UART_DATA_REG);
   3e9de:	08 95       	ret

0003e9e0 <serialPoll>:
   3e9e0:	80 91 c0 00 	lds	r24, 0x00C0
}


uint8_t serialPoll(void)
{
	if(UART_STATUS_REG & _BV(UART_RECEIVE_COMPLETE)) {
   3e9e4:	87 ff       	sbrs	r24, 7
   3e9e6:	04 c0       	rjmp	.+8      	; 0x3e9f0 <serialPoll+0x10>
   3e9e8:	28 d0       	rcall	.+80     	; 0x3ea3a <resetTick>
   3e9ea:	81 e0       	ldi	r24, 0x01	; 1
		resetTick();
   3e9ec:	80 93 2a 02 	sts	0x022A, r24
		serialFlashing = TRUE;
   3e9f0:	81 e0       	ldi	r24, 0x01	; 1
   3e9f2:	08 95       	ret

0003e9f4 <updateLed>:
static uint16_t last_timer_1;
static uint16_t tick = 0;

void updateLed(void)
{
	uint16_t next_timer_1 = TCNT1;
   3e9f4:	80 91 84 00 	lds	r24, 0x0084
   3e9f8:	90 91 85 00 	lds	r25, 0x0085

	if(next_timer_1 & 0x400) {
   3e9fc:	92 ff       	sbrs	r25, 2
   3e9fe:	07 c0       	rjmp	.+14     	; 0x3ea0e <updateLed+0x1a>
        if ( (PIND & _BV(LED)) == _BV(LED) ) {//if blue led is on
   3ea00:	4f 9b       	sbis	0x09, 7	; 9
   3ea02:	02 c0       	rjmp	.+4      	; 0x3ea08 <updateLed+0x14>
            LED_PORT &= ~_BV(LED); // Led pin low
   3ea04:	2f 98       	cbi	0x05, 7	; 5
   3ea06:	03 c0       	rjmp	.+6      	; 0x3ea0e <updateLed+0x1a>
        }
        else {
            LED_PORT ^= _BV(LED);// Led pin high
   3ea08:	25 b1       	in	r18, 0x05	; 5
   3ea0a:	20 58       	subi	r18, 0x80	; 128
   3ea0c:	25 b9       	out	0x05, r18	; 5
        }
    
    }

	if(next_timer_1 < last_timer_1) {
   3ea0e:	20 91 24 02 	lds	r18, 0x0224
   3ea12:	30 91 25 02 	lds	r19, 0x0225
   3ea16:	82 17       	cp	r24, r18
   3ea18:	93 07       	cpc	r25, r19
   3ea1a:	50 f4       	brcc	.+20     	; 0x3ea30 <updateLed+0x3c>
		tick++;
   3ea1c:	20 91 26 02 	lds	r18, 0x0226
   3ea20:	30 91 27 02 	lds	r19, 0x0227
   3ea24:	2f 5f       	subi	r18, 0xFF	; 255
   3ea26:	3f 4f       	sbci	r19, 0xFF	; 255
   3ea28:	30 93 27 02 	sts	0x0227, r19
   3ea2c:	20 93 26 02 	sts	0x0226, r18
		    tracePGMlnUtil(mDebugUtil_LAST);
		    tracenum(last_timer_1);
		)
	}

	last_timer_1 = next_timer_1;
   3ea30:	90 93 25 02 	sts	0x0225, r25
   3ea34:	80 93 24 02 	sts	0x0224, r24
}
   3ea38:	08 95       	ret

0003ea3a <resetTick>:
#endif
#endif

void resetTick(void)
{
	TCNT1 = 0;
   3ea3a:	10 92 85 00 	sts	0x0085, r1
   3ea3e:	10 92 84 00 	sts	0x0084, r1
	tick = 0;
   3ea42:	10 92 27 02 	sts	0x0227, r1
   3ea46:	10 92 26 02 	sts	0x0226, r1
}
   3ea4a:	08 95       	ret

0003ea4c <timedOut>:

uint8_t timedOut(void)
{
	// Never timeout if there is no code in Flash
#if (FLASHEND > 0x10000)
	if(pgm_read_word_far(0x0000) == 0xFFFF) return(0);
   3ea4c:	80 e0       	ldi	r24, 0x00	; 0
   3ea4e:	90 e0       	ldi	r25, 0x00	; 0
   3ea50:	dc 01       	movw	r26, r24
   3ea52:	ab bf       	out	0x3b, r26	; 59
   3ea54:	fc 01       	movw	r30, r24
   3ea56:	87 91       	elpm	r24, Z+
   3ea58:	96 91       	elpm	r25, Z
   3ea5a:	2f ef       	ldi	r18, 0xFF	; 255
   3ea5c:	8f 3f       	cpi	r24, 0xFF	; 255
   3ea5e:	92 07       	cpc	r25, r18
   3ea60:	51 f0       	breq	.+20     	; 0x3ea76 <timedOut+0x2a>
   3ea62:	81 e0       	ldi	r24, 0x01	; 1
   3ea64:	20 91 26 02 	lds	r18, 0x0226
   3ea68:	30 91 27 02 	lds	r19, 0x0227
   3ea6c:	25 30       	cpi	r18, 0x05	; 5
   3ea6e:	31 05       	cpc	r19, r1
   3ea70:	18 f4       	brcc	.+6      	; 0x3ea78 <timedOut+0x2c>
   3ea72:	80 e0       	ldi	r24, 0x00	; 0
   3ea74:	08 95       	ret
   3ea76:	80 e0       	ldi	r24, 0x00	; 0
	if(pgm_read_word_near(0x0000) == 0xFFFF) return(0);
#endif

	if(tick > TIMEOUT) return(1);
	else return(0);
}
   3ea78:	08 95       	ret

0003ea7a <appStart>:
void appStart(void) {
	__asm__ __volatile__ (
   3ea7a:	ee 27       	eor	r30, r30
   3ea7c:	ff 27       	eor	r31, r31
   3ea7e:	09 94       	ijmp
		"clr	r30		\n\t"
		"clr	r31		\n\t"
		"ijmp	\n\t"
	);
}
   3ea80:	08 95       	ret

0003ea82 <memcpy_PF>:
   3ea82:	fa 01       	movw	r30, r20
   3ea84:	dc 01       	movw	r26, r24
   3ea86:	02 c0       	rjmp	.+4      	; 0x3ea8c <memcpy_PF+0xa>
   3ea88:	05 90       	lpm	r0, Z+
   3ea8a:	0d 92       	st	X+, r0
   3ea8c:	21 50       	subi	r18, 0x01	; 1
   3ea8e:	30 40       	sbci	r19, 0x00	; 0
   3ea90:	d8 f7       	brcc	.-10     	; 0x3ea88 <memcpy_PF+0x6>
   3ea92:	08 95       	ret

0003ea94 <__eerd_byte_m2560>:
   3ea94:	f9 99       	sbic	0x1f, 1	; 31
   3ea96:	fe cf       	rjmp	.-4      	; 0x3ea94 <__eerd_byte_m2560>
   3ea98:	92 bd       	out	0x22, r25	; 34
   3ea9a:	81 bd       	out	0x21, r24	; 33
   3ea9c:	f8 9a       	sbi	0x1f, 0	; 31
   3ea9e:	99 27       	eor	r25, r25
   3eaa0:	80 b5       	in	r24, 0x20	; 32
   3eaa2:	08 95       	ret

0003eaa4 <__eewr_byte_m2560>:
   3eaa4:	26 2f       	mov	r18, r22

0003eaa6 <__eewr_r18_m2560>:
   3eaa6:	f9 99       	sbic	0x1f, 1	; 31
   3eaa8:	fe cf       	rjmp	.-4      	; 0x3eaa6 <__eewr_r18_m2560>
   3eaaa:	1f ba       	out	0x1f, r1	; 31
   3eaac:	92 bd       	out	0x22, r25	; 34
   3eaae:	81 bd       	out	0x21, r24	; 33
   3eab0:	20 bd       	out	0x20, r18	; 32
   3eab2:	0f b6       	in	r0, 0x3f	; 63
   3eab4:	f8 94       	cli
   3eab6:	fa 9a       	sbi	0x1f, 2	; 31
   3eab8:	f9 9a       	sbi	0x1f, 1	; 31
   3eaba:	0f be       	out	0x3f, r0	; 63
   3eabc:	01 96       	adiw	r24, 0x01	; 1
   3eabe:	08 95       	ret

0003eac0 <_exit>:
   3eac0:	f8 94       	cli

0003eac2 <__stop_program>:
   3eac2:	ff cf       	rjmp	.-2      	; 0x3eac2 <__stop_program>
