
semboot_atmega328_w5100.elf:     file format elf32-avr

Sections:
Idx Name          Size      VMA       LMA       File off  Algn
  0 .data         00000020  00800100  00007964  000009f8  2**0
                  CONTENTS, ALLOC, LOAD, DATA
  1 .text         00000964  00007000  00007000  00000094  2**1
                  CONTENTS, ALLOC, LOAD, READONLY, CODE
  2 .bss          0000000c  00800120  00800120  00000a18  2**0
                  ALLOC
  3 .stab         000008c4  00000000  00000000  00000a18  2**2
                  CONTENTS, READONLY, DEBUGGING
  4 .stabstr      00000198  00000000  00000000  000012dc  2**0
                  CONTENTS, READONLY, DEBUGGING
  5 .debug_aranges 000001a0  00000000  00000000  00001478  2**3
                  CONTENTS, READONLY, DEBUGGING
  6 .debug_info   000015d1  00000000  00000000  00001618  2**0
                  CONTENTS, READONLY, DEBUGGING
  7 .debug_abbrev 000009bc  00000000  00000000  00002be9  2**0
                  CONTENTS, READONLY, DEBUGGING
  8 .debug_line   00000d10  00000000  00000000  000035a5  2**0
                  CONTENTS, READONLY, DEBUGGING
  9 .debug_frame  000003cc  00000000  00000000  000042b8  2**2
                  CONTENTS, READONLY, DEBUGGING
 10 .debug_str    0000053f  00000000  00000000  00004684  2**0
                  CONTENTS, READONLY, DEBUGGING
 11 .debug_loc    00001534  00000000  00000000  00004bc3  2**0
                  CONTENTS, READONLY, DEBUGGING
 12 .debug_ranges 00000088  00000000  00000000  000060f7  2**0
                  CONTENTS, READONLY, DEBUGGING

Disassembly of section .text:

00007000 <__vectors>:
    7000:	50 c0       	rjmp	.+160    	; 0x70a2 <__ctors_end>
    7002:	00 00       	nop
    7004:	08 c1       	rjmp	.+528    	; 0x7216 <__bad_interrupt>
    7006:	00 00       	nop
    7008:	06 c1       	rjmp	.+524    	; 0x7216 <__bad_interrupt>
    700a:	00 00       	nop
    700c:	04 c1       	rjmp	.+520    	; 0x7216 <__bad_interrupt>
    700e:	00 00       	nop
    7010:	02 c1       	rjmp	.+516    	; 0x7216 <__bad_interrupt>
    7012:	00 00       	nop
    7014:	00 c1       	rjmp	.+512    	; 0x7216 <__bad_interrupt>
    7016:	00 00       	nop
    7018:	fe c0       	rjmp	.+508    	; 0x7216 <__bad_interrupt>
    701a:	00 00       	nop
    701c:	fc c0       	rjmp	.+504    	; 0x7216 <__bad_interrupt>
    701e:	00 00       	nop
    7020:	fa c0       	rjmp	.+500    	; 0x7216 <__bad_interrupt>
    7022:	00 00       	nop
    7024:	f8 c0       	rjmp	.+496    	; 0x7216 <__bad_interrupt>
    7026:	00 00       	nop
    7028:	f6 c0       	rjmp	.+492    	; 0x7216 <__bad_interrupt>
    702a:	00 00       	nop
    702c:	f4 c0       	rjmp	.+488    	; 0x7216 <__bad_interrupt>
    702e:	00 00       	nop
    7030:	f2 c0       	rjmp	.+484    	; 0x7216 <__bad_interrupt>
    7032:	00 00       	nop
    7034:	f0 c0       	rjmp	.+480    	; 0x7216 <__bad_interrupt>
    7036:	00 00       	nop
    7038:	ee c0       	rjmp	.+476    	; 0x7216 <__bad_interrupt>
    703a:	00 00       	nop
    703c:	ec c0       	rjmp	.+472    	; 0x7216 <__bad_interrupt>
    703e:	00 00       	nop
    7040:	ea c0       	rjmp	.+468    	; 0x7216 <__bad_interrupt>
    7042:	00 00       	nop
    7044:	e8 c0       	rjmp	.+464    	; 0x7216 <__bad_interrupt>
    7046:	00 00       	nop
    7048:	e6 c0       	rjmp	.+460    	; 0x7216 <__bad_interrupt>
    704a:	00 00       	nop
    704c:	e4 c0       	rjmp	.+456    	; 0x7216 <__bad_interrupt>
    704e:	00 00       	nop
    7050:	e2 c0       	rjmp	.+452    	; 0x7216 <__bad_interrupt>
    7052:	00 00       	nop
    7054:	e0 c0       	rjmp	.+448    	; 0x7216 <__bad_interrupt>
    7056:	00 00       	nop
    7058:	de c0       	rjmp	.+444    	; 0x7216 <__bad_interrupt>
    705a:	00 00       	nop
    705c:	dc c0       	rjmp	.+440    	; 0x7216 <__bad_interrupt>
    705e:	00 00       	nop
    7060:	da c0       	rjmp	.+436    	; 0x7216 <__bad_interrupt>
    7062:	00 00       	nop
    7064:	d8 c0       	rjmp	.+432    	; 0x7216 <__bad_interrupt>
	...

00007068 <tftp_invalid_image_packet>:
    7068:	13 00 05 00 00 49 6e 76 61 6c 69 64 20 69 6d 61     .....Invalid ima
    7078:	67 65 20 66 69 6c 65 00                             ge file.

00007080 <tftp_unknown_error_packet>:
    7080:	08 00 05 00 00 45 72 72 6f 72 00                    .....Error.

0000708b <tftp_full_error_packet>:
    708b:	09 00 05 00 03 46 75 6c 6c 00                       .....Full.

00007095 <tftp_opcode_error_packet>:
    7095:	0a 00 05 00 00 4f 70 63 6f 64 65 3f 00              .....Opcode?.

000070a2 <__ctors_end>:
    70a2:	11 24       	eor	r1, r1
    70a4:	1f be       	out	0x3f, r1	; 63
    70a6:	cf ef       	ldi	r28, 0xFF	; 255
    70a8:	d8 e0       	ldi	r29, 0x08	; 8
    70aa:	de bf       	out	0x3e, r29	; 62
    70ac:	cd bf       	out	0x3d, r28	; 61

000070ae <__do_copy_data>:
    70ae:	11 e0       	ldi	r17, 0x01	; 1
    70b0:	a0 e0       	ldi	r26, 0x00	; 0
    70b2:	b1 e0       	ldi	r27, 0x01	; 1
    70b4:	e4 e6       	ldi	r30, 0x64	; 100
    70b6:	f9 e7       	ldi	r31, 0x79	; 121
    70b8:	02 c0       	rjmp	.+4      	; 0x70be <__do_copy_data+0x10>
    70ba:	05 90       	lpm	r0, Z+
    70bc:	0d 92       	st	X+, r0
    70be:	a0 32       	cpi	r26, 0x20	; 32
    70c0:	b1 07       	cpc	r27, r17
    70c2:	d9 f7       	brne	.-10     	; 0x70ba <__do_copy_data+0xc>

000070c4 <__do_clear_bss>:
    70c4:	11 e0       	ldi	r17, 0x01	; 1
    70c6:	a0 e2       	ldi	r26, 0x20	; 32
    70c8:	b1 e0       	ldi	r27, 0x01	; 1
    70ca:	01 c0       	rjmp	.+2      	; 0x70ce <.do_clear_bss_start>

000070cc <.do_clear_bss_loop>:
    70cc:	1d 92       	st	X+, r1

000070ce <.do_clear_bss_start>:
    70ce:	ac 32       	cpi	r26, 0x2C	; 44
    70d0:	b1 07       	cpc	r27, r17
    70d2:	e1 f7       	brne	.-8      	; 0x70cc <.do_clear_bss_loop>
    70d4:	01 d0       	rcall	.+2      	; 0x70d8 <main>
    70d6:	44 c4       	rjmp	.+2184   	; 0x7960 <_exit>

000070d8 <main>:

int main(void)
{
	/* Disable the watchdog timer to prevent
	 * eternal reset loop of doom and despair */
	uint8_t ch = MCUSR;
    70d8:	84 b7       	in	r24, 0x34	; 52
	MCUSR = 0;
    70da:	14 be       	out	0x34, r1	; 52
	wdt_disable();
    70dc:	98 e1       	ldi	r25, 0x18	; 24
    70de:	0f b6       	in	r0, 0x3f	; 63
    70e0:	f8 94       	cli
    70e2:	90 93 60 00 	sts	0x0060, r25
    70e6:	10 92 60 00 	sts	0x0060, r1
    70ea:	0f be       	out	0x3f, r0	; 63
	#else
		//round up by default
		__ticks_dc = (uint32_t)(ceil(fabs(__tmp)));
	#endif

	__builtin_avr_delay_cycles(__ticks_dc);
    70ec:	2f ef       	ldi	r18, 0xFF	; 255
    70ee:	35 ea       	ldi	r19, 0xA5	; 165
    70f0:	4e e0       	ldi	r20, 0x0E	; 14
    70f2:	21 50       	subi	r18, 0x01	; 1
    70f4:	30 40       	sbci	r19, 0x00	; 0
    70f6:	40 40       	sbci	r20, 0x00	; 0
    70f8:	e1 f7       	brne	.-8      	; 0x70f2 <main+0x1a>
    70fa:	00 c0       	rjmp	.+0      	; 0x70fc <main+0x24>
    70fc:	00 00       	nop

	// Wait to ensure startup of W5100
	_delay_ms(300);
    
    LED_DDR |= _BV(LED);
    70fe:	25 9a       	sbi	0x04, 5	; 4
    LED_DDR |= _BV(PIND4);
    7100:	24 9a       	sbi	0x04, 4	; 4
    
    if (!(ch & _BV(WDRF))) {  //If power-on occurred, reset after 1 sec
    7102:	83 fd       	sbrc	r24, 3
    7104:	2b c0       	rjmp	.+86     	; 0x715c <main+0x84>
        
        LED_PORT ^= _BV(LED);
    7106:	85 b1       	in	r24, 0x05	; 5
    7108:	20 e2       	ldi	r18, 0x20	; 32
    710a:	82 27       	eor	r24, r18
    710c:	85 b9       	out	0x05, r24	; 5
        //(PINC & (1<<3)
        DDRC = _BV(3);
    710e:	88 e0       	ldi	r24, 0x08	; 8
    7110:	87 b9       	out	0x07, r24	; 7
        PORTC = _BV(3); //PINC5 HIGH
    7112:	88 b9       	out	0x08, r24	; 8
    7114:	2f ef       	ldi	r18, 0xFF	; 255
    7116:	31 ee       	ldi	r19, 0xE1	; 225
    7118:	44 e0       	ldi	r20, 0x04	; 4
    711a:	21 50       	subi	r18, 0x01	; 1
    711c:	30 40       	sbci	r19, 0x00	; 0
    711e:	40 40       	sbci	r20, 0x00	; 0
    7120:	e1 f7       	brne	.-8      	; 0x711a <main+0x42>
    7122:	00 c0       	rjmp	.+0      	; 0x7124 <main+0x4c>
    7124:	00 00       	nop
        _delay_ms(100);
        PORTC = 0b00000000; //PINC5 LOW
    7126:	18 b8       	out	0x08, r1	; 8
    7128:	2f ef       	ldi	r18, 0xFF	; 255
    712a:	39 e6       	ldi	r19, 0x69	; 105
    712c:	48 e1       	ldi	r20, 0x18	; 24
    712e:	21 50       	subi	r18, 0x01	; 1
    7130:	30 40       	sbci	r19, 0x00	; 0
    7132:	40 40       	sbci	r20, 0x00	; 0
    7134:	e1 f7       	brne	.-8      	; 0x712e <main+0x56>
    7136:	00 c0       	rjmp	.+0      	; 0x7138 <main+0x60>
    7138:	00 00       	nop
        _delay_ms(500);
        PORTC = _BV(3); //PINC5 HIGH
    713a:	88 b9       	out	0x08, r24	; 8
    713c:	2f ef       	ldi	r18, 0xFF	; 255
    713e:	31 ee       	ldi	r19, 0xE1	; 225
    7140:	44 e0       	ldi	r20, 0x04	; 4
    7142:	21 50       	subi	r18, 0x01	; 1
    7144:	30 40       	sbci	r19, 0x00	; 0
    7146:	40 40       	sbci	r20, 0x00	; 0
    7148:	e1 f7       	brne	.-8      	; 0x7142 <main+0x6a>
    714a:	00 c0       	rjmp	.+0      	; 0x714c <main+0x74>
    714c:	00 00       	nop
        _delay_ms(100);
        WDTCSR = _BV(WDCE) | _BV(WDE);
    714e:	90 93 60 00 	sts	0x0060, r25
        WDTCSR = _BV(WDP2) | _BV(WDE); //Enable watchdog timeout 125ms
    7152:	8c e0       	ldi	r24, 0x0C	; 12
    7154:	80 93 60 00 	sts	0x0060, r24
        LED_PORT &= ~_BV(LED);
    7158:	2d 98       	cbi	0x05, 5	; 5
    715a:	ff cf       	rjmp	.-2      	; 0x715a <main+0x82>
	/* This code makes the following assumptions:
	 * No interrupts will execute
	 * SP points to RAMEND
	 * r1 contains zero */
	//cli();
	asm volatile("clr __zero_reg__");
    715c:	11 24       	eor	r1, r1
	// 0x02 -> ClkIO/8 -> 500ns period, 32ms max
	// 0X03 -> ClkIO/64 -> 4us period, 256ms max
	// 0x04 -> ClkIO/256 -> 16us period, 1024ms max
	// 0x05 -> ClkIO/1024 -> 64us period, 4096ms max
	// Set up Timer 1 as timekeeper for LED flashing
	TCCR1B = _BV(CS12) | _BV(CS10); // Same thing as TCCR1B = 0x05;
    715e:	85 e0       	ldi	r24, 0x05	; 5
    7160:	80 93 81 00 	sts	0x0081, r24

	/* Write version information in the EEPROM */
	if(eeprom_read_byte(EEPROM_MAJVER) != ARIADNE_MAJVER)
    7164:	80 e0       	ldi	r24, 0x00	; 0
    7166:	90 e0       	ldi	r25, 0x00	; 0
    7168:	e5 d3       	rcall	.+1994   	; 0x7934 <__eerd_byte_m328p>
    716a:	88 23       	and	r24, r24
    716c:	21 f0       	breq	.+8      	; 0x7176 <main+0x9e>
    716e:	80 e0       	ldi	r24, 0x00	; 0
		eeprom_write_byte(EEPROM_MAJVER, ARIADNE_MAJVER);
    7170:	90 e0       	ldi	r25, 0x00	; 0
    7172:	60 e0       	ldi	r22, 0x00	; 0
    7174:	e7 d3       	rcall	.+1998   	; 0x7944 <__eewr_byte_m328p>
    7176:	81 e0       	ldi	r24, 0x01	; 1
    7178:	90 e0       	ldi	r25, 0x00	; 0
	if(eeprom_read_byte(EEPROM_MINVER) != ARIADNE_MINVER)
    717a:	dc d3       	rcall	.+1976   	; 0x7934 <__eerd_byte_m328p>
    717c:	84 30       	cpi	r24, 0x04	; 4
    717e:	21 f0       	breq	.+8      	; 0x7188 <main+0xb0>
    7180:	81 e0       	ldi	r24, 0x01	; 1
    7182:	90 e0       	ldi	r25, 0x00	; 0
    7184:	64 e0       	ldi	r22, 0x04	; 4
		eeprom_write_byte(EEPROM_MINVER, ARIADNE_MINVER);
    7186:	de d3       	rcall	.+1980   	; 0x7944 <__eewr_byte_m328p>
    7188:	4d 9b       	sbis	0x09, 5	; 9
    718a:	13 c0       	rjmp	.+38     	; 0x71b2 <main+0xda>
    718c:	8e e3       	ldi	r24, 0x3E	; 62
    718e:	90 e0       	ldi	r25, 0x00	; 0
	
    uint8_t updateFlag = 0;
    
    
    if (!((PIND & (1<<5)) == (1<<5)) ) { //update button pressed and reset to default IP
    7190:	d1 d3       	rcall	.+1954   	; 0x7934 <__eerd_byte_m328p>
    7192:	81 30       	cpi	r24, 0x01	; 1
        LED_PORT &= ~_BV(LEDBLUE);
#endif
#endif

    }
    else if( (eeprom_read_byte(EEPROM_UPDATE_FLAG) == 1) || eeprom_read_byte(EEPROM_IMG_STAT) != EEPROM_IMG_OK_VALUE) {
    7194:	29 f0       	breq	.+10     	; 0x71a0 <main+0xc8>
    7196:	82 e0       	ldi	r24, 0x02	; 2
    7198:	90 e0       	ldi	r25, 0x00	; 0
    719a:	cc d3       	rcall	.+1944   	; 0x7934 <__eerd_byte_m328p>
    719c:	8e 3e       	cpi	r24, 0xEE	; 238
    719e:	31 f0       	breq	.+12     	; 0x71ac <main+0xd4>
    71a0:	8e e3       	ldi	r24, 0x3E	; 62
    71a2:	90 e0       	ldi	r25, 0x00	; 0
    71a4:	60 e0       	ldi	r22, 0x00	; 0
    71a6:	ce d3       	rcall	.+1948   	; 0x7944 <__eewr_byte_m328p>
    71a8:	11 e0       	ldi	r17, 0x01	; 1
    71aa:	04 c0       	rjmp	.+8      	; 0x71b4 <main+0xdc>
        //If the update flag was set from userspace || the button 'default' is being pressed || no valid image has been written => no timeout will occur
 		updateFlag = 1;
 		eeprom_write_byte(EEPROM_UPDATE_FLAG, 0);//Reset update flag so that next reboot normal boot continues
    71ac:	b6 d3       	rcall	.+1900   	; 0x791a <appStart>
    71ae:	10 e0       	ldi	r17, 0x00	; 0
    71b0:	01 c0       	rjmp	.+2      	; 0x71b4 <main+0xdc>
    71b2:	11 e0       	ldi	r17, 0x01	; 1
    71b4:	41 d3       	rcall	.+1666   	; 0x7838 <serialInit>
#endif

    }
    else if( (eeprom_read_byte(EEPROM_UPDATE_FLAG) == 1) || eeprom_read_byte(EEPROM_IMG_STAT) != EEPROM_IMG_OK_VALUE) {
        //If the update flag was set from userspace || the button 'default' is being pressed || no valid image has been written => no timeout will occur
 		updateFlag = 1;
    71b6:	91 d0       	rcall	.+290    	; 0x72da <spiInit>
 		eeprom_write_byte(EEPROM_UPDATE_FLAG, 0);//Reset update flag so that next reboot normal boot continues
    71b8:	99 d0       	rcall	.+306    	; 0x72ec <netInit>
 	}
    else {
		appStart();
    71ba:	43 d2       	rcall	.+1158   	; 0x7642 <tftpInit>
    71bc:	10 92 2a 01 	sts	0x012A, r1
	if(eeprom_read_byte(EEPROM_MAJVER) != ARIADNE_MAJVER)
		eeprom_write_byte(EEPROM_MAJVER, ARIADNE_MAJVER);
	if(eeprom_read_byte(EEPROM_MINVER) != ARIADNE_MINVER)
		eeprom_write_byte(EEPROM_MINVER, ARIADNE_MINVER);
	
    uint8_t updateFlag = 0;
    71c0:	10 92 2b 01 	sts	0x012B, r1
    else {
		appStart();
 	}

	//Initialize UART communication
	serialInit();
    71c4:	03 e0       	ldi	r16, 0x03	; 3
    71c6:	c0 e0       	ldi	r28, 0x00	; 0
		buttonInit();
	)

	/** Initalize SPI communication */
	DBG_MAIN_EX(tracePGMlnMain(mDebugMain_SPI);)
	spiInit();
    71c8:	d0 e0       	ldi	r29, 0x00	; 0
    71ca:	80 91 2a 01 	lds	r24, 0x012A
	/** Initialize networking */
	DBG_MAIN_EX(tracePGMlnMain(mDebugMain_NET);)
	netInit();
    71ce:	88 23       	and	r24, r24

	// Initialize the UDP socket for tftp
	DBG_MAIN_EX(tracePGMlnMain(mDebugMain_TFTP);)
	tftpInit();
    71d0:	19 f4       	brne	.+6      	; 0x71d8 <main+0x100>
    71d2:	5a d2       	rcall	.+1204   	; 0x7688 <tftpPoll>
#if defined(ANNOUNCE)
	DBG_MAIN_EX(tracePGMlnMain(mDebugMain_ANN);)
	announceInit();
#endif

	serialFlashing = FALSE;
    71d4:	88 23       	and	r24, r24
    71d6:	c1 f0       	breq	.+48     	; 0x7208 <main+0x130>
	tftpFlashing = FALSE;
    71d8:	8c d3       	rcall	.+1816   	; 0x78f2 <timedOut>
    71da:	88 23       	and	r24, r24
			if(eeprom_read_byte(EEPROM_IMG_STAT) == EEPROM_IMG_OK_VALUE) break;

			//TODO: determine the conditions for reseting server OR reseting socket
			if(tftpFlashing == TRUE) {
				// Delete first page of flash memory
				boot_page_erase(0);
    71dc:	99 f0       	breq	.+38     	; 0x7204 <main+0x12c>
    71de:	11 30       	cpi	r17, 0x01	; 1
    71e0:	89 f0       	breq	.+34     	; 0x7204 <main+0x12c>
	serialFlashing = FALSE;
	tftpFlashing = FALSE;

	for(;;) {
		// If there is no serial flashing under way, poll tftp
		if(!serialFlashing)
    71e2:	82 e0       	ldi	r24, 0x02	; 2
    71e4:	90 e0       	ldi	r25, 0x00	; 0
    71e6:	a6 d3       	rcall	.+1868   	; 0x7934 <__eerd_byte_m328p>
    71e8:	8e 3e       	cpi	r24, 0xEE	; 238
			// If tftp recieved a FINAL_ACK, break
			if(tftpPoll() == 0)
    71ea:	71 f0       	breq	.+28     	; 0x7208 <main+0x130>
    71ec:	80 91 2b 01 	lds	r24, 0x012B
    71f0:	81 30       	cpi	r24, 0x01	; 1
		/* As explained above this goes out */
#if defined(ANNOUNCE)
		announcePoll();
#endif

		if((timedOut()) && !(updateFlag == 1)) {
    71f2:	41 f4       	brne	.+16     	; 0x7204 <main+0x12c>
    71f4:	fe 01       	movw	r30, r28
    71f6:	00 93 57 00 	sts	0x0057, r16
    71fa:	e8 95       	spm
    71fc:	22 d2       	rcall	.+1092   	; 0x7642 <tftpInit>
			if(eeprom_read_byte(EEPROM_IMG_STAT) == EEPROM_IMG_OK_VALUE) break;
    71fe:	70 d3       	rcall	.+1760   	; 0x78e0 <resetTick>
    7200:	10 92 2b 01 	sts	0x012B, r1
    7204:	49 d3       	rcall	.+1682   	; 0x7898 <updateLed>
    7206:	e1 cf       	rjmp	.-62     	; 0x71ca <main+0xf2>
    7208:	88 e1       	ldi	r24, 0x18	; 24

			//TODO: determine the conditions for reseting server OR reseting socket
			if(tftpFlashing == TRUE) {
    720a:	80 93 60 00 	sts	0x0060, r24
    720e:	8c e0       	ldi	r24, 0x0C	; 12
    7210:	80 93 60 00 	sts	0x0060, r24
				// Delete first page of flash memory
				boot_page_erase(0);
    7214:	ff cf       	rjmp	.-2      	; 0x7214 <main+0x13c>

00007216 <__bad_interrupt>:
    7216:	f4 ce       	rjmp	.-536    	; 0x7000 <__vectors>

00007218 <spiWriteReg>:
		tracenum(address);
		tracePGM(mDebugSpi_COMMA);
		tracenum(value);
	)

	SPCR = _BV(SPE) | _BV(MSTR); // Set SPI as master
    7218:	20 e5       	ldi	r18, 0x50	; 80
    721a:	2c bd       	out	0x2c, r18	; 44
	SS_LOW();
    721c:	2a 98       	cbi	0x05, 2	; 5
	SPDR = cb;  //Socket 3 BSB Write 0x6D Selects Socket 3 Register, write mode, 1 byte data length
	while(!(SPSR & _BV(SPIF)));

#else //Standard W5100 Code

	SPDR = SPI_WRITE;
    721e:	20 ef       	ldi	r18, 0xF0	; 240
    7220:	2e bd       	out	0x2e, r18	; 46
	while(!(SPSR & _BV(SPIF)));
    7222:	0d b4       	in	r0, 0x2d	; 45
    7224:	07 fe       	sbrs	r0, 7
    7226:	fd cf       	rjmp	.-6      	; 0x7222 <spiWriteReg+0xa>

	SPDR = address >> 8;
    7228:	29 2f       	mov	r18, r25
    722a:	33 27       	eor	r19, r19
    722c:	2e bd       	out	0x2e, r18	; 46
	while(!(SPSR & _BV(SPIF)));
    722e:	0d b4       	in	r0, 0x2d	; 45
    7230:	07 fe       	sbrs	r0, 7
    7232:	fd cf       	rjmp	.-6      	; 0x722e <spiWriteReg+0x16>

	SPDR = address & 0xff;
    7234:	8e bd       	out	0x2e, r24	; 46
	while(!(SPSR & _BV(SPIF)));
    7236:	0d b4       	in	r0, 0x2d	; 45
    7238:	07 fe       	sbrs	r0, 7
    723a:	fd cf       	rjmp	.-6      	; 0x7236 <spiWriteReg+0x1e>

#endif

	SPDR = value;
    723c:	4e bd       	out	0x2e, r20	; 46
	while(!(SPSR & _BV(SPIF)));
    723e:	0d b4       	in	r0, 0x2d	; 45
    7240:	07 fe       	sbrs	r0, 7
    7242:	fd cf       	rjmp	.-6      	; 0x723e <spiWriteReg+0x26>

	SS_HIGH();
    7244:	2a 9a       	sbi	0x05, 2	; 5
	cb = 0; //prevents compiler whining about unused cb variable
	SPCR = cb; // Turn off SPI	
    7246:	1c bc       	out	0x2c, r1	; 44
	
}
    7248:	08 95       	ret

0000724a <spiWriteWord>:

void spiWriteWord(uint16_t address, uint8_t cb, uint16_t value)
{
    724a:	ef 92       	push	r14
    724c:	ff 92       	push	r15
    724e:	1f 93       	push	r17
    7250:	cf 93       	push	r28
    7252:	df 93       	push	r29
    7254:	ec 01       	movw	r28, r24
    7256:	16 2f       	mov	r17, r22
    7258:	7a 01       	movw	r14, r20
	// Write uint16_t to Ethernet controller
	spiWriteReg(address++, cb, value >> 8);
    725a:	45 2f       	mov	r20, r21
    725c:	55 27       	eor	r21, r21
    725e:	dc df       	rcall	.-72     	; 0x7218 <spiWriteReg>
    7260:	ce 01       	movw	r24, r28
	spiWriteReg(address, cb, value & 0xff);
    7262:	01 96       	adiw	r24, 0x01	; 1
    7264:	61 2f       	mov	r22, r17
    7266:	4e 2d       	mov	r20, r14
    7268:	d7 df       	rcall	.-82     	; 0x7218 <spiWriteReg>
    726a:	df 91       	pop	r29
    726c:	cf 91       	pop	r28
}
    726e:	1f 91       	pop	r17
    7270:	ff 90       	pop	r15
    7272:	ef 90       	pop	r14
    7274:	08 95       	ret

00007276 <spiReadReg>:
    7276:	20 e5       	ldi	r18, 0x50	; 80
    7278:	2c bd       	out	0x2c, r18	; 44
	)
	#endif

	uint8_t returnValue;

	SPCR = _BV(SPE) | _BV(MSTR);
    727a:	2a 98       	cbi	0x05, 2	; 5
    727c:	2f e0       	ldi	r18, 0x0F	; 15
	SS_LOW();
    727e:	2e bd       	out	0x2e, r18	; 46
	SPDR = cb;  //Socket 3 BSB Read 0x69 Selects Socket 3 Register, read mode, 1 byte data length
	while(!(SPSR & _BV(SPIF)));

#else //Standard W5100 Code

	SPDR = SPI_READ;
    7280:	0d b4       	in	r0, 0x2d	; 45
    7282:	07 fe       	sbrs	r0, 7
	while(!(SPSR & _BV(SPIF)));
    7284:	fd cf       	rjmp	.-6      	; 0x7280 <spiReadReg+0xa>
    7286:	29 2f       	mov	r18, r25
    7288:	33 27       	eor	r19, r19

	SPDR = address >> 8;
    728a:	2e bd       	out	0x2e, r18	; 46
    728c:	0d b4       	in	r0, 0x2d	; 45
    728e:	07 fe       	sbrs	r0, 7
	while(!(SPSR & _BV(SPIF)));
    7290:	fd cf       	rjmp	.-6      	; 0x728c <spiReadReg+0x16>
    7292:	8e bd       	out	0x2e, r24	; 46
    7294:	0d b4       	in	r0, 0x2d	; 45

	SPDR = address & 0xff;
    7296:	07 fe       	sbrs	r0, 7
	while(!(SPSR & _BV(SPIF)));
    7298:	fd cf       	rjmp	.-6      	; 0x7294 <spiReadReg+0x1e>
    729a:	1e bc       	out	0x2e, r1	; 46
    729c:	0d b4       	in	r0, 0x2d	; 45

#endif

	SPDR = 0;
    729e:	07 fe       	sbrs	r0, 7
	while(!(SPSR & _BV(SPIF)));
    72a0:	fd cf       	rjmp	.-6      	; 0x729c <spiReadReg+0x26>
    72a2:	2a 9a       	sbi	0x05, 2	; 5
    72a4:	8e b5       	in	r24, 0x2e	; 46

	SS_HIGH();
    72a6:	1c bc       	out	0x2c, r1	; 44
	returnValue = SPDR;
    72a8:	08 95       	ret

000072aa <spiReadWord>:
	
	cb = 0; //prevents compiler whining about unused cb variable
	SPCR = cb; // Turn off SPI
    72aa:	0f 93       	push	r16

	return(returnValue);
}
    72ac:	1f 93       	push	r17

uint16_t spiReadWord(uint16_t address, uint8_t cb)
{
    72ae:	cf 93       	push	r28
    72b0:	df 93       	push	r29
    72b2:	ec 01       	movw	r28, r24
    72b4:	16 2f       	mov	r17, r22
    72b6:	df df       	rcall	.-66     	; 0x7276 <spiReadReg>
    72b8:	08 2f       	mov	r16, r24
	// Read uint16_t from Ethernet controller
	return((spiReadReg(address, cb) << 8) | spiReadReg(address + 1, cb));
    72ba:	ce 01       	movw	r24, r28
    72bc:	01 96       	adiw	r24, 0x01	; 1
    72be:	61 2f       	mov	r22, r17
    72c0:	da df       	rcall	.-76     	; 0x7276 <spiReadReg>
    72c2:	20 2f       	mov	r18, r16
    72c4:	30 e0       	ldi	r19, 0x00	; 0
    72c6:	32 2f       	mov	r19, r18
    72c8:	22 27       	eor	r18, r18
    72ca:	90 e0       	ldi	r25, 0x00	; 0
    72cc:	82 2b       	or	r24, r18
    72ce:	93 2b       	or	r25, r19
    72d0:	df 91       	pop	r29
    72d2:	cf 91       	pop	r28
}
    72d4:	1f 91       	pop	r17
    72d6:	0f 91       	pop	r16
    72d8:	08 95       	ret

000072da <spiInit>:
    72da:	8c e3       	ldi	r24, 0x3C	; 60
    72dc:	85 b9       	out	0x05, r24	; 5
    72de:	8c e2       	ldi	r24, 0x2C	; 44
    72e0:	84 b9       	out	0x04, r24	; 4
	 * At this stage all pins are set to HIGH. This in fact DISABLES SPI for both Ethernet and SD.
	 * SS pin for ethernet is pulled low just in time for reading or writing data inside those
	 * functions. */

	/** Set SPI pins high */
	SPI_PORT = _BV(SCK) | _BV(MISO) | _BV(MOSI) | _BV(SS);
    72e2:	5c 9a       	sbi	0x0b, 4	; 11
    72e4:	54 9a       	sbi	0x0a, 4	; 10
	/** Set SPI pins as output */
	SPI_DDR = _BV(SCK) | _BV(MOSI) | _BV(SS);
    72e6:	81 e0       	ldi	r24, 0x01	; 1
    72e8:	8d bd       	out	0x2d, r24	; 45
	ETH_DDR |= _BV(ETH_SS);
	#endif

	/** Disable SD card */
	/** Set SD SS pin high */
	SD_PORT |= _BV(SD_SS);
    72ea:	08 95       	ret

000072ec <netInit>:
	0x55          // TMSR Tx Memory Size Register, 2K per socket
};


void netInit(void)
{
    72ec:	0f 93       	push	r16
    72ee:	1f 93       	push	r17
    72f0:	cf 93       	push	r28
    72f2:	df 93       	push	r29
	uint8_t i;

	/* Pull in altered network settings, if available,
	 * from AVR EEPROM (if signature bytes are set) */
	if((eeprom_read_byte(EEPROM_SIG_1) == EEPROM_SIG_1_VALUE)
    72f4:	83 e0       	ldi	r24, 0x03	; 3
    72f6:	90 e0       	ldi	r25, 0x00	; 0
    72f8:	1d d3       	rcall	.+1594   	; 0x7934 <__eerd_byte_m328p>
    72fa:	85 35       	cpi	r24, 0x55	; 85
    72fc:	91 f4       	brne	.+36     	; 0x7322 <netInit+0x36>
    72fe:	84 e0       	ldi	r24, 0x04	; 4
		&& (eeprom_read_byte(EEPROM_SIG_2) == EEPROM_SIG_2_VALUE)) {
    7300:	90 e0       	ldi	r25, 0x00	; 0
    7302:	18 d3       	rcall	.+1584   	; 0x7934 <__eerd_byte_m328p>
    7304:	8a 3a       	cpi	r24, 0xAA	; 170
    7306:	69 f4       	brne	.+26     	; 0x7322 <netInit+0x36>
    7308:	01 e0       	ldi	r16, 0x01	; 1
    730a:	11 e0       	ldi	r17, 0x01	; 1
    730c:	c5 e0       	ldi	r28, 0x05	; 5
    730e:	d0 e0       	ldi	r29, 0x00	; 0
    7310:	ce 01       	movw	r24, r28
    7312:	10 d3       	rcall	.+1568   	; 0x7934 <__eerd_byte_m328p>

		for(i = 0; i < EEPROM_SETTINGS_SIZE; i++)
			registerBuffer[i + 1] = eeprom_read_byte(EEPROM_DATA + i);
    7314:	f8 01       	movw	r30, r16
    7316:	81 93       	st	Z+, r24
    7318:	8f 01       	movw	r16, r30
    731a:	21 96       	adiw	r28, 0x01	; 1
    731c:	c7 31       	cpi	r28, 0x17	; 23
    731e:	d1 05       	cpc	r29, r1
    7320:	b9 f7       	brne	.-18     	; 0x7310 <netInit+0x24>
	/* Pull in altered network settings, if available,
	 * from AVR EEPROM (if signature bytes are set) */
	if((eeprom_read_byte(EEPROM_SIG_1) == EEPROM_SIG_1_VALUE)
		&& (eeprom_read_byte(EEPROM_SIG_2) == EEPROM_SIG_2_VALUE)) {

		for(i = 0; i < EEPROM_SETTINGS_SIZE; i++)
    7322:	00 e0       	ldi	r16, 0x00	; 0
    7324:	11 e0       	ldi	r17, 0x01	; 1
    7326:	c0 e0       	ldi	r28, 0x00	; 0
    7328:	d0 e0       	ldi	r29, 0x00	; 0
    732a:	f8 01       	movw	r30, r16
	uint8_t i;

	/* Pull in altered network settings, if available,
	 * from AVR EEPROM (if signature bytes are set) */
	if((eeprom_read_byte(EEPROM_SIG_1) == EEPROM_SIG_1_VALUE)
		&& (eeprom_read_byte(EEPROM_SIG_2) == EEPROM_SIG_2_VALUE)) {
    732c:	41 91       	ld	r20, Z+
    732e:	8f 01       	movw	r16, r30
		}
	)

	/** Configure Wiznet chip. Network settings */
	for(i = 0; i < REGISTER_BLOCK_SIZE; i++)
		spiWriteReg(i, 0, registerBuffer[i]);
    7330:	ce 01       	movw	r24, r28
    7332:	60 e0       	ldi	r22, 0x00	; 0
    7334:	71 df       	rcall	.-286    	; 0x7218 <spiWriteReg>
    7336:	21 96       	adiw	r28, 0x01	; 1
    7338:	cc 31       	cpi	r28, 0x1C	; 28
    733a:	d1 05       	cpc	r29, r1
    733c:	b1 f7       	brne	.-20     	; 0x732a <netInit+0x3e>
    733e:	df 91       	pop	r29
			if(i != 14) putch(0x2E);
		}
	)

	/** Configure Wiznet chip. Network settings */
	for(i = 0; i < REGISTER_BLOCK_SIZE; i++)
    7340:	cf 91       	pop	r28
    7342:	1f 91       	pop	r17
    7344:	0f 91       	pop	r16
		spiWriteReg(i, 0, registerBuffer[i]);


	DBG_NET(tracePGMlnNet(mDebugNet_DONE);)
}
    7346:	08 95       	ret

00007348 <sockInit>:

uint16_t lastPacket = 0, highPacket = 0;


static void sockInit(uint16_t port)
{
    7348:	cf 93       	push	r28
    734a:	df 93       	push	r29
    734c:	ec 01       	movw	r28, r24
		tracePGMlnTftp(mDebugTftp_SOCK);
		tracenum(port);
	)


	spiWriteReg(REG_S3_CR, S3_W_CB, CR_CLOSE);
    734e:	81 e0       	ldi	r24, 0x01	; 1
    7350:	97 e0       	ldi	r25, 0x07	; 7
    7352:	6c e6       	ldi	r22, 0x6C	; 108
    7354:	40 e1       	ldi	r20, 0x10	; 16
    7356:	60 df       	rcall	.-320    	; 0x7218 <spiWriteReg>
    7358:	81 e0       	ldi	r24, 0x01	; 1
        while(spiReadReg(REG_S3_CR, S3_R_CB)) {
    735a:	97 e0       	ldi	r25, 0x07	; 7
    735c:	68 e6       	ldi	r22, 0x68	; 104
    735e:	8b df       	rcall	.-234    	; 0x7276 <spiReadReg>
    7360:	88 23       	and	r24, r24
    7362:	d1 f7       	brne	.-12     	; 0x7358 <sockInit+0x10>
    7364:	82 e0       	ldi	r24, 0x02	; 2
    7366:	97 e0       	ldi	r25, 0x07	; 7
        	//wait for command to complete	
        }  
        
	do {
                // Write interrupt
		spiWriteReg(REG_S3_IR, S3_W_CB, 0xFF);
    7368:	6c e6       	ldi	r22, 0x6C	; 108
    736a:	4f ef       	ldi	r20, 0xFF	; 255
    736c:	55 df       	rcall	.-342    	; 0x7218 <spiWriteReg>
    736e:	80 e0       	ldi	r24, 0x00	; 0
    7370:	97 e0       	ldi	r25, 0x07	; 7
    7372:	6c e6       	ldi	r22, 0x6C	; 108
                // Write mode
                spiWriteReg(REG_S3_MR, S3_W_CB, MR_UDP);
    7374:	42 e0       	ldi	r20, 0x02	; 2
    7376:	50 df       	rcall	.-352    	; 0x7218 <spiWriteReg>
    7378:	84 e0       	ldi	r24, 0x04	; 4
    737a:	97 e0       	ldi	r25, 0x07	; 7
    737c:	6c e6       	ldi	r22, 0x6C	; 108
    737e:	ae 01       	movw	r20, r28
                // Write TFTP Port
		spiWriteWord(REG_S3_PORT0, S3_W_CB, port);
    7380:	64 df       	rcall	.-312    	; 0x724a <spiWriteWord>
    7382:	81 e0       	ldi	r24, 0x01	; 1
    7384:	97 e0       	ldi	r25, 0x07	; 7
    7386:	6c e6       	ldi	r22, 0x6C	; 108
    7388:	41 e0       	ldi	r20, 0x01	; 1
    738a:	46 df       	rcall	.-372    	; 0x7218 <spiWriteReg>
		// Open Socket
        	spiWriteReg(REG_S3_CR, S3_W_CB, CR_OPEN);
    738c:	81 e0       	ldi	r24, 0x01	; 1
    738e:	97 e0       	ldi	r25, 0x07	; 7
    7390:	68 e6       	ldi	r22, 0x68	; 104
    7392:	71 df       	rcall	.-286    	; 0x7276 <spiReadReg>
    7394:	88 23       	and	r24, r24
    7396:	d1 f7       	brne	.-12     	; 0x738c <sockInit+0x44>
        	while(spiReadReg(REG_S3_CR, S3_R_CB)) {
    7398:	83 e0       	ldi	r24, 0x03	; 3
    739a:	97 e0       	ldi	r25, 0x07	; 7
    739c:	68 e6       	ldi	r22, 0x68	; 104
    739e:	6b df       	rcall	.-298    	; 0x7276 <spiReadReg>
    73a0:	82 32       	cpi	r24, 0x22	; 34
    73a2:	29 f0       	breq	.+10     	; 0x73ae <sockInit+0x66>
    73a4:	81 e0       	ldi	r24, 0x01	; 1
        		//wait for command to complete	
 		} 
		// Read Status
		if(spiReadReg(REG_S3_SR, S3_R_CB) != SOCK_UDP)
    73a6:	97 e0       	ldi	r25, 0x07	; 7
    73a8:	6c e6       	ldi	r22, 0x6C	; 108
    73aa:	40 e1       	ldi	r20, 0x10	; 16
    73ac:	35 df       	rcall	.-406    	; 0x7218 <spiWriteReg>
    73ae:	83 e0       	ldi	r24, 0x03	; 3
    73b0:	97 e0       	ldi	r25, 0x07	; 7
    73b2:	68 e6       	ldi	r22, 0x68	; 104
			// Close Socket if it wasn't initialized correctly
			spiWriteReg(REG_S3_CR, S3_W_CB, CR_CLOSE);
    73b4:	60 df       	rcall	.-320    	; 0x7276 <spiReadReg>
    73b6:	82 32       	cpi	r24, 0x22	; 34
    73b8:	a9 f6       	brne	.-86     	; 0x7364 <sockInit+0x1c>
    73ba:	df 91       	pop	r29
    73bc:	cf 91       	pop	r28
    73be:	08 95       	ret

000073c0 <processPacket>:


		// If socket correctly opened continue
	} while(spiReadReg(REG_S3_SR, S3_R_CB) != SOCK_UDP);
    73c0:	bf 92       	push	r11
    73c2:	cf 92       	push	r12
    73c4:	df 92       	push	r13
    73c6:	ef 92       	push	r14
    73c8:	ff 92       	push	r15
    73ca:	0f 93       	push	r16
    73cc:	1f 93       	push	r17
}
    73ce:	cf 93       	push	r28
    73d0:	df 93       	push	r29
    73d2:	cd b7       	in	r28, 0x3d	; 61
#if (DEBUG_TFTP > 0)
static uint8_t processPacket(uint16_t packetSize)
#else
static uint8_t processPacket(void)
#endif
{
    73d4:	de b7       	in	r29, 0x3e	; 62
    73d6:	cc 50       	subi	r28, 0x0C	; 12
    73d8:	d2 40       	sbci	r29, 0x02	; 2
    73da:	de bf       	out	0x3e, r29	; 62
    73dc:	cd bf       	out	0x3d, r28	; 61
    73de:	88 e2       	ldi	r24, 0x28	; 40
    73e0:	97 e0       	ldi	r25, 0x07	; 7
    73e2:	68 e6       	ldi	r22, 0x68	; 104
    73e4:	62 df       	rcall	.-316    	; 0x72aa <spiReadWord>
    73e6:	ac 01       	movw	r20, r24
    73e8:	00 97       	sbiw	r24, 0x00	; 0
    73ea:	11 f4       	brne	.+4      	; 0x73f0 <processPacket+0x30>
    73ec:	40 e0       	ldi	r20, 0x00	; 0
    73ee:	58 e7       	ldi	r21, 0x78	; 120
    73f0:	ad e0       	ldi	r26, 0x0D	; 13

		DBG_BTN(button();)
	)

	// Read data from chip to buffer
	readPointer = spiReadWord(REG_S3_RX_RD0, S3_R_CB);
    73f2:	ca 2e       	mov	r12, r26
    73f4:	a2 e0       	ldi	r26, 0x02	; 2
    73f6:	da 2e       	mov	r13, r26
    73f8:	cc 0e       	add	r12, r28
    73fa:	dd 1e       	adc	r13, r29
    73fc:	7e 01       	movw	r14, r28

	if(readPointer == 0) readPointer = 0x0000;

#else

	if(readPointer == 0) readPointer += S3_RX_START;
    73fe:	08 94       	sec
    7400:	e1 1c       	adc	r14, r1
    7402:	f1 1c       	adc	r15, r1
    7404:	10 c0       	rjmp	.+32     	; 0x7426 <processPacket+0x66>


#if (DEBUG_TFTP > 0)
static uint8_t processPacket(uint16_t packetSize)
#else
static uint8_t processPacket(void)
    7406:	8a 01       	movw	r16, r20
    7408:	0f 5f       	subi	r16, 0xFF	; 255
    740a:	1f 4f       	sbci	r17, 0xFF	; 255
    740c:	ca 01       	movw	r24, r20
    740e:	60 e0       	ldi	r22, 0x00	; 0
    7410:	32 df       	rcall	.-412    	; 0x7276 <spiReadReg>
    7412:	f7 01       	movw	r30, r14
    7414:	81 93       	st	Z+, r24
    7416:	7f 01       	movw	r14, r30
    7418:	f0 e8       	ldi	r31, 0x80	; 128
    741a:	00 30       	cpi	r16, 0x00	; 0
		*bufPtr++ = spiReadReg(readPointer++, S3_RXBUF_CB);

		if(readPointer == 0xFFFF) readPointer = 0x0000; //changed 0c0800 to 0xFFFF, fixes a 4th packet retransmit bug. upload speed changed from 500sec to 90sec for 100kb program
#else

		*bufPtr++ = spiReadReg(readPointer++, 0);
    741c:	1f 07       	cpc	r17, r31
    741e:	11 f4       	brne	.+4      	; 0x7424 <processPacket+0x64>
    7420:	00 e0       	ldi	r16, 0x00	; 0
    7422:	18 e7       	ldi	r17, 0x78	; 120
    7424:	a8 01       	movw	r20, r16
    7426:	ec 14       	cp	r14, r12
    7428:	fd 04       	cpc	r15, r13
    742a:	69 f7       	brne	.-38     	; 0x7406 <processPacket+0x46>
    742c:	88 e2       	ldi	r24, 0x28	; 40
    742e:	97 e0       	ldi	r25, 0x07	; 7

		if(readPointer == S3_RX_END) readPointer = S3_RX_START;
    7430:	6c e6       	ldi	r22, 0x6C	; 108
    7432:	0b df       	rcall	.-490    	; 0x724a <spiWriteWord>
    7434:	81 e0       	ldi	r24, 0x01	; 1
    7436:	97 e0       	ldi	r25, 0x07	; 7
    7438:	6c e6       	ldi	r22, 0x6C	; 108
    743a:	40 e4       	ldi	r20, 0x40	; 64


#if (DEBUG_TFTP > 0)
static uint8_t processPacket(uint16_t packetSize)
#else
static uint8_t processPacket(void)
    743c:	ed de       	rcall	.-550    	; 0x7218 <spiWriteReg>

	if(readPointer == 0) readPointer += S3_RX_START;

#endif

	for(count = TFTP_PACKET_MAX_SIZE; count--;) {
    743e:	81 e0       	ldi	r24, 0x01	; 1
    7440:	97 e0       	ldi	r25, 0x07	; 7
    7442:	68 e6       	ldi	r22, 0x68	; 104

#endif

	}

	spiWriteWord(REG_S3_RX_RD0, S3_W_CB, readPointer);     // Write back new pointer
    7444:	18 df       	rcall	.-464    	; 0x7276 <spiReadReg>
    7446:	88 23       	and	r24, r24
    7448:	d1 f7       	brne	.-12     	; 0x743e <processPacket+0x7e>
    744a:	8e 01       	movw	r16, r28
    744c:	0f 5f       	subi	r16, 0xFF	; 255
	spiWriteReg(REG_S3_CR, S3_W_CB, CR_RECV);
    744e:	1f 4f       	sbci	r17, 0xFF	; 255
    7450:	fc e0       	ldi	r31, 0x0C	; 12
    7452:	ef 2e       	mov	r14, r31
    7454:	f7 e0       	ldi	r31, 0x07	; 7
    7456:	ff 2e       	mov	r15, r31
    7458:	f8 01       	movw	r30, r16

	while(spiReadReg(REG_S3_CR, S3_R_CB));
    745a:	41 91       	ld	r20, Z+
    745c:	8f 01       	movw	r16, r30
    745e:	c7 01       	movw	r24, r14
    7460:	6c e6       	ldi	r22, 0x6C	; 108
    7462:	da de       	rcall	.-588    	; 0x7218 <spiWriteReg>
    7464:	08 94       	sec
    7466:	e1 1c       	adc	r14, r1
    7468:	f1 1c       	adc	r15, r1
    746a:	f2 e1       	ldi	r31, 0x12	; 18
    746c:	ef 16       	cp	r14, r31
    746e:	f7 e0       	ldi	r31, 0x07	; 7
    7470:	ff 06       	cpc	r15, r31
    7472:	91 f7       	brne	.-28     	; 0x7458 <processPacket+0x98>
    7474:	ef 80       	ldd	r14, Y+7	; 0x07
	)

	// Set up return IP address and port
	uint8_t i;

	for(i = 0; i < 6; i++) spiWriteReg(REG_S3_DIPR0 + i, S3_W_CB, buffer[i]);
    7476:	ff 24       	eor	r15, r15
    7478:	fe 2c       	mov	r15, r14
    747a:	ee 24       	eor	r14, r14
    747c:	88 85       	ldd	r24, Y+8	; 0x08
    747e:	e8 0e       	add	r14, r24
    7480:	f1 1c       	adc	r15, r1
    7482:	89 85       	ldd	r24, Y+9	; 0x09
    7484:	90 e0       	ldi	r25, 0x00	; 0
    7486:	98 2f       	mov	r25, r24
    7488:	88 27       	eor	r24, r24
    748a:	2a 85       	ldd	r18, Y+10	; 0x0a
    748c:	82 0f       	add	r24, r18
    748e:	91 1d       	adc	r25, r1
    7490:	0b 85       	ldd	r16, Y+11	; 0x0b
    7492:	10 e0       	ldi	r17, 0x00	; 0

	DBG_TFTP(tracePGMlnTftp(mDebugTftp_RADDR);)

	// Parse packet
	uint16_t tftpDataLen = (buffer[6] << 8) + buffer[7];
    7494:	10 2f       	mov	r17, r16
    7496:	00 27       	eor	r16, r16
    7498:	2c 85       	ldd	r18, Y+12	; 0x0c
    749a:	02 0f       	add	r16, r18
    749c:	11 1d       	adc	r17, r1
    749e:	83 30       	cpi	r24, 0x03	; 3
    74a0:	91 05       	cpc	r25, r1
	uint16_t tftpOpcode  = (buffer[8] << 8) + buffer[9];
    74a2:	89 f4       	brne	.+34     	; 0x74c6 <processPacket+0x106>
    74a4:	09 33       	cpi	r16, 0x39	; 57
    74a6:	11 05       	cpc	r17, r1
    74a8:	60 f4       	brcc	.+24     	; 0x74c2 <processPacket+0x102>
    74aa:	20 91 20 01 	lds	r18, 0x0120
    74ae:	30 91 21 01 	lds	r19, 0x0121
	uint16_t tftpBlock   = (buffer[10] << 8) + buffer[11];
    74b2:	02 17       	cp	r16, r18
    74b4:	13 07       	cpc	r17, r19
    74b6:	28 f0       	brcs	.+10     	; 0x74c2 <processPacket+0x102>
    74b8:	2f 5f       	subi	r18, 0xFF	; 255
    74ba:	3f 4f       	sbci	r19, 0xFF	; 255
    74bc:	20 17       	cp	r18, r16
		tracenum(tftpOpcode);
		tracePGM(mDebugTftp_DLEN);
		tracenum(tftpDataLen - (TFTP_OPCODE_SIZE + TFTP_BLOCKNO_SIZE));
	)

	if((tftpOpcode == TFTP_OPCODE_DATA)
    74be:	31 07       	cpc	r19, r17
    74c0:	10 f4       	brcc	.+4      	; 0x74c6 <processPacket+0x106>
    74c2:	80 e0       	ldi	r24, 0x00	; 0
		&& ((tftpBlock > MAX_ADDR / 0x200) || (tftpBlock < highPacket) || (tftpBlock > highPacket + 1)))
    74c4:	90 e0       	ldi	r25, 0x00	; 0
    74c6:	25 e0       	ldi	r18, 0x05	; 5
    74c8:	e2 16       	cp	r14, r18
    74ca:	22 e0       	ldi	r18, 0x02	; 2
    74cc:	f2 06       	cpc	r15, r18
    74ce:	08 f0       	brcs	.+2      	; 0x74d2 <processPacket+0x112>
    74d0:	9d c0       	rjmp	.+314    	; 0x760c <processPacket+0x24c>
    74d2:	83 30       	cpi	r24, 0x03	; 3
    74d4:	91 05       	cpc	r25, r1
    74d6:	29 f1       	breq	.+74     	; 0x7522 <processPacket+0x162>
    74d8:	84 30       	cpi	r24, 0x04	; 4
    74da:	91 05       	cpc	r25, r1
    74dc:	48 f4       	brcc	.+18     	; 0x74f0 <processPacket+0x130>
    74de:	81 30       	cpi	r24, 0x01	; 1
    74e0:	91 05       	cpc	r25, r1
		tftpOpcode = TFTP_OPCODE_UKN;
    74e2:	09 f4       	brne	.+2      	; 0x74e6 <processPacket+0x126>
    74e4:	9a c0       	rjmp	.+308    	; 0x761a <processPacket+0x25a>

	if(tftpDataLen > (0x200 + TFTP_OPCODE_SIZE + TFTP_BLOCKNO_SIZE))
    74e6:	82 30       	cpi	r24, 0x02	; 2
    74e8:	91 05       	cpc	r25, r1
    74ea:	09 f0       	breq	.+2      	; 0x74ee <processPacket+0x12e>
    74ec:	8f c0       	rjmp	.+286    	; 0x760c <processPacket+0x24c>
    74ee:	05 c0       	rjmp	.+10     	; 0x74fa <processPacket+0x13a>
    74f0:	86 30       	cpi	r24, 0x06	; 6

	uint8_t returnCode = ERROR_UNKNOWN;
	uint16_t packetLength;


	switch(tftpOpcode) {
    74f2:	91 05       	cpc	r25, r1
    74f4:	08 f0       	brcs	.+2      	; 0x74f8 <processPacket+0x138>
    74f6:	8a c0       	rjmp	.+276    	; 0x760c <processPacket+0x24c>
    74f8:	90 c0       	rjmp	.+288    	; 0x761a <processPacket+0x25a>
    74fa:	f2 d1       	rcall	.+996    	; 0x78e0 <resetTick>
    74fc:	82 e0       	ldi	r24, 0x02	; 2
    74fe:	90 e0       	ldi	r25, 0x00	; 0
    7500:	6f ef       	ldi	r22, 0xFF	; 255
    7502:	20 d2       	rcall	.+1088   	; 0x7944 <__eewr_byte_m328p>
    7504:	80 91 28 01 	lds	r24, 0x0128
    7508:	90 91 29 01 	lds	r25, 0x0129
    750c:	1d df       	rcall	.-454    	; 0x7348 <sockInit>
    750e:	10 92 21 01 	sts	0x0121, r1
    7512:	10 92 20 01 	sts	0x0120, r1
    7516:	10 92 23 01 	sts	0x0123, r1
			DBG_TFTP(tracePGMlnTftp(mDebugTftp_OPRRQ);)
			break;

		case TFTP_OPCODE_WRQ: // Write request
			// Valid WRQ -> reset timer
			resetTick();
    751a:	10 92 22 01 	sts	0x0122, r1

			DBG_TFTP(tracePGMlnTftp(mDebugTftp_OPWRQ);)

			// Flagging image as invalid since the flashing process has started
			eeprom_write_byte(EEPROM_IMG_STAT, EEPROM_IMG_BAD_VALUE);
    751e:	02 e0       	ldi	r16, 0x02	; 2
    7520:	81 c0       	rjmp	.+258    	; 0x7624 <processPacket+0x264>
    7522:	de d1       	rcall	.+956    	; 0x78e0 <resetTick>
    7524:	4c ef       	ldi	r20, 0xFC	; 252
    7526:	c4 2e       	mov	r12, r20

#if defined(RANDOM_TFTP_DATA_PORT)
			sockInit((buffer[4] << 8) | ~buffer[5]); // Generate a 'random' TID (RFC1350)
#else
			sockInit(tftpTransferPort);
    7528:	4f ef       	ldi	r20, 0xFF	; 255
    752a:	d4 2e       	mov	r13, r20
    752c:	ce 0c       	add	r12, r14
    752e:	df 1c       	adc	r13, r15
    7530:	10 93 23 01 	sts	0x0123, r17
#else
				tracenum(tftpTransferPort);
#endif
			)

			lastPacket = highPacket = 0;
    7534:	00 93 22 01 	sts	0x0122, r16
    7538:	78 01       	movw	r14, r16
    753a:	08 94       	sec
    753c:	e1 08       	sbc	r14, r1
    753e:	f1 08       	sbc	r15, r1
    7540:	fe 2c       	mov	r15, r14
    7542:	ee 24       	eor	r14, r14
			returnCode = ACK; // Send back acknowledge for packet 0
    7544:	ff 0c       	add	r15, r15
			break;
    7546:	c7 01       	movw	r24, r14

		case TFTP_OPCODE_DATA:
			// Valid Data Packet -> reset timer
			resetTick();
    7548:	8c 0d       	add	r24, r12
    754a:	9d 1d       	adc	r25, r13

			DBG_TFTP(tracePGMlnTftp(mDebugTftp_OPDATA);)

			packetLength = tftpDataLen - (TFTP_OPCODE_SIZE + TFTP_BLOCKNO_SIZE);
    754c:	e0 e7       	ldi	r30, 0x70	; 112
    754e:	81 30       	cpi	r24, 0x01	; 1
    7550:	9e 07       	cpc	r25, r30
    7552:	08 f0       	brcs	.+2      	; 0x7556 <processPacket+0x196>
    7554:	64 c0       	rjmp	.+200    	; 0x761e <processPacket+0x25e>
    7556:	f0 e0       	ldi	r31, 0x00	; 0
			lastPacket = tftpBlock;
    7558:	cf 16       	cp	r12, r31
    755a:	f2 e0       	ldi	r31, 0x02	; 2
    755c:	df 06       	cpc	r13, r31
    755e:	10 f4       	brcc	.+4      	; 0x7564 <processPacket+0x1a4>
#if defined(RAMPZ)
			writeAddr = (((address_t)((tftpBlock - 1)/0x80) << 16) | ((address_t)((tftpBlock - 1)%0x80) << 9));
#else
			writeAddr = (address_t)((address_t)(tftpBlock - 1) << 9); // Flash write address for this block
    7560:	04 e0       	ldi	r16, 0x04	; 4
    7562:	05 c0       	rjmp	.+10     	; 0x756e <processPacket+0x1ae>
    7564:	02 e0       	ldi	r16, 0x02	; 2
    7566:	03 c0       	rjmp	.+6      	; 0x756e <processPacket+0x1ae>
    7568:	08 94       	sec
    756a:	c1 1c       	adc	r12, r1
    756c:	d1 1c       	adc	r13, r1
#endif

			if((writeAddr + packetLength) > MAX_ADDR) {
    756e:	c6 01       	movw	r24, r12
    7570:	8f 77       	andi	r24, 0x7F	; 127
    7572:	90 70       	andi	r25, 0x00	; 0
    7574:	00 97       	sbiw	r24, 0x00	; 0
    7576:	c1 f7       	brne	.-16     	; 0x7568 <processPacket+0x1a8>
    7578:	e1 14       	cp	r14, r1
    757a:	f1 04       	cpc	r15, r1
    757c:	31 f4       	brne	.+12     	; 0x758a <processPacket+0x1ca>
				uint8_t* pageBase = buffer + (UDP_HEADER_SIZE + TFTP_OPCODE_SIZE + TFTP_BLOCKNO_SIZE); // Start of block data
				uint16_t offset = 0; // Block offset


				// Set the return code before packetLength gets rounded up
				if(packetLength < TFTP_DATA_SIZE) returnCode = FINAL_ACK;
    757e:	ce 01       	movw	r24, r28
    7580:	0d 96       	adiw	r24, 0x0d	; 13
    7582:	48 d1       	rcall	.+656    	; 0x7814 <validImage>
    7584:	88 23       	and	r24, r24
    7586:	09 f4       	brne	.+2      	; 0x758a <processPacket+0x1ca>
    7588:	4c c0       	rjmp	.+152    	; 0x7622 <processPacket+0x262>
    758a:	de 01       	movw	r26, r28
				else returnCode = ACK;
    758c:	1e 96       	adiw	r26, 0x0e	; 14
    758e:	40 e0       	ldi	r20, 0x00	; 0

				// Round up packet length to a full flash sector size
				while(packetLength % SPM_PAGESIZE) packetLength++;
    7590:	50 e0       	ldi	r21, 0x00	; 0
    7592:	61 e0       	ldi	r22, 0x01	; 1
    7594:	73 e0       	ldi	r23, 0x03	; 3
    7596:	15 e0       	ldi	r17, 0x05	; 5
    7598:	31 e1       	ldi	r19, 0x11	; 17
    759a:	b3 2e       	mov	r11, r19
    759c:	2d c0       	rjmp	.+90     	; 0x75f8 <processPacket+0x238>
    759e:	8c 91       	ld	r24, X
				DBG_TFTP(
					tracePGMlnTftp(mDebugTftp_PLEN);
					tracenum(packetLength);
				)

				if(writeAddr == 0) {
    75a0:	90 e0       	ldi	r25, 0x00	; 0
    75a2:	38 2f       	mov	r19, r24
    75a4:	22 27       	eor	r18, r18
					// First sector - validate
					if(!validImage(pageBase)) {
    75a6:	fd 01       	movw	r30, r26
    75a8:	31 97       	sbiw	r30, 0x01	; 1
    75aa:	80 81       	ld	r24, Z
    75ac:	90 e0       	ldi	r25, 0x00	; 0
    75ae:	28 2b       	or	r18, r24
    75b0:	39 2b       	or	r19, r25
    75b2:	f7 01       	movw	r30, r14
    75b4:	09 01       	movw	r0, r18
    75b6:	60 93 57 00 	sts	0x0057, r22
					}
				}

				// Flash packets
				uint16_t writeValue;
				for(offset = 0; offset < packetLength;) {
    75ba:	e8 95       	spm
					writeValue = (pageBase[offset]) | (pageBase[offset + 1] << 8);
					boot_page_fill(writeAddr + offset, writeValue);
    75bc:	11 24       	eor	r1, r1
					)

					offset += 2;

					if(offset % SPM_PAGESIZE == 0) {
						boot_page_erase(writeAddr + offset - SPM_PAGESIZE);
    75be:	4e 5f       	subi	r20, 0xFE	; 254
						boot_spm_busy_wait();
						boot_page_write(writeAddr + offset - SPM_PAGESIZE);
    75c0:	5f 4f       	sbci	r21, 0xFF	; 255
						boot_spm_busy_wait();
#if defined(RWWSRE)
						// Reenable read access to flash
						boot_rww_enable();
    75c2:	ca 01       	movw	r24, r20
    75c4:	8f 77       	andi	r24, 0x7F	; 127
					}
				}

				// Flash packets
				uint16_t writeValue;
				for(offset = 0; offset < packetLength;) {
    75c6:	90 70       	andi	r25, 0x00	; 0
					writeValue = (pageBase[offset]) | (pageBase[offset + 1] << 8);
    75c8:	00 97       	sbiw	r24, 0x00	; 0
    75ca:	89 f4       	brne	.+34     	; 0x75ee <processPacket+0x22e>
    75cc:	ee 57       	subi	r30, 0x7E	; 126
    75ce:	f0 40       	sbci	r31, 0x00	; 0


#if (DEBUG_TFTP > 0)
static uint8_t processPacket(uint16_t packetSize)
#else
static uint8_t processPacket(void)
    75d0:	70 93 57 00 	sts	0x0057, r23
				}

				// Flash packets
				uint16_t writeValue;
				for(offset = 0; offset < packetLength;) {
					writeValue = (pageBase[offset]) | (pageBase[offset + 1] << 8);
    75d4:	e8 95       	spm
    75d6:	07 b6       	in	r0, 0x37	; 55
    75d8:	00 fc       	sbrc	r0, 0
    75da:	fd cf       	rjmp	.-6      	; 0x75d6 <processPacket+0x216>
					boot_page_fill(writeAddr + offset, writeValue);
    75dc:	10 93 57 00 	sts	0x0057, r17
    75e0:	e8 95       	spm
    75e2:	07 b6       	in	r0, 0x37	; 55
    75e4:	00 fc       	sbrc	r0, 0
    75e6:	fd cf       	rjmp	.-6      	; 0x75e2 <processPacket+0x222>
							tracePGM(mDebugTftp_OFFSET);
							tracenum(writeAddr + offset);
						}
					)

					offset += 2;
    75e8:	b0 92 57 00 	sts	0x0057, r11

					if(offset % SPM_PAGESIZE == 0) {
    75ec:	e8 95       	spm
    75ee:	12 96       	adiw	r26, 0x02	; 2
    75f0:	82 e0       	ldi	r24, 0x02	; 2
    75f2:	90 e0       	ldi	r25, 0x00	; 0
    75f4:	e8 0e       	add	r14, r24
						boot_page_erase(writeAddr + offset - SPM_PAGESIZE);
    75f6:	f9 1e       	adc	r15, r25
    75f8:	4c 15       	cp	r20, r12
    75fa:	5d 05       	cpc	r21, r13
    75fc:	80 f2       	brcs	.-96     	; 0x759e <processPacket+0x1de>
    75fe:	04 30       	cpi	r16, 0x04	; 4
						boot_spm_busy_wait();
    7600:	89 f4       	brne	.+34     	; 0x7624 <processPacket+0x264>
    7602:	82 e0       	ldi	r24, 0x02	; 2
    7604:	90 e0       	ldi	r25, 0x00	; 0
						boot_page_write(writeAddr + offset - SPM_PAGESIZE);
    7606:	6e ee       	ldi	r22, 0xEE	; 238
    7608:	9d d1       	rcall	.+826    	; 0x7944 <__eewr_byte_m328p>
    760a:	0c c0       	rjmp	.+24     	; 0x7624 <processPacket+0x264>
						boot_spm_busy_wait();
    760c:	80 91 28 01 	lds	r24, 0x0128
    7610:	90 91 29 01 	lds	r25, 0x0129
#if defined(RWWSRE)
						// Reenable read access to flash
						boot_rww_enable();
    7614:	99 de       	rcall	.-718    	; 0x7348 <sockInit>
    7616:	01 e0       	ldi	r16, 0x01	; 1
    7618:	05 c0       	rjmp	.+10     	; 0x7624 <processPacket+0x264>
    761a:	00 e0       	ldi	r16, 0x00	; 0
    761c:	03 c0       	rjmp	.+6      	; 0x7624 <processPacket+0x264>
    761e:	03 e0       	ldi	r16, 0x03	; 3
    7620:	01 c0       	rjmp	.+2      	; 0x7624 <processPacket+0x264>
					}
				}

				// Flash packets
				uint16_t writeValue;
				for(offset = 0; offset < packetLength;) {
    7622:	05 e0       	ldi	r16, 0x05	; 5
    7624:	80 2f       	mov	r24, r16
    7626:	c4 5f       	subi	r28, 0xF4	; 244
						boot_rww_enable();
#endif
					}
				}

				if(returnCode == FINAL_ACK) {
    7628:	dd 4f       	sbci	r29, 0xFD	; 253
    762a:	de bf       	out	0x3e, r29	; 62
					// Hand over to application

					DBG_TFTP(tracePGMlnTftp(mDebugTftp_DONE);)

					// Flag the image as valid since we received the last packet
					eeprom_write_byte(EEPROM_IMG_STAT, EEPROM_IMG_OK_VALUE);
    762c:	cd bf       	out	0x3d, r28	; 61
    762e:	df 91       	pop	r29
    7630:	cf 91       	pop	r28
    7632:	1f 91       	pop	r17
    7634:	0f 91       	pop	r16
    7636:	ff 90       	pop	r15
			)

#if defined(RANDOM_TFTP_DATA_PORT)
			sockInit((buffer[4] << 8) | ~buffer[5]); // Generate a 'random' TID (RFC1350)
#else
			sockInit(tftpTransferPort);
    7638:	ef 90       	pop	r14
    763a:	df 90       	pop	r13
    763c:	cf 90       	pop	r12
    763e:	bf 90       	pop	r11
    7640:	08 95       	ret

00007642 <tftpInit>:
    7642:	cf 93       	push	r28
			 * It can be done by reinitializig the tftpd or
			 * by resetting the device. I should find out which is best...
			 * Right now it is being done by resetting the timer if we have a
			 * data packet. */
			// Invalid - return error
			returnCode = ERROR_INVALID;
    7644:	85 e4       	ldi	r24, 0x45	; 69
			break;
    7646:	90 e0       	ldi	r25, 0x00	; 0
		tftpOpcode = TFTP_OPCODE_UKN;

	if(tftpDataLen > (0x200 + TFTP_OPCODE_SIZE + TFTP_BLOCKNO_SIZE))
		tftpOpcode = TFTP_OPCODE_UKN;

	uint8_t returnCode = ERROR_UNKNOWN;
    7648:	7f de       	rcall	.-770    	; 0x7348 <sockInit>
    764a:	87 e1       	ldi	r24, 0x17	; 23
				// Flash is full - abort with an error before a bootloader overwrite occurs
				// Application is now corrupt, so do not hand over.

				DBG_TFTP(tracePGMlnTftp(mDebugTftp_FULL);)

				returnCode = ERROR_FULL;
    764c:	90 e0       	ldi	r25, 0x00	; 0
    764e:	72 d1       	rcall	.+740    	; 0x7934 <__eerd_byte_m328p>

#if defined(__AVR_ATmega328__) || defined(__AVR_ATmega328P__)
						/* FIXME: Validity checks. Small programms (under 512 bytes?) don't
						 * have the the JMP sections and that is why app.bin was failing.
						 * When flashing big binaries is fixed, uncomment the break below.*/
						returnCode = INVALID_IMAGE;
    7650:	8b 3b       	cpi	r24, 0xBB	; 187
			break;

	}

	return(returnCode);
}
    7652:	91 f4       	brne	.+36     	; 0x7678 <tftpInit+0x36>
    7654:	89 e1       	ldi	r24, 0x19	; 25
    7656:	90 e0       	ldi	r25, 0x00	; 0
    7658:	6d d1       	rcall	.+730    	; 0x7934 <__eerd_byte_m328p>
    765a:	c8 2f       	mov	r28, r24
    765c:	88 e1       	ldi	r24, 0x18	; 24
    765e:	90 e0       	ldi	r25, 0x00	; 0
    7660:	69 d1       	rcall	.+722    	; 0x7934 <__eerd_byte_m328p>
    7662:	2c 2f       	mov	r18, r28
    7664:	30 e0       	ldi	r19, 0x00	; 0
    7666:	32 2f       	mov	r19, r18
    7668:	22 27       	eor	r18, r18
    766a:	28 0f       	add	r18, r24
    766c:	31 1d       	adc	r19, r1
    766e:	30 93 29 01 	sts	0x0129, r19
 * Initializes the network controller
 */
void tftpInit(void)
{
	// Open socket
	sockInit(TFTP_PORT);
    7672:	20 93 28 01 	sts	0x0128, r18
    7676:	06 c0       	rjmp	.+12     	; 0x7684 <tftpInit+0x42>
    7678:	89 e7       	ldi	r24, 0x79	; 121

#if defined(RANDOM_TFTP_DATA_PORT)
#else
	if(eeprom_read_byte(EEPROM_SIG_3) == EEPROM_SIG_3_VALUE)
    767a:	97 eb       	ldi	r25, 0xB7	; 183
    767c:	90 93 29 01 	sts	0x0129, r25
    7680:	80 93 28 01 	sts	0x0128, r24
    7684:	cf 91       	pop	r28
		tftpTransferPort = ((eeprom_read_byte(EEPROM_PORT + 1) << 8) + eeprom_read_byte(EEPROM_PORT));
    7686:	08 95       	ret

00007688 <tftpPoll>:
    7688:	af 92       	push	r10
    768a:	bf 92       	push	r11
    768c:	cf 92       	push	r12
    768e:	df 92       	push	r13
    7690:	ff 92       	push	r15
    7692:	0f 93       	push	r16
    7694:	1f 93       	push	r17
    7696:	cf 93       	push	r28
    7698:	df 93       	push	r29
    769a:	cd b7       	in	r28, 0x3d	; 61
    769c:	de b7       	in	r29, 0x3e	; 62
    769e:	c5 56       	subi	r28, 0x65	; 101
    76a0:	d0 40       	sbci	r29, 0x00	; 0
    76a2:	de bf       	out	0x3e, r29	; 62
    76a4:	cd bf       	out	0x3d, r28	; 61
    76a6:	86 e2       	ldi	r24, 0x26	; 38
    76a8:	97 e0       	ldi	r25, 0x07	; 7
    76aa:	68 e6       	ldi	r22, 0x68	; 104
    76ac:	fe dd       	rcall	.-1028   	; 0x72aa <spiReadWord>
	else
		tftpTransferPort = TFTP_DATA_PORT;
    76ae:	00 97       	sbiw	r24, 0x00	; 0
    76b0:	09 f4       	brne	.+2      	; 0x76b4 <tftpPoll+0x2c>
    76b2:	a1 c0       	rjmp	.+322    	; 0x77f6 <tftpPoll+0x16e>
    76b4:	81 e0       	ldi	r24, 0x01	; 1
    76b6:	80 93 2b 01 	sts	0x012B, r24
#else
		tracePGMlnTftp(mDebugTftp_PORT);
		tracenum(tftpTransferPort);
#endif
	)
}
    76ba:	0e c0       	rjmp	.+28     	; 0x76d8 <tftpPoll+0x50>
    76bc:	82 e0       	ldi	r24, 0x02	; 2

/**
 * Looks for a connection
 */
uint8_t tftpPoll(void)
{
    76be:	97 e0       	ldi	r25, 0x07	; 7
    76c0:	6c e6       	ldi	r22, 0x6C	; 108
    76c2:	44 e0       	ldi	r20, 0x04	; 4
    76c4:	a9 dd       	rcall	.-1198   	; 0x7218 <spiWriteReg>
    76c6:	8f ef       	ldi	r24, 0xFF	; 255
    76c8:	97 e8       	ldi	r25, 0x87	; 135
    76ca:	a3 e1       	ldi	r26, 0x13	; 19
    76cc:	81 50       	subi	r24, 0x01	; 1
    76ce:	90 40       	sbci	r25, 0x00	; 0
    76d0:	a0 40       	sbci	r26, 0x00	; 0
    76d2:	e1 f7       	brne	.-8      	; 0x76cc <tftpPoll+0x44>
    76d4:	00 c0       	rjmp	.+0      	; 0x76d6 <tftpPoll+0x4e>
    76d6:	00 00       	nop
    76d8:	82 e0       	ldi	r24, 0x02	; 2
    76da:	97 e0       	ldi	r25, 0x07	; 7
	uint8_t response = ACK;
	// Get the size of the recieved data
	uint16_t packetSize = spiReadWord(REG_S3_RX_RSR0, S3_R_CB);
    76dc:	68 e6       	ldi	r22, 0x68	; 104
    76de:	cb dd       	rcall	.-1130   	; 0x7276 <spiReadReg>
    76e0:	82 fd       	sbrc	r24, 2
    76e2:	ec cf       	rjmp	.-40     	; 0x76bc <tftpPoll+0x34>
    76e4:	6d de       	rcall	.-806    	; 0x73c0 <processPacket>
// 			_delay_ms(400);
// 			packetSize = spiReadWord(REG_S3_RX_RSR0);
// 		}
// 	} while (packetSize != incSize);

	if(packetSize) {
    76e6:	f8 2e       	mov	r15, r24
    76e8:	84 e2       	ldi	r24, 0x24	; 36
    76ea:	97 e0       	ldi	r25, 0x07	; 7
		tftpFlashing = TRUE;
    76ec:	60 e0       	ldi	r22, 0x00	; 0
    76ee:	dd dd       	rcall	.-1094   	; 0x72aa <spiReadWord>
    76f0:	c1 2c       	mov	r12, r1

		while((spiReadReg(REG_S3_IR, S3_R_CB) & IR_RECV)) {
    76f2:	08 e5       	ldi	r16, 0x58	; 88
			spiWriteReg(REG_S3_IR, S3_W_CB, IR_RECV);
    76f4:	d0 2e       	mov	r13, r16
    76f6:	c8 0e       	add	r12, r24
    76f8:	d9 1e       	adc	r13, r25
    76fa:	92 e0       	ldi	r25, 0x02	; 2
    76fc:	f9 16       	cp	r15, r25
    76fe:	59 f1       	breq	.+86     	; 0x7756 <tftpPoll+0xce>
    7700:	9f 15       	cp	r25, r15
    7702:	20 f0       	brcs	.+8      	; 0x770c <tftpPoll+0x84>
    7704:	a1 e0       	ldi	r26, 0x01	; 1
    7706:	fa 16       	cp	r15, r26
    7708:	39 f4       	brne	.+14     	; 0x7718 <tftpPoll+0x90>
    770a:	13 c0       	rjmp	.+38     	; 0x7732 <tftpPoll+0xaa>
    770c:	b3 e0       	ldi	r27, 0x03	; 3
    770e:	fb 16       	cp	r15, r27
    7710:	c9 f0       	breq	.+50     	; 0x7744 <tftpPoll+0xbc>
// 	} while (packetSize != incSize);

	if(packetSize) {
		tftpFlashing = TRUE;

		while((spiReadReg(REG_S3_IR, S3_R_CB) & IR_RECV)) {
    7712:	e4 e0       	ldi	r30, 0x04	; 4
    7714:	fe 16       	cp	r15, r30
    7716:	71 f1       	breq	.+92     	; 0x7774 <tftpPoll+0xec>
    7718:	ce 01       	movw	r24, r28
    771a:	01 96       	adiw	r24, 0x01	; 1
    771c:	60 e8       	ldi	r22, 0x80	; 128
    771e:	70 e7       	ldi	r23, 0x70	; 112
		// Process Packet and get TFTP response code
#if (DEBUG_TFTP > 0)
		packetSize = spiReadWord(REG_S3_RX_RSR0, S3_R_CB);
		response = processPacket(packetSize);
#else
		response = processPacket();
    7720:	4a e0       	ldi	r20, 0x0A	; 10
    7722:	50 e0       	ldi	r21, 0x00	; 0
    7724:	fe d0       	rcall	.+508    	; 0x7922 <memcpy_P>
	uint16_t writePointer;
	
#if (W5500 > 0)
	writePointer = spiReadWord(REG_S3_TX_WR0, S3_R_CB);
#else
	writePointer = spiReadWord(REG_S3_TX_WR0, 0) + S3_TX_START;
    7726:	2a e0       	ldi	r18, 0x0A	; 10
    7728:	5e 01       	movw	r10, r28
    772a:	08 94       	sec
    772c:	a1 1c       	adc	r10, r1
    772e:	b1 1c       	adc	r11, r1
    7730:	2c c0       	rjmp	.+88     	; 0x778a <tftpPoll+0x102>
    7732:	ce 01       	movw	r24, r28
    7734:	01 96       	adiw	r24, 0x01	; 1
    7736:	65 e9       	ldi	r22, 0x95	; 149
    7738:	70 e7       	ldi	r23, 0x70	; 112
#endif


	switch(response) {
    773a:	4c e0       	ldi	r20, 0x0C	; 12
    773c:	50 e0       	ldi	r21, 0x00	; 0
    773e:	f1 d0       	rcall	.+482    	; 0x7922 <memcpy_P>
    7740:	2c e0       	ldi	r18, 0x0C	; 12
    7742:	f2 cf       	rjmp	.-28     	; 0x7728 <tftpPoll+0xa0>
    7744:	ce 01       	movw	r24, r28
    7746:	01 96       	adiw	r24, 0x01	; 1
    7748:	6b e8       	ldi	r22, 0x8B	; 139
    774a:	70 e7       	ldi	r23, 0x70	; 112
    774c:	49 e0       	ldi	r20, 0x09	; 9
    774e:	50 e0       	ldi	r21, 0x00	; 0
    7750:	e8 d0       	rcall	.+464    	; 0x7922 <memcpy_P>
    7752:	29 e0       	ldi	r18, 0x09	; 9
    7754:	e9 cf       	rjmp	.-46     	; 0x7728 <tftpPoll+0xa0>
    7756:	80 91 22 01 	lds	r24, 0x0122
			// Send unknown error packet
			packetLength = TFTP_UNKNOWN_ERROR_LEN;
#if (FLASHEND > 0x10000)
			memcpy_PF(txBuffer, PROGMEM_OFFSET + (uint32_t)(uint16_t)tftp_unknown_error_packet, packetLength);
#else
			memcpy_P(txBuffer, tftp_unknown_error_packet, packetLength);
    775a:	90 91 23 01 	lds	r25, 0x0123
    775e:	20 91 20 01 	lds	r18, 0x0120
    7762:	30 91 21 01 	lds	r19, 0x0121
    7766:	28 17       	cp	r18, r24
	switch(response) {
		default:

		case ERROR_UNKNOWN:
			// Send unknown error packet
			packetLength = TFTP_UNKNOWN_ERROR_LEN;
    7768:	39 07       	cpc	r19, r25
			DBG_TFTP(
				if(response == FINAL_ACK)
					tracePGMlnTftp(mDebugTftp_SFACK);
			)

			packetLength = 4;
    776a:	20 f4       	brcc	.+8      	; 0x7774 <tftpPoll+0xec>
    776c:	90 93 21 01 	sts	0x0121, r25
    7770:	80 93 20 01 	sts	0x0120, r24
			// Send invalid opcode packet
			packetLength = TFTP_OPCODE_ERROR_LEN;
#if (FLASHEND > 0x10000)
			memcpy_PF(txBuffer, PROGMEM_OFFSET + (uint32_t)(uint16_t)tftp_opcode_error_packet, packetLength);
#else
			memcpy_P(txBuffer, tftp_opcode_error_packet, packetLength);
    7774:	19 82       	std	Y+1, r1	; 0x01
    7776:	84 e0       	ldi	r24, 0x04	; 4
    7778:	8a 83       	std	Y+2, r24	; 0x02
    777a:	80 91 22 01 	lds	r24, 0x0122
    777e:	90 91 23 01 	lds	r25, 0x0123
    7782:	9b 83       	std	Y+3, r25	; 0x03
#endif
			break;

		case ERROR_INVALID:
			// Send invalid opcode packet
			packetLength = TFTP_OPCODE_ERROR_LEN;
    7784:	8c 83       	std	Y+4, r24	; 0x04
    7786:	24 e0       	ldi	r18, 0x04	; 4
			// Send unknown error packet
			packetLength = TFTP_FULL_ERROR_LEN;
#if (FLASHEND > 0x10000)
			memcpy_PF(txBuffer, PROGMEM_OFFSET + (uint32_t)(uint16_t)tftp_full_error_packet, packetLength);
#else
			memcpy_P(txBuffer, tftp_full_error_packet, packetLength);
    7788:	cf cf       	rjmp	.-98     	; 0x7728 <tftpPoll+0xa0>
    778a:	86 01       	movw	r16, r12
    778c:	0f 5f       	subi	r16, 0xFF	; 255
    778e:	1f 4f       	sbci	r17, 0xFF	; 255
    7790:	d5 01       	movw	r26, r10
    7792:	4d 91       	ld	r20, X+
    7794:	5d 01       	movw	r10, r26
    7796:	c6 01       	movw	r24, r12
#endif
			break;

		case ERROR_FULL:
			// Send unknown error packet
			packetLength = TFTP_FULL_ERROR_LEN;
    7798:	64 e7       	ldi	r22, 0x74	; 116
    779a:	a6 96       	adiw	r28, 0x26	; 38
			memcpy_P(txBuffer, tftp_full_error_packet, packetLength);
#endif
			break;

		case ACK:
			if(lastPacket > highPacket) highPacket = lastPacket;
    779c:	2f af       	sts	0x7f, r18
    779e:	a6 97       	sbiw	r28, 0x26	; 38
    77a0:	3b dd       	rcall	.-1418   	; 0x7218 <spiWriteReg>
    77a2:	a6 96       	adiw	r28, 0x26	; 38
    77a4:	2f ad       	sts	0x6f, r18
    77a6:	a6 97       	sbiw	r28, 0x26	; 38
    77a8:	b0 e6       	ldi	r27, 0x60	; 96
    77aa:	00 30       	cpi	r16, 0x00	; 0
    77ac:	1b 07       	cpc	r17, r27
    77ae:	11 f0       	breq	.+4      	; 0x77b4 <tftpPoll+0x12c>
    77b0:	68 01       	movw	r12, r16
    77b2:	03 c0       	rjmp	.+6      	; 0x77ba <tftpPoll+0x132>
    77b4:	c1 2c       	mov	r12, r1
    77b6:	18 e5       	ldi	r17, 0x58	; 88
    77b8:	d1 2e       	mov	r13, r17
				if(response == FINAL_ACK)
					tracePGMlnTftp(mDebugTftp_SFACK);
			)

			packetLength = 4;
			*txPtr++ = TFTP_OPCODE_ACK >> 8;
    77ba:	21 50       	subi	r18, 0x01	; 1
			*txPtr++ = TFTP_OPCODE_ACK & 0xff;
    77bc:	31 f7       	brne	.-52     	; 0x778a <tftpPoll+0x102>
    77be:	a6 01       	movw	r20, r12
			// lastPacket is block code
			*txPtr++ = lastPacket >> 8;
    77c0:	40 50       	subi	r20, 0x00	; 0
    77c2:	58 45       	sbci	r21, 0x58	; 88
    77c4:	84 e2       	ldi	r24, 0x24	; 36
    77c6:	97 e0       	ldi	r25, 0x07	; 7
    77c8:	6c e6       	ldi	r22, 0x6C	; 108
			*txPtr = lastPacket & 0xff;
    77ca:	3f dd       	rcall	.-1410   	; 0x724a <spiWriteWord>
			DBG_TFTP(
				if(response == FINAL_ACK)
					tracePGMlnTftp(mDebugTftp_SFACK);
			)

			packetLength = 4;
    77cc:	81 e0       	ldi	r24, 0x01	; 1
    77ce:	97 e0       	ldi	r25, 0x07	; 7
	}

	txPtr = txBuffer;

	while(packetLength--) {
		spiWriteReg(writePointer++, S3_TXBUF_CB, *txPtr++);
    77d0:	6c e6       	ldi	r22, 0x6C	; 108
    77d2:	40 e2       	ldi	r20, 0x20	; 32
    77d4:	21 dd       	rcall	.-1470   	; 0x7218 <spiWriteReg>
    77d6:	81 e0       	ldi	r24, 0x01	; 1
    77d8:	97 e0       	ldi	r25, 0x07	; 7
    77da:	68 e6       	ldi	r22, 0x68	; 104
    77dc:	4c dd       	rcall	.-1384   	; 0x7276 <spiReadReg>
    77de:	88 23       	and	r24, r24
    77e0:	d1 f7       	brne	.-12     	; 0x77d6 <tftpPoll+0x14e>
    77e2:	e4 e0       	ldi	r30, 0x04	; 4
    77e4:	fe 16       	cp	r15, r30
    77e6:	39 f4       	brne	.+14     	; 0x77f6 <tftpPoll+0x16e>
    77e8:	81 e0       	ldi	r24, 0x01	; 1
		if(writePointer == 0xFFFF) writePointer = 0x0000;  //changed 0c0800 to 0xFFFF, fixes a 4th packet retransmit bug. upload speed changed from 500sec to 90sec for 100kb program
	}

	spiWriteWord(REG_S3_TX_WR0, S3_W_CB, writePointer);
#else
		if(writePointer == S3_TX_END) writePointer = S3_TX_START;
    77ea:	97 e0       	ldi	r25, 0x07	; 7
    77ec:	6c e6       	ldi	r22, 0x6C	; 108
    77ee:	40 e1       	ldi	r20, 0x10	; 16
    77f0:	13 dd       	rcall	.-1498   	; 0x7218 <spiWriteReg>
    77f2:	80 e0       	ldi	r24, 0x00	; 0
    77f4:	01 c0       	rjmp	.+2      	; 0x77f8 <tftpPoll+0x170>
    77f6:	81 e0       	ldi	r24, 0x01	; 1
    77f8:	cb 59       	subi	r28, 0x9B	; 155
    77fa:	df 4f       	sbci	r29, 0xFF	; 255
    77fc:	de bf       	out	0x3e, r29	; 62
    77fe:	cd bf       	out	0x3d, r28	; 61
    7800:	df 91       	pop	r29
    7802:	cf 91       	pop	r28
			break;
	}

	txPtr = txBuffer;

	while(packetLength--) {
    7804:	1f 91       	pop	r17
	spiWriteWord(REG_S3_TX_WR0, S3_W_CB, writePointer);
#else
		if(writePointer == S3_TX_END) writePointer = S3_TX_START;
	}

	spiWriteWord(REG_S3_TX_WR0, S3_W_CB, writePointer - S3_TX_START);
    7806:	0f 91       	pop	r16
    7808:	ff 90       	pop	r15
    780a:	df 90       	pop	r13
    780c:	cf 90       	pop	r12
    780e:	bf 90       	pop	r11
    7810:	af 90       	pop	r10
    7812:	08 95       	ret

00007814 <validImage>:
#include "serial.h"
#include "debug.h"
#include "debug_vald.h"

uint8_t validImage(uint8_t* base)
{
    7814:	fc 01       	movw	r30, r24
	/* Check that a jump table is present in the first flash sector */
	uint8_t i;
	for(i = 0; i < 0x34; i += 4) {
    7816:	80 e0       	ldi	r24, 0x00	; 0

		// For each vector, check it is of the form:
		// 0x0C 0x94 0xWX 0xYZ  ; JMP 0xWXYZ
		if(base[i] != 0x0c) {
    7818:	90 81       	ld	r25, Z
    781a:	9c 30       	cpi	r25, 0x0C	; 12
    781c:	49 f4       	brne	.+18     	; 0x7830 <validImage+0x1c>
				tracePGM(mDebugVald_0x0C);
			)
			return(0);
		}
		
		if(base[i + 1] != 0x94) {
    781e:	91 81       	ldd	r25, Z+1	; 0x01
    7820:	94 39       	cpi	r25, 0x94	; 148
    7822:	41 f4       	brne	.+16     	; 0x7834 <validImage+0x20>

uint8_t validImage(uint8_t* base)
{
	/* Check that a jump table is present in the first flash sector */
	uint8_t i;
	for(i = 0; i < 0x34; i += 4) {
    7824:	8c 5f       	subi	r24, 0xFC	; 252
    7826:	34 96       	adiw	r30, 0x04	; 4
    7828:	84 33       	cpi	r24, 0x34	; 52
    782a:	b1 f7       	brne	.-20     	; 0x7818 <validImage+0x4>
		}
	}

	DBG_VALD(tracePGMlnVald(mDebugVald_VALID);)

	return(1);
    782c:	81 e0       	ldi	r24, 0x01	; 1
    782e:	08 95       	ret
				tracenum(i);
				tracePGM(mDebugVald_WITH);
				tracenum(base[i]);
				tracePGM(mDebugVald_0x0C);
			)
			return(0);
    7830:	80 e0       	ldi	r24, 0x00	; 0
    7832:	08 95       	ret
				tracenum(i + 1);
				tracePGM(mDebugVald_WITH);
				tracenum(base[i + 1]);
				tracePGM(mDebugVald_0x94);
			)
			return(0);
    7834:	80 e0       	ldi	r24, 0x00	; 0
	}

	DBG_VALD(tracePGMlnVald(mDebugVald_VALID);)

	return(1);
}
    7836:	08 95       	ret

00007838 <serialInit>:


void serialInit(void)
{
	// Double speed mode USART0
	UART_STATUS_REG		= _BV(UART_DOUBLE_SPEED);
    7838:	82 e0       	ldi	r24, 0x02	; 2
    783a:	80 93 c0 00 	sts	0x00C0, r24
	// Enable receiver and transiter on USART0
	UART_CONTROL_REG	= _BV(UART_ENABLE_RECEIVER) | _BV(UART_ENABLE_TRANSMITTER);
    783e:	88 e1       	ldi	r24, 0x18	; 24
    7840:	80 93 c1 00 	sts	0x00C1, r24
	// Set 8bit character length on USART0
	UART_MODE_REG		= _BV(UART_CHAR_SIZE_LOW) | _BV(UART_CHAR_SIZE_MID);
    7844:	86 e0       	ldi	r24, 0x06	; 6
    7846:	80 93 c2 00 	sts	0x00C2, r24
	// Set USART0 baud rate
	UART_BAUD_RATE_LOW	= (uint8_t)((F_CPU + BAUD_RATE * 4L) / (BAUD_RATE * 8L) - 1);
    784a:	80 e1       	ldi	r24, 0x10	; 16
    784c:	80 93 c4 00 	sts	0x00C4, r24

#if (DEBUG > 0)
	DDRD = 0x92;
#endif

}
    7850:	08 95       	ret

00007852 <putch>:


void putch(uint8_t c)
{
	while(!(UART_STATUS_REG & _BV(UART_DATA_REG_EMPTY)));
    7852:	90 91 c0 00 	lds	r25, 0x00C0
    7856:	95 ff       	sbrs	r25, 5
    7858:	fc cf       	rjmp	.-8      	; 0x7852 <putch>
	UART_DATA_REG = c;
    785a:	80 93 c6 00 	sts	0x00C6, r24
}
    785e:	08 95       	ret

00007860 <puthex>:


void puthex(uint8_t c)
{
	c &= 0xf;
    7860:	8f 70       	andi	r24, 0x0F	; 15
	if(c > 9) c += 7;
    7862:	8a 30       	cpi	r24, 0x0A	; 10
    7864:	08 f0       	brcs	.+2      	; 0x7868 <puthex+0x8>
    7866:	89 5f       	subi	r24, 0xF9	; 249
	//while(!(UART_STATUS_REG & _BV(UART_DATA_REG_EMPTY)));
	//UART_DATA_REG = c + '0';
	putch(c + '0');
    7868:	80 5d       	subi	r24, 0xD0	; 208
    786a:	f3 cf       	rjmp	.-26     	; 0x7852 <putch>

0000786c <getch>:
    786c:	80 91 c0 00 	lds	r24, 0x00C0

uint8_t getch(void)
{
	//uint8_t ch;

	while(!(UART_STATUS_REG & _BV(UART_RECEIVE_COMPLETE)));
    7870:	87 ff       	sbrs	r24, 7
    7872:	fc cf       	rjmp	.-8      	; 0x786c <getch>
    7874:	80 91 c0 00 	lds	r24, 0x00C0
	if(!(UART_STATUS_REG & _BV(UART_FRAME_ERROR))) {
    7878:	84 fd       	sbrc	r24, 4
    787a:	01 c0       	rjmp	.+2      	; 0x787e <getch+0x12>
    787c:	a8 95       	wdr
    787e:	80 91 c6 00 	lds	r24, 0x00C6
	}

	//ch = UART_DATA_REG;
	//return ch;

	return(UART_DATA_REG);
    7882:	08 95       	ret

00007884 <serialPoll>:
    7884:	80 91 c0 00 	lds	r24, 0x00C0
}


uint8_t serialPoll(void)
{
	if(UART_STATUS_REG & _BV(UART_RECEIVE_COMPLETE)) {
    7888:	87 ff       	sbrs	r24, 7
    788a:	04 c0       	rjmp	.+8      	; 0x7894 <serialPoll+0x10>
    788c:	29 d0       	rcall	.+82     	; 0x78e0 <resetTick>
    788e:	81 e0       	ldi	r24, 0x01	; 1
		resetTick();
    7890:	80 93 2a 01 	sts	0x012A, r24
		serialFlashing = TRUE;
    7894:	81 e0       	ldi	r24, 0x01	; 1
    7896:	08 95       	ret

00007898 <updateLed>:
static uint16_t last_timer_1;
static uint16_t tick = 0;

void updateLed(void)
{
	uint16_t next_timer_1 = TCNT1;
    7898:	80 91 84 00 	lds	r24, 0x0084
    789c:	90 91 85 00 	lds	r25, 0x0085

	if(next_timer_1 & 0x400) {
    78a0:	92 ff       	sbrs	r25, 2
    78a2:	08 c0       	rjmp	.+16     	; 0x78b4 <updateLed+0x1c>
        if ( (PIND & _BV(LED)) == _BV(LED) ) {//if blue led is on
    78a4:	4d 9b       	sbis	0x09, 5	; 9
    78a6:	02 c0       	rjmp	.+4      	; 0x78ac <updateLed+0x14>
            LED_PORT &= ~_BV(LED); // Led pin low
    78a8:	2d 98       	cbi	0x05, 5	; 5
    78aa:	04 c0       	rjmp	.+8      	; 0x78b4 <updateLed+0x1c>
        }
        else {
            LED_PORT ^= _BV(LED);// Led pin high
    78ac:	25 b1       	in	r18, 0x05	; 5
    78ae:	30 e2       	ldi	r19, 0x20	; 32
    78b0:	23 27       	eor	r18, r19
    78b2:	25 b9       	out	0x05, r18	; 5
        }
    
    }

	if(next_timer_1 < last_timer_1) {
    78b4:	20 91 24 01 	lds	r18, 0x0124
    78b8:	30 91 25 01 	lds	r19, 0x0125
    78bc:	82 17       	cp	r24, r18
    78be:	93 07       	cpc	r25, r19
    78c0:	50 f4       	brcc	.+20     	; 0x78d6 <updateLed+0x3e>
		tick++;
    78c2:	20 91 26 01 	lds	r18, 0x0126
    78c6:	30 91 27 01 	lds	r19, 0x0127
    78ca:	2f 5f       	subi	r18, 0xFF	; 255
    78cc:	3f 4f       	sbci	r19, 0xFF	; 255
    78ce:	30 93 27 01 	sts	0x0127, r19
    78d2:	20 93 26 01 	sts	0x0126, r18
		    tracePGMlnUtil(mDebugUtil_LAST);
		    tracenum(last_timer_1);
		)
	}

	last_timer_1 = next_timer_1;
    78d6:	90 93 25 01 	sts	0x0125, r25
    78da:	80 93 24 01 	sts	0x0124, r24
}
    78de:	08 95       	ret

000078e0 <resetTick>:
#endif
#endif

void resetTick(void)
{
	TCNT1 = 0;
    78e0:	10 92 85 00 	sts	0x0085, r1
    78e4:	10 92 84 00 	sts	0x0084, r1
	tick = 0;
    78e8:	10 92 27 01 	sts	0x0127, r1
    78ec:	10 92 26 01 	sts	0x0126, r1
}
    78f0:	08 95       	ret

000078f2 <timedOut>:
{
	// Never timeout if there is no code in Flash
#if (FLASHEND > 0x10000)
	if(pgm_read_word_far(0x0000) == 0xFFFF) return(0);
#else
	if(pgm_read_word_near(0x0000) == 0xFFFF) return(0);
    78f2:	e0 e0       	ldi	r30, 0x00	; 0
    78f4:	f0 e0       	ldi	r31, 0x00	; 0
    78f6:	85 91       	lpm	r24, Z+
    78f8:	94 91       	lpm	r25, Z
    78fa:	2f ef       	ldi	r18, 0xFF	; 255
    78fc:	8f 3f       	cpi	r24, 0xFF	; 255
    78fe:	92 07       	cpc	r25, r18
    7900:	51 f0       	breq	.+20     	; 0x7916 <timedOut+0x24>
    7902:	81 e0       	ldi	r24, 0x01	; 1
    7904:	20 91 26 01 	lds	r18, 0x0126
    7908:	30 91 27 01 	lds	r19, 0x0127
    790c:	25 30       	cpi	r18, 0x05	; 5
    790e:	31 05       	cpc	r19, r1
    7910:	18 f4       	brcc	.+6      	; 0x7918 <timedOut+0x26>
    7912:	80 e0       	ldi	r24, 0x00	; 0
    7914:	08 95       	ret
    7916:	80 e0       	ldi	r24, 0x00	; 0
#endif

	if(tick > TIMEOUT) return(1);
	else return(0);
}
    7918:	08 95       	ret

0000791a <appStart>:
void appStart(void) {
	__asm__ __volatile__ (
    791a:	ee 27       	eor	r30, r30
    791c:	ff 27       	eor	r31, r31
    791e:	09 94       	ijmp
		"clr	r30		\n\t"
		"clr	r31		\n\t"
		"ijmp	\n\t"
	);
}
    7920:	08 95       	ret

00007922 <memcpy_P>:
    7922:	fb 01       	movw	r30, r22
    7924:	dc 01       	movw	r26, r24
    7926:	02 c0       	rjmp	.+4      	; 0x792c <memcpy_P+0xa>
    7928:	05 90       	lpm	r0, Z+
    792a:	0d 92       	st	X+, r0
    792c:	41 50       	subi	r20, 0x01	; 1
    792e:	50 40       	sbci	r21, 0x00	; 0
    7930:	d8 f7       	brcc	.-10     	; 0x7928 <memcpy_P+0x6>
    7932:	08 95       	ret

00007934 <__eerd_byte_m328p>:
    7934:	f9 99       	sbic	0x1f, 1	; 31
    7936:	fe cf       	rjmp	.-4      	; 0x7934 <__eerd_byte_m328p>
    7938:	92 bd       	out	0x22, r25	; 34
    793a:	81 bd       	out	0x21, r24	; 33
    793c:	f8 9a       	sbi	0x1f, 0	; 31
    793e:	99 27       	eor	r25, r25
    7940:	80 b5       	in	r24, 0x20	; 32
    7942:	08 95       	ret

00007944 <__eewr_byte_m328p>:
    7944:	26 2f       	mov	r18, r22

00007946 <__eewr_r18_m328p>:
    7946:	f9 99       	sbic	0x1f, 1	; 31
    7948:	fe cf       	rjmp	.-4      	; 0x7946 <__eewr_r18_m328p>
    794a:	1f ba       	out	0x1f, r1	; 31
    794c:	92 bd       	out	0x22, r25	; 34
    794e:	81 bd       	out	0x21, r24	; 33
    7950:	20 bd       	out	0x20, r18	; 32
    7952:	0f b6       	in	r0, 0x3f	; 63
    7954:	f8 94       	cli
    7956:	fa 9a       	sbi	0x1f, 2	; 31
    7958:	f9 9a       	sbi	0x1f, 1	; 31
    795a:	0f be       	out	0x3f, r0	; 63
    795c:	01 96       	adiw	r24, 0x01	; 1
    795e:	08 95       	ret

00007960 <_exit>:
    7960:	f8 94       	cli

00007962 <__stop_program>:
    7962:	ff cf       	rjmp	.-2      	; 0x7962 <__stop_program>
