
semboot_atmega328_w5200.elf:     file format elf32-avr

Sections:
Idx Name          Size      VMA       LMA       File off  Algn
  0 .data         00000020  00800100  00007934  000009c8  2**0
                  CONTENTS, ALLOC, LOAD, DATA
  1 .text         00000934  00007000  00007000  00000094  2**1
                  CONTENTS, ALLOC, LOAD, READONLY, CODE
  2 .bss          0000000c  00800120  00800120  000009e8  2**0
                  ALLOC
  3 .stab         000008c4  00000000  00000000  000009e8  2**2
                  CONTENTS, READONLY, DEBUGGING
  4 .stabstr      00000198  00000000  00000000  000012ac  2**0
                  CONTENTS, READONLY, DEBUGGING
  5 .debug_aranges 000001a0  00000000  00000000  00001448  2**3
                  CONTENTS, READONLY, DEBUGGING
  6 .debug_info   00001506  00000000  00000000  000015e8  2**0
                  CONTENTS, READONLY, DEBUGGING
  7 .debug_abbrev 0000098a  00000000  00000000  00002aee  2**0
                  CONTENTS, READONLY, DEBUGGING
  8 .debug_line   00000d06  00000000  00000000  00003478  2**0
                  CONTENTS, READONLY, DEBUGGING
  9 .debug_frame  000003cc  00000000  00000000  00004180  2**2
                  CONTENTS, READONLY, DEBUGGING
 10 .debug_str    00000560  00000000  00000000  0000454c  2**0
                  CONTENTS, READONLY, DEBUGGING
 11 .debug_loc    00001456  00000000  00000000  00004aac  2**0
                  CONTENTS, READONLY, DEBUGGING
 12 .debug_ranges 00000088  00000000  00000000  00005f02  2**0
                  CONTENTS, READONLY, DEBUGGING

Disassembly of section .text:

00007000 <__vectors>:
    7000:	50 c0       	rjmp	.+160    	; 0x70a2 <__ctors_end>
    7002:	00 00       	nop
    7004:	d8 c0       	rjmp	.+432    	; 0x71b6 <__bad_interrupt>
    7006:	00 00       	nop
    7008:	d6 c0       	rjmp	.+428    	; 0x71b6 <__bad_interrupt>
    700a:	00 00       	nop
    700c:	d4 c0       	rjmp	.+424    	; 0x71b6 <__bad_interrupt>
    700e:	00 00       	nop
    7010:	d2 c0       	rjmp	.+420    	; 0x71b6 <__bad_interrupt>
    7012:	00 00       	nop
    7014:	d0 c0       	rjmp	.+416    	; 0x71b6 <__bad_interrupt>
    7016:	00 00       	nop
    7018:	ce c0       	rjmp	.+412    	; 0x71b6 <__bad_interrupt>
    701a:	00 00       	nop
    701c:	cc c0       	rjmp	.+408    	; 0x71b6 <__bad_interrupt>
    701e:	00 00       	nop
    7020:	ca c0       	rjmp	.+404    	; 0x71b6 <__bad_interrupt>
    7022:	00 00       	nop
    7024:	c8 c0       	rjmp	.+400    	; 0x71b6 <__bad_interrupt>
    7026:	00 00       	nop
    7028:	c6 c0       	rjmp	.+396    	; 0x71b6 <__bad_interrupt>
    702a:	00 00       	nop
    702c:	c4 c0       	rjmp	.+392    	; 0x71b6 <__bad_interrupt>
    702e:	00 00       	nop
    7030:	c2 c0       	rjmp	.+388    	; 0x71b6 <__bad_interrupt>
    7032:	00 00       	nop
    7034:	c0 c0       	rjmp	.+384    	; 0x71b6 <__bad_interrupt>
    7036:	00 00       	nop
    7038:	be c0       	rjmp	.+380    	; 0x71b6 <__bad_interrupt>
    703a:	00 00       	nop
    703c:	bc c0       	rjmp	.+376    	; 0x71b6 <__bad_interrupt>
    703e:	00 00       	nop
    7040:	ba c0       	rjmp	.+372    	; 0x71b6 <__bad_interrupt>
    7042:	00 00       	nop
    7044:	b8 c0       	rjmp	.+368    	; 0x71b6 <__bad_interrupt>
    7046:	00 00       	nop
    7048:	b6 c0       	rjmp	.+364    	; 0x71b6 <__bad_interrupt>
    704a:	00 00       	nop
    704c:	b4 c0       	rjmp	.+360    	; 0x71b6 <__bad_interrupt>
    704e:	00 00       	nop
    7050:	b2 c0       	rjmp	.+356    	; 0x71b6 <__bad_interrupt>
    7052:	00 00       	nop
    7054:	b0 c0       	rjmp	.+352    	; 0x71b6 <__bad_interrupt>
    7056:	00 00       	nop
    7058:	ae c0       	rjmp	.+348    	; 0x71b6 <__bad_interrupt>
    705a:	00 00       	nop
    705c:	ac c0       	rjmp	.+344    	; 0x71b6 <__bad_interrupt>
    705e:	00 00       	nop
    7060:	aa c0       	rjmp	.+340    	; 0x71b6 <__bad_interrupt>
    7062:	00 00       	nop
    7064:	a8 c0       	rjmp	.+336    	; 0x71b6 <__bad_interrupt>
	...

00007068 <tftp_invalid_image_packet>:
    7068:	13 00 05 00 00 49 6e 76 61 6c 69 64 20 69 6d 61     .....Invalid ima
    7078:	67 65 20 66 69 6c 65 00                             ge file.

00007080 <tftp_unknown_error_packet>:
    7080:	08 00 05 00 00 45 72 72 6f 72 00                    .....Error.

0000708b <tftp_full_error_packet>:
    708b:	09 00 05 00 03 46 75 6c 6c 00                       .....Full.

00007095 <tftp_opcode_error_packet>:
    7095:	0a 00 05 00 00 4f 70 63 6f 64 65 3f 00              .....Opcode?.

000070a2 <__ctors_end>:
    70a2:	11 24       	eor	r1, r1
    70a4:	1f be       	out	0x3f, r1	; 63
    70a6:	cf ef       	ldi	r28, 0xFF	; 255
    70a8:	d8 e0       	ldi	r29, 0x08	; 8
    70aa:	de bf       	out	0x3e, r29	; 62
    70ac:	cd bf       	out	0x3d, r28	; 61

000070ae <__do_copy_data>:
    70ae:	11 e0       	ldi	r17, 0x01	; 1
    70b0:	a0 e0       	ldi	r26, 0x00	; 0
    70b2:	b1 e0       	ldi	r27, 0x01	; 1
    70b4:	e4 e3       	ldi	r30, 0x34	; 52
    70b6:	f9 e7       	ldi	r31, 0x79	; 121
    70b8:	02 c0       	rjmp	.+4      	; 0x70be <__do_copy_data+0x10>
    70ba:	05 90       	lpm	r0, Z+
    70bc:	0d 92       	st	X+, r0
    70be:	a0 32       	cpi	r26, 0x20	; 32
    70c0:	b1 07       	cpc	r27, r17
    70c2:	d9 f7       	brne	.-10     	; 0x70ba <__do_copy_data+0xc>

000070c4 <__do_clear_bss>:
    70c4:	11 e0       	ldi	r17, 0x01	; 1
    70c6:	a0 e2       	ldi	r26, 0x20	; 32
    70c8:	b1 e0       	ldi	r27, 0x01	; 1
    70ca:	01 c0       	rjmp	.+2      	; 0x70ce <.do_clear_bss_start>

000070cc <.do_clear_bss_loop>:
    70cc:	1d 92       	st	X+, r1

000070ce <.do_clear_bss_start>:
    70ce:	ac 32       	cpi	r26, 0x2C	; 44
    70d0:	b1 07       	cpc	r27, r17
    70d2:	e1 f7       	brne	.-8      	; 0x70cc <.do_clear_bss_loop>
    70d4:	01 d0       	rcall	.+2      	; 0x70d8 <main>
    70d6:	2c c4       	rjmp	.+2136   	; 0x7930 <_exit>

000070d8 <main>:
int main(void)
{
	/* Disable the watchdog timer to prevent
	 * eternal reset loop of doom and despair */
	//uint8_t ch = MCUSR;
	MCUSR = 0;
    70d8:	14 be       	out	0x34, r1	; 52
	wdt_disable();
    70da:	88 e1       	ldi	r24, 0x18	; 24
    70dc:	0f b6       	in	r0, 0x3f	; 63
    70de:	f8 94       	cli
    70e0:	80 93 60 00 	sts	0x0060, r24
    70e4:	10 92 60 00 	sts	0x0060, r1
    70e8:	0f be       	out	0x3f, r0	; 63
	#else
		//round up by default
		__ticks_dc = (uint32_t)(ceil(fabs(__tmp)));
	#endif

	__builtin_avr_delay_cycles(__ticks_dc);
    70ea:	8f ef       	ldi	r24, 0xFF	; 255
    70ec:	95 ea       	ldi	r25, 0xA5	; 165
    70ee:	ae e0       	ldi	r26, 0x0E	; 14
    70f0:	81 50       	subi	r24, 0x01	; 1
    70f2:	90 40       	sbci	r25, 0x00	; 0
    70f4:	a0 40       	sbci	r26, 0x00	; 0
    70f6:	e1 f7       	brne	.-8      	; 0x70f0 <main+0x18>
    70f8:	00 c0       	rjmp	.+0      	; 0x70fa <main+0x22>
    70fa:	00 00       	nop
	/* This code makes the following assumptions:
	 * No interrupts will execute
	 * SP points to RAMEND
	 * r1 contains zero */
	//cli();
	asm volatile("clr __zero_reg__");
    70fc:	11 24       	eor	r1, r1
	// 0x02 -> ClkIO/8 -> 500ns period, 32ms max
	// 0X03 -> ClkIO/64 -> 4us period, 256ms max
	// 0x04 -> ClkIO/256 -> 16us period, 1024ms max
	// 0x05 -> ClkIO/1024 -> 64us period, 4096ms max
	// Set up Timer 1 as timekeeper for LED flashing
	TCCR1B = _BV(CS12) | _BV(CS10); // Same thing as TCCR1B = 0x05;
    70fe:	85 e0       	ldi	r24, 0x05	; 5
    7100:	80 93 81 00 	sts	0x0081, r24

	/* Write version information in the EEPROM */
	if(eeprom_read_byte(EEPROM_MAJVER) != ARIADNE_MAJVER)
    7104:	80 e0       	ldi	r24, 0x00	; 0
    7106:	90 e0       	ldi	r25, 0x00	; 0
    7108:	fd d3       	rcall	.+2042   	; 0x7904 <__eerd_byte_m328p>
    710a:	88 23       	and	r24, r24
    710c:	21 f0       	breq	.+8      	; 0x7116 <main+0x3e>
    710e:	80 e0       	ldi	r24, 0x00	; 0
		eeprom_write_byte(EEPROM_MAJVER, ARIADNE_MAJVER);
    7110:	90 e0       	ldi	r25, 0x00	; 0
    7112:	60 e0       	ldi	r22, 0x00	; 0
    7114:	ff d3       	rcall	.+2046   	; 0x7914 <__eewr_byte_m328p>
    7116:	81 e0       	ldi	r24, 0x01	; 1
    7118:	90 e0       	ldi	r25, 0x00	; 0
	if(eeprom_read_byte(EEPROM_MINVER) != ARIADNE_MINVER)
    711a:	f4 d3       	rcall	.+2024   	; 0x7904 <__eerd_byte_m328p>
    711c:	84 30       	cpi	r24, 0x04	; 4
    711e:	21 f0       	breq	.+8      	; 0x7128 <main+0x50>
    7120:	81 e0       	ldi	r24, 0x01	; 1
    7122:	90 e0       	ldi	r25, 0x00	; 0
    7124:	64 e0       	ldi	r22, 0x04	; 4
		eeprom_write_byte(EEPROM_MINVER, ARIADNE_MINVER);
    7126:	f6 d3       	rcall	.+2028   	; 0x7914 <__eewr_byte_m328p>
    7128:	4d 9b       	sbis	0x09, 5	; 9
    712a:	13 c0       	rjmp	.+38     	; 0x7152 <main+0x7a>
    712c:	8e e3       	ldi	r24, 0x3E	; 62
    712e:	90 e0       	ldi	r25, 0x00	; 0
	
    uint8_t updateFlag = 0;
    
    
    if (!((PIND & (1<<5)) == (1<<5)) ) { //update button pressed and reset to default IP
    7130:	e9 d3       	rcall	.+2002   	; 0x7904 <__eerd_byte_m328p>
    7132:	81 30       	cpi	r24, 0x01	; 1
        }
#endif
#endif

    }
    else if( (eeprom_read_byte(EEPROM_UPDATE_FLAG) == 1) || eeprom_read_byte(EEPROM_IMG_STAT) != EEPROM_IMG_OK_VALUE) {
    7134:	29 f0       	breq	.+10     	; 0x7140 <main+0x68>
    7136:	82 e0       	ldi	r24, 0x02	; 2
    7138:	90 e0       	ldi	r25, 0x00	; 0
    713a:	e4 d3       	rcall	.+1992   	; 0x7904 <__eerd_byte_m328p>
    713c:	8e 3e       	cpi	r24, 0xEE	; 238
    713e:	31 f0       	breq	.+12     	; 0x714c <main+0x74>
    7140:	8e e3       	ldi	r24, 0x3E	; 62
    7142:	90 e0       	ldi	r25, 0x00	; 0
    7144:	60 e0       	ldi	r22, 0x00	; 0
    7146:	e6 d3       	rcall	.+1996   	; 0x7914 <__eewr_byte_m328p>
    7148:	11 e0       	ldi	r17, 0x01	; 1
    714a:	04 c0       	rjmp	.+8      	; 0x7154 <main+0x7c>
        //If the update flag was set from userspace || the button 'default' is being pressed || no valid image has been written => no timeout will occur
 		updateFlag = 1;
 		eeprom_write_byte(EEPROM_UPDATE_FLAG, 0);//Reset update flag so that next reboot normal boot continues
    714c:	ce d3       	rcall	.+1948   	; 0x78ea <appStart>
    714e:	10 e0       	ldi	r17, 0x00	; 0
    7150:	01 c0       	rjmp	.+2      	; 0x7154 <main+0x7c>
    7152:	11 e0       	ldi	r17, 0x01	; 1
    7154:	5b d3       	rcall	.+1718   	; 0x780c <serialInit>
#endif

    }
    else if( (eeprom_read_byte(EEPROM_UPDATE_FLAG) == 1) || eeprom_read_byte(EEPROM_IMG_STAT) != EEPROM_IMG_OK_VALUE) {
        //If the update flag was set from userspace || the button 'default' is being pressed || no valid image has been written => no timeout will occur
 		updateFlag = 1;
    7156:	9a d0       	rcall	.+308    	; 0x728c <spiInit>
 		eeprom_write_byte(EEPROM_UPDATE_FLAG, 0);//Reset update flag so that next reboot normal boot continues
    7158:	a2 d0       	rcall	.+324    	; 0x729e <netInit>
 	}
    else {
		appStart();
    715a:	5d d2       	rcall	.+1210   	; 0x7616 <tftpInit>
    715c:	10 92 2a 01 	sts	0x012A, r1
	if(eeprom_read_byte(EEPROM_MAJVER) != ARIADNE_MAJVER)
		eeprom_write_byte(EEPROM_MAJVER, ARIADNE_MAJVER);
	if(eeprom_read_byte(EEPROM_MINVER) != ARIADNE_MINVER)
		eeprom_write_byte(EEPROM_MINVER, ARIADNE_MINVER);
	
    uint8_t updateFlag = 0;
    7160:	10 92 2b 01 	sts	0x012B, r1
    else {
		appStart();
 	}

	//Initialize UART communication
	serialInit();
    7164:	03 e0       	ldi	r16, 0x03	; 3
    7166:	c0 e0       	ldi	r28, 0x00	; 0
		buttonInit();
	)

	/** Initalize SPI communication */
	DBG_MAIN_EX(tracePGMlnMain(mDebugMain_SPI);)
	spiInit();
    7168:	d0 e0       	ldi	r29, 0x00	; 0
    716a:	80 91 2a 01 	lds	r24, 0x012A
	/** Initialize networking */
	DBG_MAIN_EX(tracePGMlnMain(mDebugMain_NET);)
	netInit();
    716e:	88 23       	and	r24, r24

	// Initialize the UDP socket for tftp
	DBG_MAIN_EX(tracePGMlnMain(mDebugMain_TFTP);)
	tftpInit();
    7170:	19 f4       	brne	.+6      	; 0x7178 <main+0xa0>
    7172:	74 d2       	rcall	.+1256   	; 0x765c <tftpPoll>
#if defined(ANNOUNCE)
	DBG_MAIN_EX(tracePGMlnMain(mDebugMain_ANN);)
	announceInit();
#endif

	serialFlashing = FALSE;
    7174:	88 23       	and	r24, r24
    7176:	c1 f0       	breq	.+48     	; 0x71a8 <main+0xd0>
	tftpFlashing = FALSE;
    7178:	a4 d3       	rcall	.+1864   	; 0x78c2 <timedOut>
    717a:	88 23       	and	r24, r24
			if(eeprom_read_byte(EEPROM_IMG_STAT) == EEPROM_IMG_OK_VALUE) break;

			//TODO: determine the conditions for reseting server OR reseting socket
			if(tftpFlashing == TRUE) {
				// Delete first page of flash memory
				boot_page_erase(0);
    717c:	99 f0       	breq	.+38     	; 0x71a4 <main+0xcc>
    717e:	11 30       	cpi	r17, 0x01	; 1
    7180:	89 f0       	breq	.+34     	; 0x71a4 <main+0xcc>
	serialFlashing = FALSE;
	tftpFlashing = FALSE;

	for(;;) {
		// If there is no serial flashing under way, poll tftp
		if(!serialFlashing)
    7182:	82 e0       	ldi	r24, 0x02	; 2
    7184:	90 e0       	ldi	r25, 0x00	; 0
    7186:	be d3       	rcall	.+1916   	; 0x7904 <__eerd_byte_m328p>
    7188:	8e 3e       	cpi	r24, 0xEE	; 238
			// If tftp recieved a FINAL_ACK, break
			if(tftpPoll() == 0)
    718a:	71 f0       	breq	.+28     	; 0x71a8 <main+0xd0>
    718c:	80 91 2b 01 	lds	r24, 0x012B
    7190:	81 30       	cpi	r24, 0x01	; 1
		/* As explained above this goes out */
#if defined(ANNOUNCE)
		announcePoll();
#endif

		if((timedOut()) && !(updateFlag == 1)) {
    7192:	41 f4       	brne	.+16     	; 0x71a4 <main+0xcc>
    7194:	fe 01       	movw	r30, r28
    7196:	00 93 57 00 	sts	0x0057, r16
    719a:	e8 95       	spm
    719c:	3c d2       	rcall	.+1144   	; 0x7616 <tftpInit>
			if(eeprom_read_byte(EEPROM_IMG_STAT) == EEPROM_IMG_OK_VALUE) break;
    719e:	88 d3       	rcall	.+1808   	; 0x78b0 <resetTick>
    71a0:	10 92 2b 01 	sts	0x012B, r1
    71a4:	63 d3       	rcall	.+1734   	; 0x786c <updateLed>
    71a6:	e1 cf       	rjmp	.-62     	; 0x716a <main+0x92>
    71a8:	88 e1       	ldi	r24, 0x18	; 24

			//TODO: determine the conditions for reseting server OR reseting socket
			if(tftpFlashing == TRUE) {
    71aa:	80 93 60 00 	sts	0x0060, r24
    71ae:	8c e0       	ldi	r24, 0x0C	; 12
    71b0:	80 93 60 00 	sts	0x0060, r24
				// Delete first page of flash memory
				boot_page_erase(0);
    71b4:	ff cf       	rjmp	.-2      	; 0x71b4 <main+0xdc>

000071b6 <__bad_interrupt>:
    71b6:	24 cf       	rjmp	.-440    	; 0x7000 <__vectors>

000071b8 <spiWriteReg>:
		tracenum(address);
		tracePGM(mDebugSpi_COMMA);
		tracenum(value);
	)

	SPCR = _BV(SPE) | _BV(MSTR); // Set SPI as master
    71b8:	20 e5       	ldi	r18, 0x50	; 80
    71ba:	2c bd       	out	0x2c, r18	; 44
	SS_LOW();
    71bc:	2a 98       	cbi	0x05, 2	; 5

#if (W5200 > 0)
	
	SPDR = address >> 8;
    71be:	29 2f       	mov	r18, r25
    71c0:	33 27       	eor	r19, r19
    71c2:	2e bd       	out	0x2e, r18	; 46
	while(!(SPSR & _BV(SPIF)));
    71c4:	0d b4       	in	r0, 0x2d	; 45
    71c6:	07 fe       	sbrs	r0, 7
    71c8:	fd cf       	rjmp	.-6      	; 0x71c4 <spiWriteReg+0xc>

	SPDR = address & 0xff;
    71ca:	8e bd       	out	0x2e, r24	; 46
	while(!(SPSR & _BV(SPIF)));
    71cc:	0d b4       	in	r0, 0x2d	; 45
    71ce:	07 fe       	sbrs	r0, 7
    71d0:	fd cf       	rjmp	.-6      	; 0x71cc <spiWriteReg+0x14>
	
	SPDR = 0x80;
    71d2:	80 e8       	ldi	r24, 0x80	; 128
    71d4:	8e bd       	out	0x2e, r24	; 46
	while(!(SPSR & _BV(SPIF)));
    71d6:	0d b4       	in	r0, 0x2d	; 45
    71d8:	07 fe       	sbrs	r0, 7
    71da:	fd cf       	rjmp	.-6      	; 0x71d6 <spiWriteReg+0x1e>
	
	SPDR = 0x01;
    71dc:	81 e0       	ldi	r24, 0x01	; 1
    71de:	8e bd       	out	0x2e, r24	; 46
	while(!(SPSR & _BV(SPIF)));
    71e0:	0d b4       	in	r0, 0x2d	; 45
    71e2:	07 fe       	sbrs	r0, 7
    71e4:	fd cf       	rjmp	.-6      	; 0x71e0 <spiWriteReg+0x28>
	SPDR = address & 0xff;
	while(!(SPSR & _BV(SPIF)));

#endif

	SPDR = value;
    71e6:	4e bd       	out	0x2e, r20	; 46
	while(!(SPSR & _BV(SPIF)));
    71e8:	0d b4       	in	r0, 0x2d	; 45
    71ea:	07 fe       	sbrs	r0, 7
    71ec:	fd cf       	rjmp	.-6      	; 0x71e8 <spiWriteReg+0x30>

	SS_HIGH();
    71ee:	2a 9a       	sbi	0x05, 2	; 5
	cb = 0; //prevents compiler whining about unused cb variable
	SPCR = cb; // Turn off SPI	
    71f0:	1c bc       	out	0x2c, r1	; 44
	
}
    71f2:	08 95       	ret

000071f4 <spiWriteWord>:

void spiWriteWord(uint16_t address, uint8_t cb, uint16_t value)
{
    71f4:	ef 92       	push	r14
    71f6:	ff 92       	push	r15
    71f8:	1f 93       	push	r17
    71fa:	cf 93       	push	r28
    71fc:	df 93       	push	r29
    71fe:	ec 01       	movw	r28, r24
    7200:	16 2f       	mov	r17, r22
    7202:	7a 01       	movw	r14, r20
	// Write uint16_t to Ethernet controller
	spiWriteReg(address++, cb, value >> 8);
    7204:	45 2f       	mov	r20, r21
    7206:	55 27       	eor	r21, r21
    7208:	d7 df       	rcall	.-82     	; 0x71b8 <spiWriteReg>
    720a:	ce 01       	movw	r24, r28
	spiWriteReg(address, cb, value & 0xff);
    720c:	01 96       	adiw	r24, 0x01	; 1
    720e:	61 2f       	mov	r22, r17
    7210:	4e 2d       	mov	r20, r14
    7212:	d2 df       	rcall	.-92     	; 0x71b8 <spiWriteReg>
    7214:	df 91       	pop	r29
    7216:	cf 91       	pop	r28
}
    7218:	1f 91       	pop	r17
    721a:	ff 90       	pop	r15
    721c:	ef 90       	pop	r14
    721e:	08 95       	ret

00007220 <spiReadReg>:
    7220:	20 e5       	ldi	r18, 0x50	; 80
    7222:	2c bd       	out	0x2c, r18	; 44
	)
	#endif

	uint8_t returnValue;

	SPCR = _BV(SPE) | _BV(MSTR);
    7224:	2a 98       	cbi	0x05, 2	; 5
    7226:	29 2f       	mov	r18, r25
	SS_LOW();
    7228:	33 27       	eor	r19, r19

#if (W5200 > 0)

	SPDR = address >> 8;
    722a:	2e bd       	out	0x2e, r18	; 46
    722c:	0d b4       	in	r0, 0x2d	; 45
    722e:	07 fe       	sbrs	r0, 7
	while(!(SPSR & _BV(SPIF)));
    7230:	fd cf       	rjmp	.-6      	; 0x722c <spiReadReg+0xc>
    7232:	8e bd       	out	0x2e, r24	; 46
    7234:	0d b4       	in	r0, 0x2d	; 45

	SPDR = address & 0xff;
    7236:	07 fe       	sbrs	r0, 7
	while(!(SPSR & _BV(SPIF)));
    7238:	fd cf       	rjmp	.-6      	; 0x7234 <spiReadReg+0x14>
    723a:	1e bc       	out	0x2e, r1	; 46
    723c:	0d b4       	in	r0, 0x2d	; 45
	
	SPDR = 0x00;
    723e:	07 fe       	sbrs	r0, 7
	while(!(SPSR & _BV(SPIF)));
    7240:	fd cf       	rjmp	.-6      	; 0x723c <spiReadReg+0x1c>
    7242:	81 e0       	ldi	r24, 0x01	; 1
    7244:	8e bd       	out	0x2e, r24	; 46
	
	SPDR = 0x01;
    7246:	0d b4       	in	r0, 0x2d	; 45
    7248:	07 fe       	sbrs	r0, 7
	while(!(SPSR & _BV(SPIF)));
    724a:	fd cf       	rjmp	.-6      	; 0x7246 <spiReadReg+0x26>
    724c:	1e bc       	out	0x2e, r1	; 46
    724e:	0d b4       	in	r0, 0x2d	; 45
	SPDR = address & 0xff;
	while(!(SPSR & _BV(SPIF)));

#endif

	SPDR = 0;
    7250:	07 fe       	sbrs	r0, 7
	while(!(SPSR & _BV(SPIF)));
    7252:	fd cf       	rjmp	.-6      	; 0x724e <spiReadReg+0x2e>
    7254:	2a 9a       	sbi	0x05, 2	; 5
    7256:	8e b5       	in	r24, 0x2e	; 46

	SS_HIGH();
    7258:	1c bc       	out	0x2c, r1	; 44
	returnValue = SPDR;
    725a:	08 95       	ret

0000725c <spiReadWord>:
	
	cb = 0; //prevents compiler whining about unused cb variable
	SPCR = cb; // Turn off SPI
    725c:	0f 93       	push	r16

	return(returnValue);
}
    725e:	1f 93       	push	r17

uint16_t spiReadWord(uint16_t address, uint8_t cb)
{
    7260:	cf 93       	push	r28
    7262:	df 93       	push	r29
    7264:	ec 01       	movw	r28, r24
    7266:	16 2f       	mov	r17, r22
    7268:	db df       	rcall	.-74     	; 0x7220 <spiReadReg>
    726a:	08 2f       	mov	r16, r24
	// Read uint16_t from Ethernet controller
	return((spiReadReg(address, cb) << 8) | spiReadReg(address + 1, cb));
    726c:	ce 01       	movw	r24, r28
    726e:	01 96       	adiw	r24, 0x01	; 1
    7270:	61 2f       	mov	r22, r17
    7272:	d6 df       	rcall	.-84     	; 0x7220 <spiReadReg>
    7274:	20 2f       	mov	r18, r16
    7276:	30 e0       	ldi	r19, 0x00	; 0
    7278:	32 2f       	mov	r19, r18
    727a:	22 27       	eor	r18, r18
    727c:	90 e0       	ldi	r25, 0x00	; 0
    727e:	82 2b       	or	r24, r18
    7280:	93 2b       	or	r25, r19
    7282:	df 91       	pop	r29
    7284:	cf 91       	pop	r28
}
    7286:	1f 91       	pop	r17
    7288:	0f 91       	pop	r16
    728a:	08 95       	ret

0000728c <spiInit>:
    728c:	8c e3       	ldi	r24, 0x3C	; 60
    728e:	85 b9       	out	0x05, r24	; 5
    7290:	8c e2       	ldi	r24, 0x2C	; 44
    7292:	84 b9       	out	0x04, r24	; 4
	 * At this stage all pins are set to HIGH. This in fact DISABLES SPI for both Ethernet and SD.
	 * SS pin for ethernet is pulled low just in time for reading or writing data inside those
	 * functions. */

	/** Set SPI pins high */
	SPI_PORT = _BV(SCK) | _BV(MISO) | _BV(MOSI) | _BV(SS);
    7294:	5c 9a       	sbi	0x0b, 4	; 11
    7296:	54 9a       	sbi	0x0a, 4	; 10
	/** Set SPI pins as output */
	SPI_DDR = _BV(SCK) | _BV(MOSI) | _BV(SS);
    7298:	81 e0       	ldi	r24, 0x01	; 1
    729a:	8d bd       	out	0x2d, r24	; 45
	ETH_DDR |= _BV(ETH_SS);
	#endif

	/** Disable SD card */
	/** Set SD SS pin high */
	SD_PORT |= _BV(SD_SS);
    729c:	08 95       	ret

0000729e <netInit>:
	0             // Reserved in w5200
};


void netInit(void)
{
    729e:	0f 93       	push	r16
    72a0:	1f 93       	push	r17
    72a2:	cf 93       	push	r28
    72a4:	df 93       	push	r29
	uint8_t i;

	/* Pull in altered network settings, if available,
	 * from AVR EEPROM (if signature bytes are set) */
	if((eeprom_read_byte(EEPROM_SIG_1) == EEPROM_SIG_1_VALUE)
    72a6:	83 e0       	ldi	r24, 0x03	; 3
    72a8:	90 e0       	ldi	r25, 0x00	; 0
    72aa:	2c d3       	rcall	.+1624   	; 0x7904 <__eerd_byte_m328p>
    72ac:	85 35       	cpi	r24, 0x55	; 85
    72ae:	91 f4       	brne	.+36     	; 0x72d4 <netInit+0x36>
    72b0:	84 e0       	ldi	r24, 0x04	; 4
		&& (eeprom_read_byte(EEPROM_SIG_2) == EEPROM_SIG_2_VALUE)) {
    72b2:	90 e0       	ldi	r25, 0x00	; 0
    72b4:	27 d3       	rcall	.+1614   	; 0x7904 <__eerd_byte_m328p>
    72b6:	8a 3a       	cpi	r24, 0xAA	; 170
    72b8:	69 f4       	brne	.+26     	; 0x72d4 <netInit+0x36>
    72ba:	01 e0       	ldi	r16, 0x01	; 1
    72bc:	11 e0       	ldi	r17, 0x01	; 1
    72be:	c5 e0       	ldi	r28, 0x05	; 5
    72c0:	d0 e0       	ldi	r29, 0x00	; 0
    72c2:	ce 01       	movw	r24, r28
    72c4:	1f d3       	rcall	.+1598   	; 0x7904 <__eerd_byte_m328p>

		for(i = 0; i < EEPROM_SETTINGS_SIZE; i++)
			registerBuffer[i + 1] = eeprom_read_byte(EEPROM_DATA + i);
    72c6:	f8 01       	movw	r30, r16
    72c8:	81 93       	st	Z+, r24
    72ca:	8f 01       	movw	r16, r30
    72cc:	21 96       	adiw	r28, 0x01	; 1
    72ce:	c7 31       	cpi	r28, 0x17	; 23
    72d0:	d1 05       	cpc	r29, r1
    72d2:	b9 f7       	brne	.-18     	; 0x72c2 <netInit+0x24>
	/* Pull in altered network settings, if available,
	 * from AVR EEPROM (if signature bytes are set) */
	if((eeprom_read_byte(EEPROM_SIG_1) == EEPROM_SIG_1_VALUE)
		&& (eeprom_read_byte(EEPROM_SIG_2) == EEPROM_SIG_2_VALUE)) {

		for(i = 0; i < EEPROM_SETTINGS_SIZE; i++)
    72d4:	00 e0       	ldi	r16, 0x00	; 0
    72d6:	11 e0       	ldi	r17, 0x01	; 1
    72d8:	c0 e0       	ldi	r28, 0x00	; 0
    72da:	d0 e0       	ldi	r29, 0x00	; 0
    72dc:	f8 01       	movw	r30, r16
	uint8_t i;

	/* Pull in altered network settings, if available,
	 * from AVR EEPROM (if signature bytes are set) */
	if((eeprom_read_byte(EEPROM_SIG_1) == EEPROM_SIG_1_VALUE)
		&& (eeprom_read_byte(EEPROM_SIG_2) == EEPROM_SIG_2_VALUE)) {
    72de:	41 91       	ld	r20, Z+
    72e0:	8f 01       	movw	r16, r30
//	for(i = 0; i < REGISTER_BLOCK_SIZE-2; i++)
//		spiWriteReg(i, registerBuffer[i]);

	/** Configure Wiznet chip. Network settings */
	for(i = 0; i < REGISTER_BLOCK_SIZE-2; i++)
		spiWriteReg(i, 0, registerBuffer[i]);
    72e2:	ce 01       	movw	r24, r28
    72e4:	60 e0       	ldi	r22, 0x00	; 0
    72e6:	68 df       	rcall	.-304    	; 0x71b8 <spiWriteReg>
    72e8:	21 96       	adiw	r28, 0x01	; 1
    72ea:	ca 31       	cpi	r28, 0x1A	; 26
    72ec:	d1 05       	cpc	r29, r1
    72ee:	b1 f7       	brne	.-20     	; 0x72dc <netInit+0x3e>
    72f0:	cf e1       	ldi	r28, 0x1F	; 31
	/** Configure Wiznet chip. Network settings */
//	for(i = 0; i < REGISTER_BLOCK_SIZE-2; i++)
//		spiWriteReg(i, registerBuffer[i]);

	/** Configure Wiznet chip. Network settings */
	for(i = 0; i < REGISTER_BLOCK_SIZE-2; i++)
    72f2:	d0 e4       	ldi	r29, 0x40	; 64
    72f4:	ce 01       	movw	r24, r28
    72f6:	60 e0       	ldi	r22, 0x00	; 0
    72f8:	42 e0       	ldi	r20, 0x02	; 2
    72fa:	5e df       	rcall	.-324    	; 0x71b8 <spiWriteReg>
		spiWriteReg(i, 0, registerBuffer[i]);

        for (i=0; i<8; i++) {
        	spiWriteReg((0x4000 + i * 0x100 + 0x001F), 0, 0x02);
    72fc:	ce 01       	movw	r24, r28
    72fe:	01 97       	sbiw	r24, 0x01	; 1
    7300:	60 e0       	ldi	r22, 0x00	; 0
    7302:	42 e0       	ldi	r20, 0x02	; 2
    7304:	59 df       	rcall	.-334    	; 0x71b8 <spiWriteReg>
                spiWriteReg((0x4000 + i * 0x100 + 0x001E), 0, 0x02);
    7306:	c0 50       	subi	r28, 0x00	; 0
    7308:	df 4f       	sbci	r29, 0xFF	; 255
    730a:	f8 e4       	ldi	r31, 0x48	; 72
    730c:	cf 31       	cpi	r28, 0x1F	; 31
    730e:	df 07       	cpc	r29, r31
    7310:	89 f7       	brne	.-30     	; 0x72f4 <netInit+0x56>
    7312:	df 91       	pop	r29
    7314:	cf 91       	pop	r28

	/** Configure Wiznet chip. Network settings */
	for(i = 0; i < REGISTER_BLOCK_SIZE-2; i++)
		spiWriteReg(i, 0, registerBuffer[i]);

        for (i=0; i<8; i++) {
    7316:	1f 91       	pop	r17
    7318:	0f 91       	pop	r16
    731a:	08 95       	ret

0000731c <sockInit>:

uint16_t lastPacket = 0, highPacket = 0;


static void sockInit(uint16_t port)
{
    731c:	cf 93       	push	r28
    731e:	df 93       	push	r29
    7320:	ec 01       	movw	r28, r24
		tracePGMlnTftp(mDebugTftp_SOCK);
		tracenum(port);
	)


	spiWriteReg(REG_S3_CR, S3_W_CB, CR_CLOSE);
    7322:	81 e0       	ldi	r24, 0x01	; 1
    7324:	93 e4       	ldi	r25, 0x43	; 67
    7326:	6c e6       	ldi	r22, 0x6C	; 108
    7328:	40 e1       	ldi	r20, 0x10	; 16
    732a:	46 df       	rcall	.-372    	; 0x71b8 <spiWriteReg>
    732c:	81 e0       	ldi	r24, 0x01	; 1
        while(spiReadReg(REG_S3_CR, S3_R_CB)) {
    732e:	93 e4       	ldi	r25, 0x43	; 67
    7330:	68 e6       	ldi	r22, 0x68	; 104
    7332:	76 df       	rcall	.-276    	; 0x7220 <spiReadReg>
    7334:	88 23       	and	r24, r24
    7336:	d1 f7       	brne	.-12     	; 0x732c <sockInit+0x10>
    7338:	82 e0       	ldi	r24, 0x02	; 2
    733a:	93 e4       	ldi	r25, 0x43	; 67
        	//wait for command to complete	
        }  
        
	do {
                // Write interrupt
		spiWriteReg(REG_S3_IR, S3_W_CB, 0xFF);
    733c:	6c e6       	ldi	r22, 0x6C	; 108
    733e:	4f ef       	ldi	r20, 0xFF	; 255
    7340:	3b df       	rcall	.-394    	; 0x71b8 <spiWriteReg>
    7342:	80 e0       	ldi	r24, 0x00	; 0
    7344:	93 e4       	ldi	r25, 0x43	; 67
    7346:	6c e6       	ldi	r22, 0x6C	; 108
                // Write mode
                spiWriteReg(REG_S3_MR, S3_W_CB, MR_UDP);
    7348:	42 e0       	ldi	r20, 0x02	; 2
    734a:	36 df       	rcall	.-404    	; 0x71b8 <spiWriteReg>
    734c:	84 e0       	ldi	r24, 0x04	; 4
    734e:	93 e4       	ldi	r25, 0x43	; 67
    7350:	6c e6       	ldi	r22, 0x6C	; 108
    7352:	ae 01       	movw	r20, r28
                // Write TFTP Port
		spiWriteWord(REG_S3_PORT0, S3_W_CB, port);
    7354:	4f df       	rcall	.-354    	; 0x71f4 <spiWriteWord>
    7356:	81 e0       	ldi	r24, 0x01	; 1
    7358:	93 e4       	ldi	r25, 0x43	; 67
    735a:	6c e6       	ldi	r22, 0x6C	; 108
    735c:	41 e0       	ldi	r20, 0x01	; 1
    735e:	2c df       	rcall	.-424    	; 0x71b8 <spiWriteReg>
		// Open Socket
        	spiWriteReg(REG_S3_CR, S3_W_CB, CR_OPEN);
    7360:	81 e0       	ldi	r24, 0x01	; 1
    7362:	93 e4       	ldi	r25, 0x43	; 67
    7364:	68 e6       	ldi	r22, 0x68	; 104
    7366:	5c df       	rcall	.-328    	; 0x7220 <spiReadReg>
    7368:	88 23       	and	r24, r24
    736a:	d1 f7       	brne	.-12     	; 0x7360 <sockInit+0x44>
        	while(spiReadReg(REG_S3_CR, S3_R_CB)) {
    736c:	83 e0       	ldi	r24, 0x03	; 3
    736e:	93 e4       	ldi	r25, 0x43	; 67
    7370:	68 e6       	ldi	r22, 0x68	; 104
    7372:	56 df       	rcall	.-340    	; 0x7220 <spiReadReg>
    7374:	82 32       	cpi	r24, 0x22	; 34
    7376:	29 f0       	breq	.+10     	; 0x7382 <sockInit+0x66>
    7378:	81 e0       	ldi	r24, 0x01	; 1
        		//wait for command to complete	
 		} 
		// Read Status
		if(spiReadReg(REG_S3_SR, S3_R_CB) != SOCK_UDP)
    737a:	93 e4       	ldi	r25, 0x43	; 67
    737c:	6c e6       	ldi	r22, 0x6C	; 108
    737e:	40 e1       	ldi	r20, 0x10	; 16
    7380:	1b df       	rcall	.-458    	; 0x71b8 <spiWriteReg>
    7382:	83 e0       	ldi	r24, 0x03	; 3
    7384:	93 e4       	ldi	r25, 0x43	; 67
    7386:	68 e6       	ldi	r22, 0x68	; 104
			// Close Socket if it wasn't initialized correctly
			spiWriteReg(REG_S3_CR, S3_W_CB, CR_CLOSE);
    7388:	4b df       	rcall	.-362    	; 0x7220 <spiReadReg>
    738a:	82 32       	cpi	r24, 0x22	; 34
    738c:	a9 f6       	brne	.-86     	; 0x7338 <sockInit+0x1c>
    738e:	df 91       	pop	r29
    7390:	cf 91       	pop	r28
    7392:	08 95       	ret

00007394 <processPacket>:


		// If socket correctly opened continue
	} while(spiReadReg(REG_S3_SR, S3_R_CB) != SOCK_UDP);
    7394:	bf 92       	push	r11
    7396:	cf 92       	push	r12
    7398:	df 92       	push	r13
    739a:	ef 92       	push	r14
    739c:	ff 92       	push	r15
    739e:	0f 93       	push	r16
    73a0:	1f 93       	push	r17
}
    73a2:	cf 93       	push	r28
    73a4:	df 93       	push	r29
    73a6:	cd b7       	in	r28, 0x3d	; 61
#if (DEBUG_TFTP > 0)
static uint8_t processPacket(uint16_t packetSize)
#else
static uint8_t processPacket(void)
#endif
{
    73a8:	de b7       	in	r29, 0x3e	; 62
    73aa:	cc 50       	subi	r28, 0x0C	; 12
    73ac:	d2 40       	sbci	r29, 0x02	; 2
    73ae:	de bf       	out	0x3e, r29	; 62
    73b0:	cd bf       	out	0x3d, r28	; 61
    73b2:	88 e2       	ldi	r24, 0x28	; 40
    73b4:	93 e4       	ldi	r25, 0x43	; 67
    73b6:	68 e6       	ldi	r22, 0x68	; 104
    73b8:	51 df       	rcall	.-350    	; 0x725c <spiReadWord>
    73ba:	ac 01       	movw	r20, r24
    73bc:	00 97       	sbiw	r24, 0x00	; 0
    73be:	11 f4       	brne	.+4      	; 0x73c4 <processPacket+0x30>
    73c0:	40 e0       	ldi	r20, 0x00	; 0
    73c2:	58 ed       	ldi	r21, 0xD8	; 216
    73c4:	ad e0       	ldi	r26, 0x0D	; 13

		DBG_BTN(button();)
	)

	// Read data from chip to buffer
	readPointer = spiReadWord(REG_S3_RX_RD0, S3_R_CB);
    73c6:	ca 2e       	mov	r12, r26
    73c8:	a2 e0       	ldi	r26, 0x02	; 2
    73ca:	da 2e       	mov	r13, r26
    73cc:	cc 0e       	add	r12, r28
    73ce:	dd 1e       	adc	r13, r29
    73d0:	7e 01       	movw	r14, r28

	if(readPointer == 0) readPointer = 0x0000;

#else

	if(readPointer == 0) readPointer += S3_RX_START;
    73d2:	08 94       	sec
    73d4:	e1 1c       	adc	r14, r1
    73d6:	f1 1c       	adc	r15, r1
    73d8:	10 c0       	rjmp	.+32     	; 0x73fa <processPacket+0x66>


#if (DEBUG_TFTP > 0)
static uint8_t processPacket(uint16_t packetSize)
#else
static uint8_t processPacket(void)
    73da:	8a 01       	movw	r16, r20
    73dc:	0f 5f       	subi	r16, 0xFF	; 255
    73de:	1f 4f       	sbci	r17, 0xFF	; 255
    73e0:	ca 01       	movw	r24, r20
    73e2:	60 e0       	ldi	r22, 0x00	; 0
    73e4:	1d df       	rcall	.-454    	; 0x7220 <spiReadReg>
    73e6:	f7 01       	movw	r30, r14
    73e8:	81 93       	st	Z+, r24
    73ea:	7f 01       	movw	r14, r30
    73ec:	f0 ee       	ldi	r31, 0xE0	; 224
    73ee:	00 30       	cpi	r16, 0x00	; 0
		*bufPtr++ = spiReadReg(readPointer++, S3_RXBUF_CB);

		if(readPointer == 0xFFFF) readPointer = 0x0000; //changed 0c0800 to 0xFFFF, fixes a 4th packet retransmit bug. upload speed changed from 500sec to 90sec for 100kb program
#else

		*bufPtr++ = spiReadReg(readPointer++, 0);
    73f0:	1f 07       	cpc	r17, r31
    73f2:	11 f4       	brne	.+4      	; 0x73f8 <processPacket+0x64>
    73f4:	00 e0       	ldi	r16, 0x00	; 0
    73f6:	18 ed       	ldi	r17, 0xD8	; 216
    73f8:	a8 01       	movw	r20, r16
    73fa:	ec 14       	cp	r14, r12
    73fc:	fd 04       	cpc	r15, r13
    73fe:	69 f7       	brne	.-38     	; 0x73da <processPacket+0x46>
    7400:	88 e2       	ldi	r24, 0x28	; 40
    7402:	93 e4       	ldi	r25, 0x43	; 67

		if(readPointer == S3_RX_END) readPointer = S3_RX_START;
    7404:	6c e6       	ldi	r22, 0x6C	; 108
    7406:	f6 de       	rcall	.-532    	; 0x71f4 <spiWriteWord>
    7408:	81 e0       	ldi	r24, 0x01	; 1
    740a:	93 e4       	ldi	r25, 0x43	; 67
    740c:	6c e6       	ldi	r22, 0x6C	; 108
    740e:	40 e4       	ldi	r20, 0x40	; 64


#if (DEBUG_TFTP > 0)
static uint8_t processPacket(uint16_t packetSize)
#else
static uint8_t processPacket(void)
    7410:	d3 de       	rcall	.-602    	; 0x71b8 <spiWriteReg>

	if(readPointer == 0) readPointer += S3_RX_START;

#endif

	for(count = TFTP_PACKET_MAX_SIZE; count--;) {
    7412:	81 e0       	ldi	r24, 0x01	; 1
    7414:	93 e4       	ldi	r25, 0x43	; 67
    7416:	68 e6       	ldi	r22, 0x68	; 104

#endif

	}

	spiWriteWord(REG_S3_RX_RD0, S3_W_CB, readPointer);     // Write back new pointer
    7418:	03 df       	rcall	.-506    	; 0x7220 <spiReadReg>
    741a:	88 23       	and	r24, r24
    741c:	d1 f7       	brne	.-12     	; 0x7412 <processPacket+0x7e>
    741e:	8e 01       	movw	r16, r28
    7420:	0f 5f       	subi	r16, 0xFF	; 255
	spiWriteReg(REG_S3_CR, S3_W_CB, CR_RECV);
    7422:	1f 4f       	sbci	r17, 0xFF	; 255
    7424:	fc e0       	ldi	r31, 0x0C	; 12
    7426:	ef 2e       	mov	r14, r31
    7428:	f3 e4       	ldi	r31, 0x43	; 67
    742a:	ff 2e       	mov	r15, r31
    742c:	f8 01       	movw	r30, r16

	while(spiReadReg(REG_S3_CR, S3_R_CB));
    742e:	41 91       	ld	r20, Z+
    7430:	8f 01       	movw	r16, r30
    7432:	c7 01       	movw	r24, r14
    7434:	6c e6       	ldi	r22, 0x6C	; 108
    7436:	c0 de       	rcall	.-640    	; 0x71b8 <spiWriteReg>
    7438:	08 94       	sec
    743a:	e1 1c       	adc	r14, r1
    743c:	f1 1c       	adc	r15, r1
    743e:	f2 e1       	ldi	r31, 0x12	; 18
    7440:	ef 16       	cp	r14, r31
    7442:	f3 e4       	ldi	r31, 0x43	; 67
    7444:	ff 06       	cpc	r15, r31
    7446:	91 f7       	brne	.-28     	; 0x742c <processPacket+0x98>
    7448:	ef 80       	ldd	r14, Y+7	; 0x07
	)

	// Set up return IP address and port
	uint8_t i;

	for(i = 0; i < 6; i++) spiWriteReg(REG_S3_DIPR0 + i, S3_W_CB, buffer[i]);
    744a:	ff 24       	eor	r15, r15
    744c:	fe 2c       	mov	r15, r14
    744e:	ee 24       	eor	r14, r14
    7450:	88 85       	ldd	r24, Y+8	; 0x08
    7452:	e8 0e       	add	r14, r24
    7454:	f1 1c       	adc	r15, r1
    7456:	89 85       	ldd	r24, Y+9	; 0x09
    7458:	90 e0       	ldi	r25, 0x00	; 0
    745a:	98 2f       	mov	r25, r24
    745c:	88 27       	eor	r24, r24
    745e:	2a 85       	ldd	r18, Y+10	; 0x0a
    7460:	82 0f       	add	r24, r18
    7462:	91 1d       	adc	r25, r1
    7464:	0b 85       	ldd	r16, Y+11	; 0x0b
    7466:	10 e0       	ldi	r17, 0x00	; 0

	DBG_TFTP(tracePGMlnTftp(mDebugTftp_RADDR);)

	// Parse packet
	uint16_t tftpDataLen = (buffer[6] << 8) + buffer[7];
    7468:	10 2f       	mov	r17, r16
    746a:	00 27       	eor	r16, r16
    746c:	2c 85       	ldd	r18, Y+12	; 0x0c
    746e:	02 0f       	add	r16, r18
    7470:	11 1d       	adc	r17, r1
    7472:	83 30       	cpi	r24, 0x03	; 3
    7474:	91 05       	cpc	r25, r1
	uint16_t tftpOpcode  = (buffer[8] << 8) + buffer[9];
    7476:	89 f4       	brne	.+34     	; 0x749a <processPacket+0x106>
    7478:	09 33       	cpi	r16, 0x39	; 57
    747a:	11 05       	cpc	r17, r1
    747c:	60 f4       	brcc	.+24     	; 0x7496 <processPacket+0x102>
    747e:	20 91 20 01 	lds	r18, 0x0120
    7482:	30 91 21 01 	lds	r19, 0x0121
	uint16_t tftpBlock   = (buffer[10] << 8) + buffer[11];
    7486:	02 17       	cp	r16, r18
    7488:	13 07       	cpc	r17, r19
    748a:	28 f0       	brcs	.+10     	; 0x7496 <processPacket+0x102>
    748c:	2f 5f       	subi	r18, 0xFF	; 255
    748e:	3f 4f       	sbci	r19, 0xFF	; 255
    7490:	20 17       	cp	r18, r16
		tracenum(tftpOpcode);
		tracePGM(mDebugTftp_DLEN);
		tracenum(tftpDataLen - (TFTP_OPCODE_SIZE + TFTP_BLOCKNO_SIZE));
	)

	if((tftpOpcode == TFTP_OPCODE_DATA)
    7492:	31 07       	cpc	r19, r17
    7494:	10 f4       	brcc	.+4      	; 0x749a <processPacket+0x106>
    7496:	80 e0       	ldi	r24, 0x00	; 0
		&& ((tftpBlock > MAX_ADDR / 0x200) || (tftpBlock < highPacket) || (tftpBlock > highPacket + 1)))
    7498:	90 e0       	ldi	r25, 0x00	; 0
    749a:	25 e0       	ldi	r18, 0x05	; 5
    749c:	e2 16       	cp	r14, r18
    749e:	22 e0       	ldi	r18, 0x02	; 2
    74a0:	f2 06       	cpc	r15, r18
    74a2:	08 f0       	brcs	.+2      	; 0x74a6 <processPacket+0x112>
    74a4:	9d c0       	rjmp	.+314    	; 0x75e0 <processPacket+0x24c>
    74a6:	83 30       	cpi	r24, 0x03	; 3
    74a8:	91 05       	cpc	r25, r1
    74aa:	29 f1       	breq	.+74     	; 0x74f6 <processPacket+0x162>
    74ac:	84 30       	cpi	r24, 0x04	; 4
    74ae:	91 05       	cpc	r25, r1
    74b0:	48 f4       	brcc	.+18     	; 0x74c4 <processPacket+0x130>
    74b2:	81 30       	cpi	r24, 0x01	; 1
    74b4:	91 05       	cpc	r25, r1
		tftpOpcode = TFTP_OPCODE_UKN;
    74b6:	09 f4       	brne	.+2      	; 0x74ba <processPacket+0x126>
    74b8:	9a c0       	rjmp	.+308    	; 0x75ee <processPacket+0x25a>

	if(tftpDataLen > (0x200 + TFTP_OPCODE_SIZE + TFTP_BLOCKNO_SIZE))
    74ba:	82 30       	cpi	r24, 0x02	; 2
    74bc:	91 05       	cpc	r25, r1
    74be:	09 f0       	breq	.+2      	; 0x74c2 <processPacket+0x12e>
    74c0:	8f c0       	rjmp	.+286    	; 0x75e0 <processPacket+0x24c>
    74c2:	05 c0       	rjmp	.+10     	; 0x74ce <processPacket+0x13a>
    74c4:	86 30       	cpi	r24, 0x06	; 6

	uint8_t returnCode = ERROR_UNKNOWN;
	uint16_t packetLength;


	switch(tftpOpcode) {
    74c6:	91 05       	cpc	r25, r1
    74c8:	08 f0       	brcs	.+2      	; 0x74cc <processPacket+0x138>
    74ca:	8a c0       	rjmp	.+276    	; 0x75e0 <processPacket+0x24c>
    74cc:	90 c0       	rjmp	.+288    	; 0x75ee <processPacket+0x25a>
    74ce:	f0 d1       	rcall	.+992    	; 0x78b0 <resetTick>
    74d0:	82 e0       	ldi	r24, 0x02	; 2
    74d2:	90 e0       	ldi	r25, 0x00	; 0
    74d4:	6f ef       	ldi	r22, 0xFF	; 255
    74d6:	1e d2       	rcall	.+1084   	; 0x7914 <__eewr_byte_m328p>
    74d8:	80 91 28 01 	lds	r24, 0x0128
    74dc:	90 91 29 01 	lds	r25, 0x0129
    74e0:	1d df       	rcall	.-454    	; 0x731c <sockInit>
    74e2:	10 92 21 01 	sts	0x0121, r1
    74e6:	10 92 20 01 	sts	0x0120, r1
    74ea:	10 92 23 01 	sts	0x0123, r1
			DBG_TFTP(tracePGMlnTftp(mDebugTftp_OPRRQ);)
			break;

		case TFTP_OPCODE_WRQ: // Write request
			// Valid WRQ -> reset timer
			resetTick();
    74ee:	10 92 22 01 	sts	0x0122, r1

			DBG_TFTP(tracePGMlnTftp(mDebugTftp_OPWRQ);)

			// Flagging image as invalid since the flashing process has started
			eeprom_write_byte(EEPROM_IMG_STAT, EEPROM_IMG_BAD_VALUE);
    74f2:	02 e0       	ldi	r16, 0x02	; 2
    74f4:	81 c0       	rjmp	.+258    	; 0x75f8 <processPacket+0x264>
    74f6:	dc d1       	rcall	.+952    	; 0x78b0 <resetTick>
    74f8:	4c ef       	ldi	r20, 0xFC	; 252
    74fa:	c4 2e       	mov	r12, r20

#if defined(RANDOM_TFTP_DATA_PORT)
			sockInit((buffer[4] << 8) | ~buffer[5]); // Generate a 'random' TID (RFC1350)
#else
			sockInit(tftpTransferPort);
    74fc:	4f ef       	ldi	r20, 0xFF	; 255
    74fe:	d4 2e       	mov	r13, r20
    7500:	ce 0c       	add	r12, r14
    7502:	df 1c       	adc	r13, r15
    7504:	10 93 23 01 	sts	0x0123, r17
#else
				tracenum(tftpTransferPort);
#endif
			)

			lastPacket = highPacket = 0;
    7508:	00 93 22 01 	sts	0x0122, r16
    750c:	78 01       	movw	r14, r16
    750e:	08 94       	sec
    7510:	e1 08       	sbc	r14, r1
    7512:	f1 08       	sbc	r15, r1
    7514:	fe 2c       	mov	r15, r14
    7516:	ee 24       	eor	r14, r14
			returnCode = ACK; // Send back acknowledge for packet 0
    7518:	ff 0c       	add	r15, r15
			break;
    751a:	c7 01       	movw	r24, r14

		case TFTP_OPCODE_DATA:
			// Valid Data Packet -> reset timer
			resetTick();
    751c:	8c 0d       	add	r24, r12
    751e:	9d 1d       	adc	r25, r13

			DBG_TFTP(tracePGMlnTftp(mDebugTftp_OPDATA);)

			packetLength = tftpDataLen - (TFTP_OPCODE_SIZE + TFTP_BLOCKNO_SIZE);
    7520:	e0 e7       	ldi	r30, 0x70	; 112
    7522:	81 30       	cpi	r24, 0x01	; 1
    7524:	9e 07       	cpc	r25, r30
    7526:	08 f0       	brcs	.+2      	; 0x752a <processPacket+0x196>
    7528:	64 c0       	rjmp	.+200    	; 0x75f2 <processPacket+0x25e>
    752a:	f0 e0       	ldi	r31, 0x00	; 0
			lastPacket = tftpBlock;
    752c:	cf 16       	cp	r12, r31
    752e:	f2 e0       	ldi	r31, 0x02	; 2
    7530:	df 06       	cpc	r13, r31
    7532:	10 f4       	brcc	.+4      	; 0x7538 <processPacket+0x1a4>
#if defined(RAMPZ)
			writeAddr = (((address_t)((tftpBlock - 1)/0x80) << 16) | ((address_t)((tftpBlock - 1)%0x80) << 9));
#else
			writeAddr = (address_t)((address_t)(tftpBlock - 1) << 9); // Flash write address for this block
    7534:	04 e0       	ldi	r16, 0x04	; 4
    7536:	05 c0       	rjmp	.+10     	; 0x7542 <processPacket+0x1ae>
    7538:	02 e0       	ldi	r16, 0x02	; 2
    753a:	03 c0       	rjmp	.+6      	; 0x7542 <processPacket+0x1ae>
    753c:	08 94       	sec
    753e:	c1 1c       	adc	r12, r1
    7540:	d1 1c       	adc	r13, r1
#endif

			if((writeAddr + packetLength) > MAX_ADDR) {
    7542:	c6 01       	movw	r24, r12
    7544:	8f 77       	andi	r24, 0x7F	; 127
    7546:	90 70       	andi	r25, 0x00	; 0
    7548:	00 97       	sbiw	r24, 0x00	; 0
    754a:	c1 f7       	brne	.-16     	; 0x753c <processPacket+0x1a8>
    754c:	e1 14       	cp	r14, r1
    754e:	f1 04       	cpc	r15, r1
    7550:	31 f4       	brne	.+12     	; 0x755e <processPacket+0x1ca>
				uint8_t* pageBase = buffer + (UDP_HEADER_SIZE + TFTP_OPCODE_SIZE + TFTP_BLOCKNO_SIZE); // Start of block data
				uint16_t offset = 0; // Block offset


				// Set the return code before packetLength gets rounded up
				if(packetLength < TFTP_DATA_SIZE) returnCode = FINAL_ACK;
    7552:	ce 01       	movw	r24, r28
    7554:	0d 96       	adiw	r24, 0x0d	; 13
    7556:	48 d1       	rcall	.+656    	; 0x77e8 <validImage>
    7558:	88 23       	and	r24, r24
    755a:	09 f4       	brne	.+2      	; 0x755e <processPacket+0x1ca>
    755c:	4c c0       	rjmp	.+152    	; 0x75f6 <processPacket+0x262>
    755e:	de 01       	movw	r26, r28
				else returnCode = ACK;
    7560:	1e 96       	adiw	r26, 0x0e	; 14
    7562:	40 e0       	ldi	r20, 0x00	; 0

				// Round up packet length to a full flash sector size
				while(packetLength % SPM_PAGESIZE) packetLength++;
    7564:	50 e0       	ldi	r21, 0x00	; 0
    7566:	61 e0       	ldi	r22, 0x01	; 1
    7568:	73 e0       	ldi	r23, 0x03	; 3
    756a:	15 e0       	ldi	r17, 0x05	; 5
    756c:	31 e1       	ldi	r19, 0x11	; 17
    756e:	b3 2e       	mov	r11, r19
    7570:	2d c0       	rjmp	.+90     	; 0x75cc <processPacket+0x238>
    7572:	8c 91       	ld	r24, X
				DBG_TFTP(
					tracePGMlnTftp(mDebugTftp_PLEN);
					tracenum(packetLength);
				)

				if(writeAddr == 0) {
    7574:	90 e0       	ldi	r25, 0x00	; 0
    7576:	38 2f       	mov	r19, r24
    7578:	22 27       	eor	r18, r18
					// First sector - validate
					if(!validImage(pageBase)) {
    757a:	fd 01       	movw	r30, r26
    757c:	31 97       	sbiw	r30, 0x01	; 1
    757e:	80 81       	ld	r24, Z
    7580:	90 e0       	ldi	r25, 0x00	; 0
    7582:	28 2b       	or	r18, r24
    7584:	39 2b       	or	r19, r25
    7586:	f7 01       	movw	r30, r14
    7588:	09 01       	movw	r0, r18
    758a:	60 93 57 00 	sts	0x0057, r22
					}
				}

				// Flash packets
				uint16_t writeValue;
				for(offset = 0; offset < packetLength;) {
    758e:	e8 95       	spm
					writeValue = (pageBase[offset]) | (pageBase[offset + 1] << 8);
					boot_page_fill(writeAddr + offset, writeValue);
    7590:	11 24       	eor	r1, r1
					)

					offset += 2;

					if(offset % SPM_PAGESIZE == 0) {
						boot_page_erase(writeAddr + offset - SPM_PAGESIZE);
    7592:	4e 5f       	subi	r20, 0xFE	; 254
						boot_spm_busy_wait();
						boot_page_write(writeAddr + offset - SPM_PAGESIZE);
    7594:	5f 4f       	sbci	r21, 0xFF	; 255
						boot_spm_busy_wait();
#if defined(RWWSRE)
						// Reenable read access to flash
						boot_rww_enable();
    7596:	ca 01       	movw	r24, r20
    7598:	8f 77       	andi	r24, 0x7F	; 127
					}
				}

				// Flash packets
				uint16_t writeValue;
				for(offset = 0; offset < packetLength;) {
    759a:	90 70       	andi	r25, 0x00	; 0
					writeValue = (pageBase[offset]) | (pageBase[offset + 1] << 8);
    759c:	00 97       	sbiw	r24, 0x00	; 0
    759e:	89 f4       	brne	.+34     	; 0x75c2 <processPacket+0x22e>
    75a0:	ee 57       	subi	r30, 0x7E	; 126
    75a2:	f0 40       	sbci	r31, 0x00	; 0


#if (DEBUG_TFTP > 0)
static uint8_t processPacket(uint16_t packetSize)
#else
static uint8_t processPacket(void)
    75a4:	70 93 57 00 	sts	0x0057, r23
				}

				// Flash packets
				uint16_t writeValue;
				for(offset = 0; offset < packetLength;) {
					writeValue = (pageBase[offset]) | (pageBase[offset + 1] << 8);
    75a8:	e8 95       	spm
    75aa:	07 b6       	in	r0, 0x37	; 55
    75ac:	00 fc       	sbrc	r0, 0
    75ae:	fd cf       	rjmp	.-6      	; 0x75aa <processPacket+0x216>
					boot_page_fill(writeAddr + offset, writeValue);
    75b0:	10 93 57 00 	sts	0x0057, r17
    75b4:	e8 95       	spm
    75b6:	07 b6       	in	r0, 0x37	; 55
    75b8:	00 fc       	sbrc	r0, 0
    75ba:	fd cf       	rjmp	.-6      	; 0x75b6 <processPacket+0x222>
							tracePGM(mDebugTftp_OFFSET);
							tracenum(writeAddr + offset);
						}
					)

					offset += 2;
    75bc:	b0 92 57 00 	sts	0x0057, r11

					if(offset % SPM_PAGESIZE == 0) {
    75c0:	e8 95       	spm
    75c2:	12 96       	adiw	r26, 0x02	; 2
    75c4:	82 e0       	ldi	r24, 0x02	; 2
    75c6:	90 e0       	ldi	r25, 0x00	; 0
    75c8:	e8 0e       	add	r14, r24
						boot_page_erase(writeAddr + offset - SPM_PAGESIZE);
    75ca:	f9 1e       	adc	r15, r25
    75cc:	4c 15       	cp	r20, r12
    75ce:	5d 05       	cpc	r21, r13
    75d0:	80 f2       	brcs	.-96     	; 0x7572 <processPacket+0x1de>
    75d2:	04 30       	cpi	r16, 0x04	; 4
						boot_spm_busy_wait();
    75d4:	89 f4       	brne	.+34     	; 0x75f8 <processPacket+0x264>
    75d6:	82 e0       	ldi	r24, 0x02	; 2
    75d8:	90 e0       	ldi	r25, 0x00	; 0
						boot_page_write(writeAddr + offset - SPM_PAGESIZE);
    75da:	6e ee       	ldi	r22, 0xEE	; 238
    75dc:	9b d1       	rcall	.+822    	; 0x7914 <__eewr_byte_m328p>
    75de:	0c c0       	rjmp	.+24     	; 0x75f8 <processPacket+0x264>
						boot_spm_busy_wait();
    75e0:	80 91 28 01 	lds	r24, 0x0128
    75e4:	90 91 29 01 	lds	r25, 0x0129
#if defined(RWWSRE)
						// Reenable read access to flash
						boot_rww_enable();
    75e8:	99 de       	rcall	.-718    	; 0x731c <sockInit>
    75ea:	01 e0       	ldi	r16, 0x01	; 1
    75ec:	05 c0       	rjmp	.+10     	; 0x75f8 <processPacket+0x264>
    75ee:	00 e0       	ldi	r16, 0x00	; 0
    75f0:	03 c0       	rjmp	.+6      	; 0x75f8 <processPacket+0x264>
    75f2:	03 e0       	ldi	r16, 0x03	; 3
    75f4:	01 c0       	rjmp	.+2      	; 0x75f8 <processPacket+0x264>
					}
				}

				// Flash packets
				uint16_t writeValue;
				for(offset = 0; offset < packetLength;) {
    75f6:	05 e0       	ldi	r16, 0x05	; 5
    75f8:	80 2f       	mov	r24, r16
    75fa:	c4 5f       	subi	r28, 0xF4	; 244
						boot_rww_enable();
#endif
					}
				}

				if(returnCode == FINAL_ACK) {
    75fc:	dd 4f       	sbci	r29, 0xFD	; 253
    75fe:	de bf       	out	0x3e, r29	; 62
					// Hand over to application

					DBG_TFTP(tracePGMlnTftp(mDebugTftp_DONE);)

					// Flag the image as valid since we received the last packet
					eeprom_write_byte(EEPROM_IMG_STAT, EEPROM_IMG_OK_VALUE);
    7600:	cd bf       	out	0x3d, r28	; 61
    7602:	df 91       	pop	r29
    7604:	cf 91       	pop	r28
    7606:	1f 91       	pop	r17
    7608:	0f 91       	pop	r16
    760a:	ff 90       	pop	r15
			)

#if defined(RANDOM_TFTP_DATA_PORT)
			sockInit((buffer[4] << 8) | ~buffer[5]); // Generate a 'random' TID (RFC1350)
#else
			sockInit(tftpTransferPort);
    760c:	ef 90       	pop	r14
    760e:	df 90       	pop	r13
    7610:	cf 90       	pop	r12
    7612:	bf 90       	pop	r11
    7614:	08 95       	ret

00007616 <tftpInit>:
    7616:	cf 93       	push	r28
			 * It can be done by reinitializig the tftpd or
			 * by resetting the device. I should find out which is best...
			 * Right now it is being done by resetting the timer if we have a
			 * data packet. */
			// Invalid - return error
			returnCode = ERROR_INVALID;
    7618:	85 e4       	ldi	r24, 0x45	; 69
			break;
    761a:	90 e0       	ldi	r25, 0x00	; 0
		tftpOpcode = TFTP_OPCODE_UKN;

	if(tftpDataLen > (0x200 + TFTP_OPCODE_SIZE + TFTP_BLOCKNO_SIZE))
		tftpOpcode = TFTP_OPCODE_UKN;

	uint8_t returnCode = ERROR_UNKNOWN;
    761c:	7f de       	rcall	.-770    	; 0x731c <sockInit>
    761e:	87 e1       	ldi	r24, 0x17	; 23
				// Flash is full - abort with an error before a bootloader overwrite occurs
				// Application is now corrupt, so do not hand over.

				DBG_TFTP(tracePGMlnTftp(mDebugTftp_FULL);)

				returnCode = ERROR_FULL;
    7620:	90 e0       	ldi	r25, 0x00	; 0
    7622:	70 d1       	rcall	.+736    	; 0x7904 <__eerd_byte_m328p>

#if defined(__AVR_ATmega328__) || defined(__AVR_ATmega328P__)
						/* FIXME: Validity checks. Small programms (under 512 bytes?) don't
						 * have the the JMP sections and that is why app.bin was failing.
						 * When flashing big binaries is fixed, uncomment the break below.*/
						returnCode = INVALID_IMAGE;
    7624:	8b 3b       	cpi	r24, 0xBB	; 187
			break;

	}

	return(returnCode);
}
    7626:	91 f4       	brne	.+36     	; 0x764c <tftpInit+0x36>
    7628:	89 e1       	ldi	r24, 0x19	; 25
    762a:	90 e0       	ldi	r25, 0x00	; 0
    762c:	6b d1       	rcall	.+726    	; 0x7904 <__eerd_byte_m328p>
    762e:	c8 2f       	mov	r28, r24
    7630:	88 e1       	ldi	r24, 0x18	; 24
    7632:	90 e0       	ldi	r25, 0x00	; 0
    7634:	67 d1       	rcall	.+718    	; 0x7904 <__eerd_byte_m328p>
    7636:	2c 2f       	mov	r18, r28
    7638:	30 e0       	ldi	r19, 0x00	; 0
    763a:	32 2f       	mov	r19, r18
    763c:	22 27       	eor	r18, r18
    763e:	28 0f       	add	r18, r24
    7640:	31 1d       	adc	r19, r1
    7642:	30 93 29 01 	sts	0x0129, r19
 * Initializes the network controller
 */
void tftpInit(void)
{
	// Open socket
	sockInit(TFTP_PORT);
    7646:	20 93 28 01 	sts	0x0128, r18
    764a:	06 c0       	rjmp	.+12     	; 0x7658 <tftpInit+0x42>
    764c:	89 e7       	ldi	r24, 0x79	; 121

#if defined(RANDOM_TFTP_DATA_PORT)
#else
	if(eeprom_read_byte(EEPROM_SIG_3) == EEPROM_SIG_3_VALUE)
    764e:	97 eb       	ldi	r25, 0xB7	; 183
    7650:	90 93 29 01 	sts	0x0129, r25
    7654:	80 93 28 01 	sts	0x0128, r24
    7658:	cf 91       	pop	r28
		tftpTransferPort = ((eeprom_read_byte(EEPROM_PORT + 1) << 8) + eeprom_read_byte(EEPROM_PORT));
    765a:	08 95       	ret

0000765c <tftpPoll>:
    765c:	af 92       	push	r10
    765e:	bf 92       	push	r11
    7660:	cf 92       	push	r12
    7662:	df 92       	push	r13
    7664:	ff 92       	push	r15
    7666:	0f 93       	push	r16
    7668:	1f 93       	push	r17
    766a:	cf 93       	push	r28
    766c:	df 93       	push	r29
    766e:	cd b7       	in	r28, 0x3d	; 61
    7670:	de b7       	in	r29, 0x3e	; 62
    7672:	c5 56       	subi	r28, 0x65	; 101
    7674:	d0 40       	sbci	r29, 0x00	; 0
    7676:	de bf       	out	0x3e, r29	; 62
    7678:	cd bf       	out	0x3d, r28	; 61
    767a:	86 e2       	ldi	r24, 0x26	; 38
    767c:	93 e4       	ldi	r25, 0x43	; 67
    767e:	68 e6       	ldi	r22, 0x68	; 104
    7680:	ed dd       	rcall	.-1062   	; 0x725c <spiReadWord>
	else
		tftpTransferPort = TFTP_DATA_PORT;
    7682:	00 97       	sbiw	r24, 0x00	; 0
    7684:	09 f4       	brne	.+2      	; 0x7688 <tftpPoll+0x2c>
    7686:	a1 c0       	rjmp	.+322    	; 0x77ca <tftpPoll+0x16e>
    7688:	81 e0       	ldi	r24, 0x01	; 1
    768a:	80 93 2b 01 	sts	0x012B, r24
#else
		tracePGMlnTftp(mDebugTftp_PORT);
		tracenum(tftpTransferPort);
#endif
	)
}
    768e:	0e c0       	rjmp	.+28     	; 0x76ac <tftpPoll+0x50>
    7690:	82 e0       	ldi	r24, 0x02	; 2

/**
 * Looks for a connection
 */
uint8_t tftpPoll(void)
{
    7692:	93 e4       	ldi	r25, 0x43	; 67
    7694:	6c e6       	ldi	r22, 0x6C	; 108
    7696:	44 e0       	ldi	r20, 0x04	; 4
    7698:	8f dd       	rcall	.-1250   	; 0x71b8 <spiWriteReg>
    769a:	8f ef       	ldi	r24, 0xFF	; 255
    769c:	97 e8       	ldi	r25, 0x87	; 135
    769e:	a3 e1       	ldi	r26, 0x13	; 19
    76a0:	81 50       	subi	r24, 0x01	; 1
    76a2:	90 40       	sbci	r25, 0x00	; 0
    76a4:	a0 40       	sbci	r26, 0x00	; 0
    76a6:	e1 f7       	brne	.-8      	; 0x76a0 <tftpPoll+0x44>
    76a8:	00 c0       	rjmp	.+0      	; 0x76aa <tftpPoll+0x4e>
    76aa:	00 00       	nop
    76ac:	82 e0       	ldi	r24, 0x02	; 2
    76ae:	93 e4       	ldi	r25, 0x43	; 67
	uint8_t response = ACK;
	// Get the size of the recieved data
	uint16_t packetSize = spiReadWord(REG_S3_RX_RSR0, S3_R_CB);
    76b0:	68 e6       	ldi	r22, 0x68	; 104
    76b2:	b6 dd       	rcall	.-1172   	; 0x7220 <spiReadReg>
    76b4:	82 fd       	sbrc	r24, 2
    76b6:	ec cf       	rjmp	.-40     	; 0x7690 <tftpPoll+0x34>
    76b8:	6d de       	rcall	.-806    	; 0x7394 <processPacket>
// 			_delay_ms(400);
// 			packetSize = spiReadWord(REG_S3_RX_RSR0);
// 		}
// 	} while (packetSize != incSize);

	if(packetSize) {
    76ba:	f8 2e       	mov	r15, r24
    76bc:	84 e2       	ldi	r24, 0x24	; 36
    76be:	93 e4       	ldi	r25, 0x43	; 67
		tftpFlashing = TRUE;
    76c0:	60 e0       	ldi	r22, 0x00	; 0
    76c2:	cc dd       	rcall	.-1128   	; 0x725c <spiReadWord>
    76c4:	c1 2c       	mov	r12, r1

		while((spiReadReg(REG_S3_IR, S3_R_CB) & IR_RECV)) {
    76c6:	08 e9       	ldi	r16, 0x98	; 152
			spiWriteReg(REG_S3_IR, S3_W_CB, IR_RECV);
    76c8:	d0 2e       	mov	r13, r16
    76ca:	c8 0e       	add	r12, r24
    76cc:	d9 1e       	adc	r13, r25
    76ce:	92 e0       	ldi	r25, 0x02	; 2
    76d0:	f9 16       	cp	r15, r25
    76d2:	59 f1       	breq	.+86     	; 0x772a <tftpPoll+0xce>
    76d4:	9f 15       	cp	r25, r15
    76d6:	20 f0       	brcs	.+8      	; 0x76e0 <tftpPoll+0x84>
    76d8:	a1 e0       	ldi	r26, 0x01	; 1
    76da:	fa 16       	cp	r15, r26
    76dc:	39 f4       	brne	.+14     	; 0x76ec <tftpPoll+0x90>
    76de:	13 c0       	rjmp	.+38     	; 0x7706 <tftpPoll+0xaa>
    76e0:	b3 e0       	ldi	r27, 0x03	; 3
    76e2:	fb 16       	cp	r15, r27
    76e4:	c9 f0       	breq	.+50     	; 0x7718 <tftpPoll+0xbc>
// 	} while (packetSize != incSize);

	if(packetSize) {
		tftpFlashing = TRUE;

		while((spiReadReg(REG_S3_IR, S3_R_CB) & IR_RECV)) {
    76e6:	e4 e0       	ldi	r30, 0x04	; 4
    76e8:	fe 16       	cp	r15, r30
    76ea:	71 f1       	breq	.+92     	; 0x7748 <tftpPoll+0xec>
    76ec:	ce 01       	movw	r24, r28
    76ee:	01 96       	adiw	r24, 0x01	; 1
    76f0:	60 e8       	ldi	r22, 0x80	; 128
    76f2:	70 e7       	ldi	r23, 0x70	; 112
		// Process Packet and get TFTP response code
#if (DEBUG_TFTP > 0)
		packetSize = spiReadWord(REG_S3_RX_RSR0, S3_R_CB);
		response = processPacket(packetSize);
#else
		response = processPacket();
    76f4:	4a e0       	ldi	r20, 0x0A	; 10
    76f6:	50 e0       	ldi	r21, 0x00	; 0
    76f8:	fc d0       	rcall	.+504    	; 0x78f2 <memcpy_P>
	uint16_t writePointer;
	
#if (W5500 > 0)
	writePointer = spiReadWord(REG_S3_TX_WR0, S3_R_CB);
#else
	writePointer = spiReadWord(REG_S3_TX_WR0, 0) + S3_TX_START;
    76fa:	2a e0       	ldi	r18, 0x0A	; 10
    76fc:	5e 01       	movw	r10, r28
    76fe:	08 94       	sec
    7700:	a1 1c       	adc	r10, r1
    7702:	b1 1c       	adc	r11, r1
    7704:	2c c0       	rjmp	.+88     	; 0x775e <tftpPoll+0x102>
    7706:	ce 01       	movw	r24, r28
    7708:	01 96       	adiw	r24, 0x01	; 1
    770a:	65 e9       	ldi	r22, 0x95	; 149
    770c:	70 e7       	ldi	r23, 0x70	; 112
#endif


	switch(response) {
    770e:	4c e0       	ldi	r20, 0x0C	; 12
    7710:	50 e0       	ldi	r21, 0x00	; 0
    7712:	ef d0       	rcall	.+478    	; 0x78f2 <memcpy_P>
    7714:	2c e0       	ldi	r18, 0x0C	; 12
    7716:	f2 cf       	rjmp	.-28     	; 0x76fc <tftpPoll+0xa0>
    7718:	ce 01       	movw	r24, r28
    771a:	01 96       	adiw	r24, 0x01	; 1
    771c:	6b e8       	ldi	r22, 0x8B	; 139
    771e:	70 e7       	ldi	r23, 0x70	; 112
    7720:	49 e0       	ldi	r20, 0x09	; 9
    7722:	50 e0       	ldi	r21, 0x00	; 0
    7724:	e6 d0       	rcall	.+460    	; 0x78f2 <memcpy_P>
    7726:	29 e0       	ldi	r18, 0x09	; 9
    7728:	e9 cf       	rjmp	.-46     	; 0x76fc <tftpPoll+0xa0>
    772a:	80 91 22 01 	lds	r24, 0x0122
			// Send unknown error packet
			packetLength = TFTP_UNKNOWN_ERROR_LEN;
#if (FLASHEND > 0x10000)
			memcpy_PF(txBuffer, PROGMEM_OFFSET + (uint32_t)(uint16_t)tftp_unknown_error_packet, packetLength);
#else
			memcpy_P(txBuffer, tftp_unknown_error_packet, packetLength);
    772e:	90 91 23 01 	lds	r25, 0x0123
    7732:	20 91 20 01 	lds	r18, 0x0120
    7736:	30 91 21 01 	lds	r19, 0x0121
    773a:	28 17       	cp	r18, r24
	switch(response) {
		default:

		case ERROR_UNKNOWN:
			// Send unknown error packet
			packetLength = TFTP_UNKNOWN_ERROR_LEN;
    773c:	39 07       	cpc	r19, r25
			DBG_TFTP(
				if(response == FINAL_ACK)
					tracePGMlnTftp(mDebugTftp_SFACK);
			)

			packetLength = 4;
    773e:	20 f4       	brcc	.+8      	; 0x7748 <tftpPoll+0xec>
    7740:	90 93 21 01 	sts	0x0121, r25
    7744:	80 93 20 01 	sts	0x0120, r24
			// Send invalid opcode packet
			packetLength = TFTP_OPCODE_ERROR_LEN;
#if (FLASHEND > 0x10000)
			memcpy_PF(txBuffer, PROGMEM_OFFSET + (uint32_t)(uint16_t)tftp_opcode_error_packet, packetLength);
#else
			memcpy_P(txBuffer, tftp_opcode_error_packet, packetLength);
    7748:	19 82       	std	Y+1, r1	; 0x01
    774a:	84 e0       	ldi	r24, 0x04	; 4
    774c:	8a 83       	std	Y+2, r24	; 0x02
    774e:	80 91 22 01 	lds	r24, 0x0122
    7752:	90 91 23 01 	lds	r25, 0x0123
    7756:	9b 83       	std	Y+3, r25	; 0x03
#endif
			break;

		case ERROR_INVALID:
			// Send invalid opcode packet
			packetLength = TFTP_OPCODE_ERROR_LEN;
    7758:	8c 83       	std	Y+4, r24	; 0x04
    775a:	24 e0       	ldi	r18, 0x04	; 4
			// Send unknown error packet
			packetLength = TFTP_FULL_ERROR_LEN;
#if (FLASHEND > 0x10000)
			memcpy_PF(txBuffer, PROGMEM_OFFSET + (uint32_t)(uint16_t)tftp_full_error_packet, packetLength);
#else
			memcpy_P(txBuffer, tftp_full_error_packet, packetLength);
    775c:	cf cf       	rjmp	.-98     	; 0x76fc <tftpPoll+0xa0>
    775e:	86 01       	movw	r16, r12
    7760:	0f 5f       	subi	r16, 0xFF	; 255
    7762:	1f 4f       	sbci	r17, 0xFF	; 255
    7764:	d5 01       	movw	r26, r10
    7766:	4d 91       	ld	r20, X+
    7768:	5d 01       	movw	r10, r26
    776a:	c6 01       	movw	r24, r12
#endif
			break;

		case ERROR_FULL:
			// Send unknown error packet
			packetLength = TFTP_FULL_ERROR_LEN;
    776c:	64 e7       	ldi	r22, 0x74	; 116
    776e:	a6 96       	adiw	r28, 0x26	; 38
			memcpy_P(txBuffer, tftp_full_error_packet, packetLength);
#endif
			break;

		case ACK:
			if(lastPacket > highPacket) highPacket = lastPacket;
    7770:	2f af       	sts	0x7f, r18
    7772:	a6 97       	sbiw	r28, 0x26	; 38
    7774:	21 dd       	rcall	.-1470   	; 0x71b8 <spiWriteReg>
    7776:	a6 96       	adiw	r28, 0x26	; 38
    7778:	2f ad       	sts	0x6f, r18
    777a:	a6 97       	sbiw	r28, 0x26	; 38
    777c:	b0 ea       	ldi	r27, 0xA0	; 160
    777e:	00 30       	cpi	r16, 0x00	; 0
    7780:	1b 07       	cpc	r17, r27
    7782:	11 f0       	breq	.+4      	; 0x7788 <tftpPoll+0x12c>
    7784:	68 01       	movw	r12, r16
    7786:	03 c0       	rjmp	.+6      	; 0x778e <tftpPoll+0x132>
    7788:	c1 2c       	mov	r12, r1
    778a:	18 e9       	ldi	r17, 0x98	; 152
    778c:	d1 2e       	mov	r13, r17
				if(response == FINAL_ACK)
					tracePGMlnTftp(mDebugTftp_SFACK);
			)

			packetLength = 4;
			*txPtr++ = TFTP_OPCODE_ACK >> 8;
    778e:	21 50       	subi	r18, 0x01	; 1
			*txPtr++ = TFTP_OPCODE_ACK & 0xff;
    7790:	31 f7       	brne	.-52     	; 0x775e <tftpPoll+0x102>
    7792:	a6 01       	movw	r20, r12
			// lastPacket is block code
			*txPtr++ = lastPacket >> 8;
    7794:	40 50       	subi	r20, 0x00	; 0
    7796:	58 49       	sbci	r21, 0x98	; 152
    7798:	84 e2       	ldi	r24, 0x24	; 36
    779a:	93 e4       	ldi	r25, 0x43	; 67
    779c:	6c e6       	ldi	r22, 0x6C	; 108
			*txPtr = lastPacket & 0xff;
    779e:	2a dd       	rcall	.-1452   	; 0x71f4 <spiWriteWord>
			DBG_TFTP(
				if(response == FINAL_ACK)
					tracePGMlnTftp(mDebugTftp_SFACK);
			)

			packetLength = 4;
    77a0:	81 e0       	ldi	r24, 0x01	; 1
    77a2:	93 e4       	ldi	r25, 0x43	; 67
	}

	txPtr = txBuffer;

	while(packetLength--) {
		spiWriteReg(writePointer++, S3_TXBUF_CB, *txPtr++);
    77a4:	6c e6       	ldi	r22, 0x6C	; 108
    77a6:	40 e2       	ldi	r20, 0x20	; 32
    77a8:	07 dd       	rcall	.-1522   	; 0x71b8 <spiWriteReg>
    77aa:	81 e0       	ldi	r24, 0x01	; 1
    77ac:	93 e4       	ldi	r25, 0x43	; 67
    77ae:	68 e6       	ldi	r22, 0x68	; 104
    77b0:	37 dd       	rcall	.-1426   	; 0x7220 <spiReadReg>
    77b2:	88 23       	and	r24, r24
    77b4:	d1 f7       	brne	.-12     	; 0x77aa <tftpPoll+0x14e>
    77b6:	e4 e0       	ldi	r30, 0x04	; 4
    77b8:	fe 16       	cp	r15, r30
    77ba:	39 f4       	brne	.+14     	; 0x77ca <tftpPoll+0x16e>
    77bc:	81 e0       	ldi	r24, 0x01	; 1
		if(writePointer == 0xFFFF) writePointer = 0x0000;  //changed 0c0800 to 0xFFFF, fixes a 4th packet retransmit bug. upload speed changed from 500sec to 90sec for 100kb program
	}

	spiWriteWord(REG_S3_TX_WR0, S3_W_CB, writePointer);
#else
		if(writePointer == S3_TX_END) writePointer = S3_TX_START;
    77be:	93 e4       	ldi	r25, 0x43	; 67
    77c0:	6c e6       	ldi	r22, 0x6C	; 108
    77c2:	40 e1       	ldi	r20, 0x10	; 16
    77c4:	f9 dc       	rcall	.-1550   	; 0x71b8 <spiWriteReg>
    77c6:	80 e0       	ldi	r24, 0x00	; 0
    77c8:	01 c0       	rjmp	.+2      	; 0x77cc <tftpPoll+0x170>
    77ca:	81 e0       	ldi	r24, 0x01	; 1
    77cc:	cb 59       	subi	r28, 0x9B	; 155
    77ce:	df 4f       	sbci	r29, 0xFF	; 255
    77d0:	de bf       	out	0x3e, r29	; 62
    77d2:	cd bf       	out	0x3d, r28	; 61
    77d4:	df 91       	pop	r29
    77d6:	cf 91       	pop	r28
			break;
	}

	txPtr = txBuffer;

	while(packetLength--) {
    77d8:	1f 91       	pop	r17
	spiWriteWord(REG_S3_TX_WR0, S3_W_CB, writePointer);
#else
		if(writePointer == S3_TX_END) writePointer = S3_TX_START;
	}

	spiWriteWord(REG_S3_TX_WR0, S3_W_CB, writePointer - S3_TX_START);
    77da:	0f 91       	pop	r16
    77dc:	ff 90       	pop	r15
    77de:	df 90       	pop	r13
    77e0:	cf 90       	pop	r12
    77e2:	bf 90       	pop	r11
    77e4:	af 90       	pop	r10
    77e6:	08 95       	ret

000077e8 <validImage>:
#include "serial.h"
#include "debug.h"
#include "debug_vald.h"

uint8_t validImage(uint8_t* base)
{
    77e8:	fc 01       	movw	r30, r24
	/* Check that a jump table is present in the first flash sector */
	uint8_t i;
	for(i = 0; i < 0x34; i += 4) {
    77ea:	80 e0       	ldi	r24, 0x00	; 0

		// For each vector, check it is of the form:
		// 0x0C 0x94 0xWX 0xYZ  ; JMP 0xWXYZ
		if(base[i] != 0x0c) {
    77ec:	90 81       	ld	r25, Z
    77ee:	9c 30       	cpi	r25, 0x0C	; 12
    77f0:	49 f4       	brne	.+18     	; 0x7804 <validImage+0x1c>
				tracePGM(mDebugVald_0x0C);
			)
			return(0);
		}
		
		if(base[i + 1] != 0x94) {
    77f2:	91 81       	ldd	r25, Z+1	; 0x01
    77f4:	94 39       	cpi	r25, 0x94	; 148
    77f6:	41 f4       	brne	.+16     	; 0x7808 <validImage+0x20>

uint8_t validImage(uint8_t* base)
{
	/* Check that a jump table is present in the first flash sector */
	uint8_t i;
	for(i = 0; i < 0x34; i += 4) {
    77f8:	8c 5f       	subi	r24, 0xFC	; 252
    77fa:	34 96       	adiw	r30, 0x04	; 4
    77fc:	84 33       	cpi	r24, 0x34	; 52
    77fe:	b1 f7       	brne	.-20     	; 0x77ec <validImage+0x4>
		}
	}

	DBG_VALD(tracePGMlnVald(mDebugVald_VALID);)

	return(1);
    7800:	81 e0       	ldi	r24, 0x01	; 1
    7802:	08 95       	ret
				tracenum(i);
				tracePGM(mDebugVald_WITH);
				tracenum(base[i]);
				tracePGM(mDebugVald_0x0C);
			)
			return(0);
    7804:	80 e0       	ldi	r24, 0x00	; 0
    7806:	08 95       	ret
				tracenum(i + 1);
				tracePGM(mDebugVald_WITH);
				tracenum(base[i + 1]);
				tracePGM(mDebugVald_0x94);
			)
			return(0);
    7808:	80 e0       	ldi	r24, 0x00	; 0
	}

	DBG_VALD(tracePGMlnVald(mDebugVald_VALID);)

	return(1);
}
    780a:	08 95       	ret

0000780c <serialInit>:


void serialInit(void)
{
	// Double speed mode USART0
	UART_STATUS_REG		= _BV(UART_DOUBLE_SPEED);
    780c:	82 e0       	ldi	r24, 0x02	; 2
    780e:	80 93 c0 00 	sts	0x00C0, r24
	// Enable receiver and transiter on USART0
	UART_CONTROL_REG	= _BV(UART_ENABLE_RECEIVER) | _BV(UART_ENABLE_TRANSMITTER);
    7812:	88 e1       	ldi	r24, 0x18	; 24
    7814:	80 93 c1 00 	sts	0x00C1, r24
	// Set 8bit character length on USART0
	UART_MODE_REG		= _BV(UART_CHAR_SIZE_LOW) | _BV(UART_CHAR_SIZE_MID);
    7818:	86 e0       	ldi	r24, 0x06	; 6
    781a:	80 93 c2 00 	sts	0x00C2, r24
	// Set USART0 baud rate
	UART_BAUD_RATE_LOW	= (uint8_t)((F_CPU + BAUD_RATE * 4L) / (BAUD_RATE * 8L) - 1);
    781e:	80 e1       	ldi	r24, 0x10	; 16
    7820:	80 93 c4 00 	sts	0x00C4, r24

#if (DEBUG > 0)
	DDRD = 0x92;
#endif

}
    7824:	08 95       	ret

00007826 <putch>:


void putch(uint8_t c)
{
	while(!(UART_STATUS_REG & _BV(UART_DATA_REG_EMPTY)));
    7826:	90 91 c0 00 	lds	r25, 0x00C0
    782a:	95 ff       	sbrs	r25, 5
    782c:	fc cf       	rjmp	.-8      	; 0x7826 <putch>
	UART_DATA_REG = c;
    782e:	80 93 c6 00 	sts	0x00C6, r24
}
    7832:	08 95       	ret

00007834 <puthex>:


void puthex(uint8_t c)
{
	c &= 0xf;
    7834:	8f 70       	andi	r24, 0x0F	; 15
	if(c > 9) c += 7;
    7836:	8a 30       	cpi	r24, 0x0A	; 10
    7838:	08 f0       	brcs	.+2      	; 0x783c <puthex+0x8>
    783a:	89 5f       	subi	r24, 0xF9	; 249
	//while(!(UART_STATUS_REG & _BV(UART_DATA_REG_EMPTY)));
	//UART_DATA_REG = c + '0';
	putch(c + '0');
    783c:	80 5d       	subi	r24, 0xD0	; 208
    783e:	f3 cf       	rjmp	.-26     	; 0x7826 <putch>

00007840 <getch>:
    7840:	80 91 c0 00 	lds	r24, 0x00C0

uint8_t getch(void)
{
	//uint8_t ch;

	while(!(UART_STATUS_REG & _BV(UART_RECEIVE_COMPLETE)));
    7844:	87 ff       	sbrs	r24, 7
    7846:	fc cf       	rjmp	.-8      	; 0x7840 <getch>
    7848:	80 91 c0 00 	lds	r24, 0x00C0
	if(!(UART_STATUS_REG & _BV(UART_FRAME_ERROR))) {
    784c:	84 fd       	sbrc	r24, 4
    784e:	01 c0       	rjmp	.+2      	; 0x7852 <getch+0x12>
    7850:	a8 95       	wdr
    7852:	80 91 c6 00 	lds	r24, 0x00C6
	}

	//ch = UART_DATA_REG;
	//return ch;

	return(UART_DATA_REG);
    7856:	08 95       	ret

00007858 <serialPoll>:
    7858:	80 91 c0 00 	lds	r24, 0x00C0
}


uint8_t serialPoll(void)
{
	if(UART_STATUS_REG & _BV(UART_RECEIVE_COMPLETE)) {
    785c:	87 ff       	sbrs	r24, 7
    785e:	04 c0       	rjmp	.+8      	; 0x7868 <serialPoll+0x10>
    7860:	27 d0       	rcall	.+78     	; 0x78b0 <resetTick>
    7862:	81 e0       	ldi	r24, 0x01	; 1
		resetTick();
    7864:	80 93 2a 01 	sts	0x012A, r24
		serialFlashing = TRUE;
    7868:	81 e0       	ldi	r24, 0x01	; 1
    786a:	08 95       	ret

0000786c <updateLed>:
static uint16_t last_timer_1;
static uint16_t tick = 0;

void updateLed(void)
{
	uint16_t next_timer_1 = TCNT1;
    786c:	80 91 84 00 	lds	r24, 0x0084
    7870:	90 91 85 00 	lds	r25, 0x0085

	if(next_timer_1 & 0x400) LED_PORT ^= _BV(LED); // Led pin high
    7874:	92 ff       	sbrs	r25, 2
    7876:	05 c0       	rjmp	.+10     	; 0x7882 <updateLed+0x16>
    7878:	25 b1       	in	r18, 0x05	; 5
    787a:	30 e2       	ldi	r19, 0x20	; 32
    787c:	23 27       	eor	r18, r19
    787e:	25 b9       	out	0x05, r18	; 5
    7880:	01 c0       	rjmp	.+2      	; 0x7884 <updateLed+0x18>
	else LED_PORT &= ~_BV(LED); // Led pin low
    7882:	2d 98       	cbi	0x05, 5	; 5

	if(next_timer_1 < last_timer_1) {
    7884:	20 91 24 01 	lds	r18, 0x0124
    7888:	30 91 25 01 	lds	r19, 0x0125
    788c:	82 17       	cp	r24, r18
    788e:	93 07       	cpc	r25, r19
    7890:	50 f4       	brcc	.+20     	; 0x78a6 <updateLed+0x3a>
		tick++;
    7892:	20 91 26 01 	lds	r18, 0x0126
    7896:	30 91 27 01 	lds	r19, 0x0127
    789a:	2f 5f       	subi	r18, 0xFF	; 255
    789c:	3f 4f       	sbci	r19, 0xFF	; 255
    789e:	30 93 27 01 	sts	0x0127, r19
    78a2:	20 93 26 01 	sts	0x0126, r18
		    tracePGMlnUtil(mDebugUtil_LAST);
		    tracenum(last_timer_1);
		)
	}

	last_timer_1 = next_timer_1;
    78a6:	90 93 25 01 	sts	0x0125, r25
    78aa:	80 93 24 01 	sts	0x0124, r24
}
    78ae:	08 95       	ret

000078b0 <resetTick>:
#endif
#endif

void resetTick(void)
{
	TCNT1 = 0;
    78b0:	10 92 85 00 	sts	0x0085, r1
    78b4:	10 92 84 00 	sts	0x0084, r1
	tick = 0;
    78b8:	10 92 27 01 	sts	0x0127, r1
    78bc:	10 92 26 01 	sts	0x0126, r1
}
    78c0:	08 95       	ret

000078c2 <timedOut>:
{
	// Never timeout if there is no code in Flash
#if (FLASHEND > 0x10000)
	if(pgm_read_word_far(0x0000) == 0xFFFF) return(0);
#else
	if(pgm_read_word_near(0x0000) == 0xFFFF) return(0);
    78c2:	e0 e0       	ldi	r30, 0x00	; 0
    78c4:	f0 e0       	ldi	r31, 0x00	; 0
    78c6:	85 91       	lpm	r24, Z+
    78c8:	94 91       	lpm	r25, Z
    78ca:	2f ef       	ldi	r18, 0xFF	; 255
    78cc:	8f 3f       	cpi	r24, 0xFF	; 255
    78ce:	92 07       	cpc	r25, r18
    78d0:	51 f0       	breq	.+20     	; 0x78e6 <timedOut+0x24>
    78d2:	81 e0       	ldi	r24, 0x01	; 1
    78d4:	20 91 26 01 	lds	r18, 0x0126
    78d8:	30 91 27 01 	lds	r19, 0x0127
    78dc:	25 30       	cpi	r18, 0x05	; 5
    78de:	31 05       	cpc	r19, r1
    78e0:	18 f4       	brcc	.+6      	; 0x78e8 <timedOut+0x26>
    78e2:	80 e0       	ldi	r24, 0x00	; 0
    78e4:	08 95       	ret
    78e6:	80 e0       	ldi	r24, 0x00	; 0
#endif

	if(tick > TIMEOUT) return(1);
	else return(0);
}
    78e8:	08 95       	ret

000078ea <appStart>:
void appStart(void) {
	__asm__ __volatile__ (
    78ea:	ee 27       	eor	r30, r30
    78ec:	ff 27       	eor	r31, r31
    78ee:	09 94       	ijmp
		"clr	r30		\n\t"
		"clr	r31		\n\t"
		"ijmp	\n\t"
	);
}
    78f0:	08 95       	ret

000078f2 <memcpy_P>:
    78f2:	fb 01       	movw	r30, r22
    78f4:	dc 01       	movw	r26, r24
    78f6:	02 c0       	rjmp	.+4      	; 0x78fc <memcpy_P+0xa>
    78f8:	05 90       	lpm	r0, Z+
    78fa:	0d 92       	st	X+, r0
    78fc:	41 50       	subi	r20, 0x01	; 1
    78fe:	50 40       	sbci	r21, 0x00	; 0
    7900:	d8 f7       	brcc	.-10     	; 0x78f8 <memcpy_P+0x6>
    7902:	08 95       	ret

00007904 <__eerd_byte_m328p>:
    7904:	f9 99       	sbic	0x1f, 1	; 31
    7906:	fe cf       	rjmp	.-4      	; 0x7904 <__eerd_byte_m328p>
    7908:	92 bd       	out	0x22, r25	; 34
    790a:	81 bd       	out	0x21, r24	; 33
    790c:	f8 9a       	sbi	0x1f, 0	; 31
    790e:	99 27       	eor	r25, r25
    7910:	80 b5       	in	r24, 0x20	; 32
    7912:	08 95       	ret

00007914 <__eewr_byte_m328p>:
    7914:	26 2f       	mov	r18, r22

00007916 <__eewr_r18_m328p>:
    7916:	f9 99       	sbic	0x1f, 1	; 31
    7918:	fe cf       	rjmp	.-4      	; 0x7916 <__eewr_r18_m328p>
    791a:	1f ba       	out	0x1f, r1	; 31
    791c:	92 bd       	out	0x22, r25	; 34
    791e:	81 bd       	out	0x21, r24	; 33
    7920:	20 bd       	out	0x20, r18	; 32
    7922:	0f b6       	in	r0, 0x3f	; 63
    7924:	f8 94       	cli
    7926:	fa 9a       	sbi	0x1f, 2	; 31
    7928:	f9 9a       	sbi	0x1f, 1	; 31
    792a:	0f be       	out	0x3f, r0	; 63
    792c:	01 96       	adiw	r24, 0x01	; 1
    792e:	08 95       	ret

00007930 <_exit>:
    7930:	f8 94       	cli

00007932 <__stop_program>:
    7932:	ff cf       	rjmp	.-2      	; 0x7932 <__stop_program>
